Log file open, 06/25/20 09:39:42
LogInit: Display: Running engine for game: Team3Game
LogPlatformFile: Not using cached read wrapper
LogTaskGraph: Started task graph with 5 named threads and 35 total threads with 3 sets of task threads.
LogStats: Stats thread started at 2.583623
LogD3D11RHI: Loaded GFSDK_Aftermath_Lib.x64.dll
LogICUInternationalization: ICU TimeZone Detection - Raw Offset: +10:00, Platform Override: ''
LogPluginManager: Mounting plugin Paper2D
LogPluginManager: Mounting plugin AISupport
LogPluginManager: Mounting plugin LightPropagationVolume
LogPluginManager: Mounting plugin CameraShakePreviewer
LogPluginManager: Mounting plugin ActorLayerUtilities
LogPluginManager: Mounting plugin AnimationSharing
LogPluginManager: Mounting plugin CLionSourceCodeAccess
LogPluginManager: Mounting plugin CodeLiteSourceCodeAccess
LogPluginManager: Mounting plugin GitSourceControl
LogPluginManager: Mounting plugin KDevelopSourceCodeAccess
LogPluginManager: Mounting plugin NullSourceCodeAccess
LogPluginManager: Mounting plugin PerforceSourceControl
LogPluginManager: Mounting plugin PlasticSourceControl
LogPluginManager: Mounting plugin RiderSourceCodeAccess
LogPluginManager: Mounting plugin SubversionSourceControl
LogPluginManager: Mounting plugin UObjectPlugin
LogPluginManager: Mounting plugin VisualStudioCodeSourceCodeAccess
LogPluginManager: Mounting plugin VisualStudioSourceCodeAccess
LogPluginManager: Mounting plugin XCodeSourceCodeAccess
LogPluginManager: Mounting plugin AssetManagerEditor
LogPluginManager: Mounting plugin CryptoKeys
LogPluginManager: Mounting plugin CurveEditorTools
LogPluginManager: Mounting plugin DataValidation
LogPluginManager: Mounting plugin EditorScriptingUtilities
LogPluginManager: Mounting plugin FacialAnimation
LogPluginManager: Mounting plugin GameplayTagsEditor
LogPluginManager: Mounting plugin GeometryMode
LogPluginManager: Mounting plugin MacGraphicsSwitching
LogPluginManager: Mounting plugin MaterialAnalyzer
LogPluginManager: Mounting plugin MobileLauncherProfileWizard
LogPluginManager: Mounting plugin PluginBrowser
LogPluginManager: Mounting plugin SpeedTreeImporter
LogPluginManager: Mounting plugin DatasmithContent
LogPluginManager: Mounting plugin VariantManagerContent
LogPluginManager: Mounting plugin AlembicImporter
LogPluginManager: Mounting plugin AutomationUtils
LogPluginManager: Mounting plugin BackChannel
LogPluginManager: Mounting plugin ChaosCloth
LogPluginManager: Mounting plugin ChaosClothEditor
LogPluginManager: Mounting plugin ChaosEditor
LogPluginManager: Mounting plugin ChaosNiagara
LogPluginManager: Mounting plugin ChaosSolverPlugin
LogPluginManager: Mounting plugin CharacterAI
LogPluginManager: Mounting plugin GeometryCache
LogPluginManager: Mounting plugin GeometryCollectionPlugin
LogPluginManager: Mounting plugin GeometryProcessing
LogPluginManager: Mounting plugin PlanarCut
LogPluginManager: Mounting plugin PlatformCrypto
LogPluginManager: Mounting plugin ProxyLODPlugin
LogPluginManager: Mounting plugin SkeletalReduction
LogPluginManager: Mounting plugin Niagara
LogPluginManager: Mounting plugin MagicLeap
LogPluginManager: Mounting plugin MagicLeapLightEstimation
LogPluginManager: Mounting plugin MagicLeapMedia
LogPluginManager: Mounting plugin MagicLeapPassableWorld
LogPluginManager: Mounting plugin MLSDK
LogPluginManager: Mounting plugin AndroidMedia
LogPluginManager: Mounting plugin AvfMedia
LogPluginManager: Mounting plugin ImgMedia
LogPluginManager: Mounting plugin MediaCompositing
LogPluginManager: Mounting plugin MediaPlayerEditor
LogPluginManager: Mounting plugin WebMMedia
LogPluginManager: Mounting plugin WmfMedia
LogPluginManager: Mounting plugin MeshPainting
LogPluginManager: Mounting plugin TcpMessaging
LogPluginManager: Mounting plugin UdpMessaging
LogPluginManager: Mounting plugin ActorSequence
LogPluginManager: Mounting plugin LevelSequenceEditor
LogPluginManager: Mounting plugin MatineeToLevelSequence
LogPluginManager: Mounting plugin MovieRenderPipeline
LogPluginManager: Mounting plugin TemplateSequence
LogPluginManager: Mounting plugin NetcodeUnitTest
LogPluginManager: Mounting plugin NUTUnrealEngine4
LogPluginManager: Mounting plugin OnlineSubsystemGooglePlay
LogPluginManager: Mounting plugin OnlineSubsystemIOS
LogPluginManager: Mounting plugin OnlineSubsystem
LogPluginManager: Mounting plugin OnlineSubsystemNull
LogPluginManager: Mounting plugin OnlineSubsystemUtils
LogPluginManager: Mounting plugin LauncherChunkInstaller
LogPluginManager: Mounting plugin AndroidDeviceProfileSelector
LogPluginManager: Mounting plugin AndroidMoviePlayer
LogPluginManager: Mounting plugin AndroidPermission
LogPluginManager: Mounting plugin AppleImageUtils
LogPluginManager: Mounting plugin AppleMoviePlayer
LogPluginManager: Mounting plugin ArchVisCharacter
LogPluginManager: Mounting plugin AssetTags
LogPluginManager: Mounting plugin AudioCapture
LogPluginManager: Mounting plugin CableComponent
LogPluginManager: Mounting plugin CustomMeshComponent
LogPluginManager: Mounting plugin EditableMesh
LogPluginManager: Mounting plugin ExampleDeviceProfileSelector
LogPluginManager: Mounting plugin GoogleCloudMessaging
LogPluginManager: Mounting plugin GooglePAD
LogPluginManager: Mounting plugin IOSDeviceProfileSelector
LogPluginManager: Mounting plugin LinuxDeviceProfileSelector
LogPluginManager: Mounting plugin LocationServicesBPLibrary
LogPluginManager: Mounting plugin MobilePatchingUtils
LogPluginManager: Mounting plugin OculusVR
LogPluginManager: Mounting plugin PhysXVehicles
LogPluginManager: Mounting plugin PostSplashScreen
LogPluginManager: Mounting plugin ProceduralMeshComponent
LogPluginManager: Mounting plugin RuntimePhysXCooking
LogPluginManager: Mounting plugin SignificanceManager
LogPluginManager: Mounting plugin SoundFields
LogPluginManager: Mounting plugin SteamVR
LogPluginManager: Mounting plugin Synthesis
LogPluginManager: Mounting plugin WebMMoviePlayer
LogPluginManager: Mounting plugin WindowsMoviePlayer
LogPluginManager: Mounting plugin ScreenshotTools
LogInit: Using libcurl 7.55.1-DEV
LogInit:  - built for x86_64-pc-win32
LogInit:  - supports SSL with OpenSSL/1.1.1
LogInit:  - supports HTTP deflate (compression) using libz 1.2.8
LogInit:  - other features:
LogInit:      CURL_VERSION_SSL
LogInit:      CURL_VERSION_LIBZ
LogInit:      CURL_VERSION_IPV6
LogInit:      CURL_VERSION_ASYNCHDNS
LogInit:      CURL_VERSION_LARGEFILE
LogInit:      CURL_VERSION_IDN
LogInit:  CurlRequestOptions (configurable via config and command line):
LogInit:  - bVerifyPeer = true  - Libcurl will verify peer certificate
LogInit:  - bUseHttpProxy = false  - Libcurl will NOT use HTTP proxy
LogInit:  - bDontReuseConnections = false  - Libcurl will reuse connections
LogInit:  - MaxHostConnections = 16  - Libcurl will limit the number of connections to a host
LogInit:  - LocalHostAddr = Default
LogInit:  - BufferSize = 65536
LogOnline: OSS: Creating online subsystem instance for: NULL
LogInit: WinSock: version 1.1 (2.2), MaxSocks=32767, MaxUdp=65467
LogOnline: OSS: TryLoadSubsystemAndSetDefault: Loaded subsystem for module [NULL]
LogOculusPluginWrapper: OculusPlugin initialized successfully
LogInit: Build: ++UE4+Release-4.25-CL-13594126
LogInit: Engine Version: 4.25.1-13594126+++UE4+Release-4.25
LogInit: Compatible Engine Version: 4.25.0-13144385+++UE4+Release-4.25
LogInit: Net CL: 13144385
LogInit: OS: Windows 10 (Release 1903) (), CPU: AMD Ryzen 5 3600 6-Core Processor              , GPU: Radeon RX 590 Series
LogInit: Compiled (64-bit): Jun  2 2020 02:10:36
LogInit: Compiled with Visual C++: 19.24.28315.00
LogInit: Build Configuration: Development
LogInit: Branch Name: ++UE4+Release-4.25
LogInit: Command Line: 
LogInit: Base Directory: E:/Program Files/Unreal Engine/UE_4.25/Engine/Binaries/Win64/
LogInit: Allocator: TBB
LogInit: Installed Engine Build: 1
LogDevObjectVersion: Number of dev versions registered: 26
LogDevObjectVersion:   Dev-Blueprints (B0D832E4-1F89-4F0D-ACCF-7EB736FD4AA2): 10
LogDevObjectVersion:   Dev-Build (E1C64328-A22C-4D53-A36C-8E866417BD8C): 0
LogDevObjectVersion:   Dev-Core (375EC13C-06E4-48FB-B500-84F0262A717E): 4
LogDevObjectVersion:   Dev-Editor (E4B068ED-F494-42E9-A231-DA0B2E46BB41): 38
LogDevObjectVersion:   Dev-Framework (CFFC743F-43B0-4480-9391-14DF171D2073): 37
LogDevObjectVersion:   Dev-Mobile (B02B49B5-BB20-44E9-A304-32B752E40360): 2
LogDevObjectVersion:   Dev-Networking (A4E4105C-59A1-49B5-A7C5-40C4547EDFEE): 0
LogDevObjectVersion:   Dev-Online (39C831C9-5AE6-47DC-9A44-9C173E1C8E7C): 0
LogDevObjectVersion:   Dev-Physics (78F01B33-EBEA-4F98-B9B4-84EACCB95AA2): 4
LogDevObjectVersion:   Dev-Platform (6631380F-2D4D-43E0-8009-CF276956A95A): 0
LogDevObjectVersion:   Dev-Rendering (12F88B9F-8875-4AFC-A67C-D90C383ABD29): 43
LogDevObjectVersion:   Dev-Sequencer (7B5AE74C-D270-4C10-A958-57980B212A5A): 12
LogDevObjectVersion:   Dev-VR (D7296918-1DD6-4BDD-9DE2-64A83CC13884): 3
LogDevObjectVersion:   Dev-LoadTimes (C2A15278-BFE7-4AFE-6C17-90FF531DF755): 1
LogDevObjectVersion:   Private-Geometry (6EACA3D4-40EC-4CC1-B786-8BED09428FC5): 3
LogDevObjectVersion:   Dev-AnimPhys (29E575DD-E0A3-4627-9D10-D276232CDCEA): 17
LogDevObjectVersion:   Dev-Anim (AF43A65D-7FD3-4947-9873-3E8ED9C1BB05): 7
LogDevObjectVersion:   Dev-ReflectionCapture (6B266CEC-1EC7-4B8F-A30B-E4D90942FC07): 1
LogDevObjectVersion:   Dev-Automation (0DF73D61-A23F-47EA-B727-89E90C41499A): 1
LogDevObjectVersion:   FortniteMain (601D1886-AC64-4F84-AA16-D3DE0DEAC7D6): 31
LogDevObjectVersion:   Dev-Enterprise (9DFFBCD6-494F-0158-E221-12823C92A888): 10
LogDevObjectVersion:   Dev-Niagara (F2AED0AC-9AFE-416F-8664-AA7FFA26D6FC): 1
LogDevObjectVersion:   Dev-Destruction (174F1F0B-B4C6-45A5-B13F-2EE8D0FB917D): 10
LogDevObjectVersion:   Dev-Physics-Ext (35F94A83-E258-406C-A318-09F59610247C): 37
LogDevObjectVersion:   Dev-PhysicsMaterial-Chaos (B68FC16E-8B1B-42E2-B453-215C058844FE): 1
LogDevObjectVersion:   Dev-CineCamera (B2E18506-4273-CFC2-A54E-F4BB758BBA07): 1
LogInit: Presizing for max 25165824 objects, including 0 objects not considered by GC, pre-allocating 0 bytes for permanent pool.
LogConfig: Applying CVar settings from Section [/Script/Engine.StreamingSettings] File [E:/Studio3_Team3/S3T3/Team3Game/Saved/Config/Windows/Engine.ini]
LogConfig: Setting CVar [[s.MinBulkDataSizeForAsyncLoading:131072]]
LogConfig: Setting CVar [[s.AsyncLoadingThreadEnabled:0]]
LogConfig: Setting CVar [[s.EventDrivenLoaderEnabled:1]]
LogConfig: Setting CVar [[s.WarnIfTimeLimitExceeded:0]]
LogConfig: Setting CVar [[s.TimeLimitExceededMultiplier:1.5]]
LogConfig: Setting CVar [[s.TimeLimitExceededMinTime:0.005]]
LogConfig: Setting CVar [[s.UseBackgroundLevelStreaming:1]]
LogConfig: Setting CVar [[s.PriorityAsyncLoadingExtraTime:15.0]]
LogConfig: Setting CVar [[s.LevelStreamingActorsUpdateTimeLimit:5.0]]
LogConfig: Setting CVar [[s.PriorityLevelStreamingActorsUpdateExtraTime:5.0]]
LogConfig: Setting CVar [[s.LevelStreamingComponentsRegistrationGranularity:10]]
LogConfig: Setting CVar [[s.UnregisterComponentsTimeLimit:1.0]]
LogConfig: Setting CVar [[s.LevelStreamingComponentsUnregistrationGranularity:5]]
LogConfig: Setting CVar [[s.FlushStreamingOnExit:1]]
LogInit: Object subsystem initialized
LogConfig: Setting CVar [[con.DebugEarlyDefault:1]]
LogConfig: Setting CVar [[r.setres:1280x720]]
[2020.06.24-23.39.43:360][  0]LogConfig: Setting CVar [[r.VSync:0]]
[2020.06.24-23.39.43:360][  0]LogConfig: Setting CVar [[r.RHICmdBypass:0]]
[2020.06.24-23.39.43:360][  0]LogConfig: Applying CVar settings from Section [/Script/Engine.RendererSettings] File [E:/Studio3_Team3/S3T3/Team3Game/Saved/Config/Windows/Engine.ini]
[2020.06.24-23.39.43:360][  0]LogConfig: Setting CVar [[r.GPUCrashDebugging:0]]
[2020.06.24-23.39.43:360][  0]LogConfig: Applying CVar settings from Section [/Script/Engine.RendererOverrideSettings] File [E:/Studio3_Team3/S3T3/Team3Game/Saved/Config/Windows/Engine.ini]
[2020.06.24-23.39.43:360][  0]LogConfig: Applying CVar settings from Section [/Script/Engine.StreamingSettings] File [E:/Studio3_Team3/S3T3/Team3Game/Saved/Config/Windows/Engine.ini]
[2020.06.24-23.39.43:360][  0]LogConfig: Setting CVar [[s.MinBulkDataSizeForAsyncLoading:131072]]
[2020.06.24-23.39.43:360][  0]LogConfig: Setting CVar [[s.AsyncLoadingThreadEnabled:0]]
[2020.06.24-23.39.43:360][  0]LogConfig: Setting CVar [[s.EventDrivenLoaderEnabled:1]]
[2020.06.24-23.39.43:360][  0]LogConfig: Setting CVar [[s.WarnIfTimeLimitExceeded:0]]
[2020.06.24-23.39.43:360][  0]LogConfig: Setting CVar [[s.TimeLimitExceededMultiplier:1.5]]
[2020.06.24-23.39.43:360][  0]LogConfig: Setting CVar [[s.TimeLimitExceededMinTime:0.005]]
[2020.06.24-23.39.43:360][  0]LogConfig: Setting CVar [[s.UseBackgroundLevelStreaming:1]]
[2020.06.24-23.39.43:360][  0]LogConfig: Setting CVar [[s.PriorityAsyncLoadingExtraTime:15.0]]
[2020.06.24-23.39.43:360][  0]LogConfig: Setting CVar [[s.LevelStreamingActorsUpdateTimeLimit:5.0]]
[2020.06.24-23.39.43:360][  0]LogConfig: Setting CVar [[s.PriorityLevelStreamingActorsUpdateExtraTime:5.0]]
[2020.06.24-23.39.43:360][  0]LogConfig: Setting CVar [[s.LevelStreamingComponentsRegistrationGranularity:10]]
[2020.06.24-23.39.43:360][  0]LogConfig: Setting CVar [[s.UnregisterComponentsTimeLimit:1.0]]
[2020.06.24-23.39.43:360][  0]LogConfig: Setting CVar [[s.LevelStreamingComponentsUnregistrationGranularity:5]]
[2020.06.24-23.39.43:360][  0]LogConfig: Setting CVar [[s.FlushStreamingOnExit:1]]
[2020.06.24-23.39.43:360][  0]LogConfig: Applying CVar settings from Section [/Script/Engine.GarbageCollectionSettings] File [E:/Studio3_Team3/S3T3/Team3Game/Saved/Config/Windows/Engine.ini]
[2020.06.24-23.39.43:360][  0]LogConfig: Setting CVar [[gc.MaxObjectsNotConsideredByGC:1]]
[2020.06.24-23.39.43:360][  0]LogConfig: Setting CVar [[gc.SizeOfPermanentObjectPool:0]]
[2020.06.24-23.39.43:360][  0]LogConfig: Setting CVar [[gc.FlushStreamingOnGC:0]]
[2020.06.24-23.39.43:360][  0]LogConfig: Setting CVar [[gc.NumRetriesBeforeForcingGC:10]]
[2020.06.24-23.39.43:360][  0]LogConfig: Setting CVar [[gc.AllowParallelGC:1]]
[2020.06.24-23.39.43:361][  0]LogConfig: Setting CVar [[gc.TimeBetweenPurgingPendingKillObjects:61.1]]
[2020.06.24-23.39.43:361][  0]LogConfig: Setting CVar [[gc.MaxObjectsInEditor:25165824]]
[2020.06.24-23.39.43:361][  0]LogConfig: Setting CVar [[gc.IncrementalBeginDestroyEnabled:1]]
[2020.06.24-23.39.43:361][  0]LogConfig: Setting CVar [[gc.CreateGCClusters:1]]
[2020.06.24-23.39.43:361][  0]LogConfig: Setting CVar [[gc.MinGCClusterSize:5]]
[2020.06.24-23.39.43:361][  0]LogConfig: Setting CVar [[gc.ActorClusteringEnabled:0]]
[2020.06.24-23.39.43:361][  0]LogConfig: Setting CVar [[gc.BlueprintClusteringEnabled:0]]
[2020.06.24-23.39.43:361][  0]LogConfig: Setting CVar [[gc.UseDisregardForGCOnDedicatedServers:0]]
[2020.06.24-23.39.43:361][  0]LogConfig: Applying CVar settings from Section [/Script/Engine.NetworkSettings] File [E:/Studio3_Team3/S3T3/Team3Game/Saved/Config/Windows/Engine.ini]
[2020.06.24-23.39.43:361][  0]LogConfig: Applying CVar settings from Section [/Script/UnrealEd.CookerSettings] File [E:/Studio3_Team3/S3T3/Team3Game/Saved/Config/Windows/Engine.ini]
[2020.06.24-23.39.43:370][  0]LogConfig: Applying CVar settings from Section [ViewDistanceQuality@3] File [E:/Studio3_Team3/S3T3/Team3Game/Saved/Config/Windows/Scalability.ini]
[2020.06.24-23.39.43:370][  0]LogConfig: Setting CVar [[r.SkeletalMeshLODBias:0]]
[2020.06.24-23.39.43:370][  0]LogConfig: Setting CVar [[r.ViewDistanceScale:1.0]]
[2020.06.24-23.39.43:370][  0]LogConfig: Applying CVar settings from Section [AntiAliasingQuality@3] File [E:/Studio3_Team3/S3T3/Team3Game/Saved/Config/Windows/Scalability.ini]
[2020.06.24-23.39.43:370][  0]LogConfig: Setting CVar [[r.PostProcessAAQuality:4]]
[2020.06.24-23.39.43:370][  0]LogConfig: Applying CVar settings from Section [ShadowQuality@3] File [E:/Studio3_Team3/S3T3/Team3Game/Saved/Config/Windows/Scalability.ini]
[2020.06.24-23.39.43:370][  0]LogConfig: Setting CVar [[r.LightFunctionQuality:1]]
[2020.06.24-23.39.43:370][  0]LogConfig: Setting CVar [[r.ShadowQuality:5]]
[2020.06.24-23.39.43:370][  0]LogConfig: Setting CVar [[r.Shadow.CSM.MaxCascades:10]]
[2020.06.24-23.39.43:370][  0]LogConfig: Setting CVar [[r.Shadow.MaxResolution:2048]]
[2020.06.24-23.39.43:370][  0]LogConfig: Setting CVar [[r.Shadow.MaxCSMResolution:2048]]
[2020.06.24-23.39.43:370][  0]LogConfig: Setting CVar [[r.Shadow.RadiusThreshold:0.01]]
[2020.06.24-23.39.43:370][  0]LogConfig: Setting CVar [[r.Shadow.DistanceScale:1.0]]
[2020.06.24-23.39.43:370][  0]LogConfig: Setting CVar [[r.Shadow.CSM.TransitionScale:1.0]]
[2020.06.24-23.39.43:370][  0]LogConfig: Setting CVar [[r.Shadow.PreShadowResolutionFactor:1.0]]
[2020.06.24-23.39.43:370][  0]LogConfig: Setting CVar [[r.DistanceFieldShadowing:1]]
[2020.06.24-23.39.43:370][  0]LogConfig: Setting CVar [[r.DistanceFieldAO:1]]
[2020.06.24-23.39.43:370][  0]LogConfig: Setting CVar [[r.AOQuality:2]]
[2020.06.24-23.39.43:370][  0]LogConfig: Setting CVar [[r.VolumetricFog:1]]
[2020.06.24-23.39.43:370][  0]LogConfig: Setting CVar [[r.VolumetricFog.GridPixelSize:8]]
[2020.06.24-23.39.43:370][  0]LogConfig: Setting CVar [[r.VolumetricFog.GridSizeZ:128]]
[2020.06.24-23.39.43:370][  0]LogConfig: Setting CVar [[r.VolumetricFog.HistoryMissSupersampleCount:4]]
[2020.06.24-23.39.43:370][  0]LogConfig: Setting CVar [[r.LightMaxDrawDistanceScale:1]]
[2020.06.24-23.39.43:370][  0]LogConfig: Setting CVar [[r.CapsuleShadows:1]]
[2020.06.24-23.39.43:370][  0]LogConfig: Applying CVar settings from Section [PostProcessQuality@3] File [E:/Studio3_Team3/S3T3/Team3Game/Saved/Config/Windows/Scalability.ini]
[2020.06.24-23.39.43:370][  0]LogConfig: Setting CVar [[r.MotionBlurQuality:4]]
[2020.06.24-23.39.43:370][  0]LogConfig: Setting CVar [[r.AmbientOcclusionMipLevelFactor:0.4]]
[2020.06.24-23.39.43:370][  0]LogConfig: Setting CVar [[r.AmbientOcclusionMaxQuality:100]]
[2020.06.24-23.39.43:370][  0]LogConfig: Setting CVar [[r.AmbientOcclusionLevels:-1]]
[2020.06.24-23.39.43:370][  0]LogConfig: Setting CVar [[r.AmbientOcclusionRadiusScale:1.0]]
[2020.06.24-23.39.43:370][  0]LogConfig: Setting CVar [[r.DepthOfFieldQuality:2]]
[2020.06.24-23.39.43:370][  0]LogConfig: Setting CVar [[r.RenderTargetPoolMin:400]]
[2020.06.24-23.39.43:370][  0]LogConfig: Setting CVar [[r.LensFlareQuality:2]]
[2020.06.24-23.39.43:370][  0]LogConfig: Setting CVar [[r.SceneColorFringeQuality:1]]
[2020.06.24-23.39.43:370][  0]LogConfig: Setting CVar [[r.EyeAdaptationQuality:2]]
[2020.06.24-23.39.43:370][  0]LogConfig: Setting CVar [[r.BloomQuality:5]]
[2020.06.24-23.39.43:370][  0]LogConfig: Setting CVar [[r.FastBlurThreshold:100]]
[2020.06.24-23.39.43:370][  0]LogConfig: Setting CVar [[r.Upscale.Quality:3]]
[2020.06.24-23.39.43:370][  0]LogConfig: Setting CVar [[r.Tonemapper.GrainQuantization:1]]
[2020.06.24-23.39.43:370][  0]LogConfig: Setting CVar [[r.LightShaftQuality:1]]
[2020.06.24-23.39.43:370][  0]LogConfig: Setting CVar [[r.Filter.SizeScale:1]]
[2020.06.24-23.39.43:370][  0]LogConfig: Setting CVar [[r.Tonemapper.Quality:5]]
[2020.06.24-23.39.43:370][  0]LogConfig: Setting CVar [[r.DOF.Gather.AccumulatorQuality:1        ; higher gathering accumulator quality]]
[2020.06.24-23.39.43:370][  0]LogConfig: Setting CVar [[r.DOF.Gather.PostfilterMethod:1          ; Median3x3 postfilering method]]
[2020.06.24-23.39.43:370][  0]LogConfig: Setting CVar [[r.DOF.Gather.EnableBokehSettings:0       ; no bokeh simulation when gathering]]
[2020.06.24-23.39.43:370][  0]LogConfig: Setting CVar [[r.DOF.Gather.RingCount:4                 ; medium number of samples when gathering]]
[2020.06.24-23.39.43:370][  0]LogConfig: Setting CVar [[r.DOF.Scatter.ForegroundCompositing:1    ; additive foreground scattering]]
[2020.06.24-23.39.43:370][  0]LogConfig: Setting CVar [[r.DOF.Scatter.BackgroundCompositing:2    ; additive background scattering]]
[2020.06.24-23.39.43:370][  0]LogConfig: Setting CVar [[r.DOF.Scatter.EnableBokehSettings:1      ; bokeh simulation when scattering]]
[2020.06.24-23.39.43:370][  0]LogConfig: Setting CVar [[r.DOF.Scatter.MaxSpriteRatio:0.1         ; only a maximum of 10% of scattered bokeh]]
[2020.06.24-23.39.43:371][  0]LogConfig: Setting CVar [[r.DOF.Recombine.Quality:1                ; cheap slight out of focus]]
[2020.06.24-23.39.43:371][  0]LogConfig: Setting CVar [[r.DOF.Recombine.EnableBokehSettings:0    ; no bokeh simulation on slight out of focus]]
[2020.06.24-23.39.43:371][  0]LogConfig: Setting CVar [[r.DOF.TemporalAAQuality:1                ; more stable temporal accumulation]]
[2020.06.24-23.39.43:371][  0]LogConfig: Setting CVar [[r.DOF.Kernel.MaxForegroundRadius:0.025]]
[2020.06.24-23.39.43:371][  0]LogConfig: Setting CVar [[r.DOF.Kernel.MaxBackgroundRadius:0.025]]
[2020.06.24-23.39.43:371][  0]LogConfig: Applying CVar settings from Section [TextureQuality@3] File [E:/Studio3_Team3/S3T3/Team3Game/Saved/Config/Windows/Scalability.ini]
[2020.06.24-23.39.43:371][  0]LogConfig: Setting CVar [[r.Streaming.MipBias:0]]
[2020.06.24-23.39.43:371][  0]LogConfig: Setting CVar [[r.Streaming.AmortizeCPUToGPUCopy:0]]
[2020.06.24-23.39.43:371][  0]LogConfig: Setting CVar [[r.Streaming.MaxNumTexturesToStreamPerFrame:0]]
[2020.06.24-23.39.43:371][  0]LogConfig: Setting CVar [[r.Streaming.Boost:1]]
[2020.06.24-23.39.43:371][  0]LogConfig: Setting CVar [[r.MaxAnisotropy:8]]
[2020.06.24-23.39.43:371][  0]LogConfig: Setting CVar [[r.VT.MaxAnisotropy:8]]
[2020.06.24-23.39.43:371][  0]LogConfig: Setting CVar [[r.Streaming.LimitPoolSizeToVRAM:0]]
[2020.06.24-23.39.43:371][  0]LogConfig: Setting CVar [[r.Streaming.PoolSize:1000]]
[2020.06.24-23.39.43:371][  0]LogConfig: Setting CVar [[r.Streaming.MaxEffectiveScreenSize:0]]
[2020.06.24-23.39.43:371][  0]LogConfig: Applying CVar settings from Section [EffectsQuality@3] File [E:/Studio3_Team3/S3T3/Team3Game/Saved/Config/Windows/Scalability.ini]
[2020.06.24-23.39.43:371][  0]LogConfig: Setting CVar [[r.TranslucencyLightingVolumeDim:64]]
[2020.06.24-23.39.43:371][  0]LogConfig: Setting CVar [[r.RefractionQuality:2]]
[2020.06.24-23.39.43:371][  0]LogConfig: Setting CVar [[r.SSR.Quality:3]]
[2020.06.24-23.39.43:371][  0]LogConfig: Setting CVar [[r.SSR.HalfResSceneColor:0]]
[2020.06.24-23.39.43:371][  0]LogConfig: Setting CVar [[r.SceneColorFormat:4]]
[2020.06.24-23.39.43:371][  0]LogConfig: Setting CVar [[r.DetailMode:2]]
[2020.06.24-23.39.43:371][  0]LogConfig: Setting CVar [[r.TranslucencyVolumeBlur:1]]
[2020.06.24-23.39.43:371][  0]LogConfig: Setting CVar [[r.MaterialQualityLevel:1 ; High quality]]
[2020.06.24-23.39.43:371][  0]LogConfig: Setting CVar [[r.SSS.Scale:1]]
[2020.06.24-23.39.43:371][  0]LogConfig: Setting CVar [[r.SSS.SampleSet:2]]
[2020.06.24-23.39.43:371][  0]LogConfig: Setting CVar [[r.SSS.Quality:1]]
[2020.06.24-23.39.43:371][  0]LogConfig: Setting CVar [[r.SSS.HalfRes:0]]
[2020.06.24-23.39.43:371][  0]LogConfig: Setting CVar [[r.SSGI.Quality:3]]
[2020.06.24-23.39.43:371][  0]LogConfig: Setting CVar [[r.EmitterSpawnRateScale:1.0]]
[2020.06.24-23.39.43:371][  0]LogConfig: Setting CVar [[r.ParticleLightQuality:2]]
[2020.06.24-23.39.43:371][  0]LogConfig: Setting CVar [[r.SkyAtmosphere.AerialPerspectiveLUT.FastApplyOnOpaque:1 ; Always have FastSkyLUT 1 in this case to avoid wrong sky]]
[2020.06.24-23.39.43:371][  0]LogConfig: Setting CVar [[r.SkyAtmosphere.AerialPerspectiveLUT.SampleCountPerSlice:1]]
[2020.06.24-23.39.43:371][  0]LogConfig: Setting CVar [[r.SkyAtmosphere.AerialPerspectiveLUT.DepthResolution:16.0]]
[2020.06.24-23.39.43:371][  0]LogConfig: Setting CVar [[r.SkyAtmosphere.FastSkyLUT:1]]
[2020.06.24-23.39.43:371][  0]LogConfig: Setting CVar [[r.SkyAtmosphere.FastSkyLUT.SampleCountMin:4.0]]
[2020.06.24-23.39.43:371][  0]LogConfig: Setting CVar [[r.SkyAtmosphere.FastSkyLUT.SampleCountMax:32.0]]
[2020.06.24-23.39.43:371][  0]LogConfig: Setting CVar [[r.SkyAtmosphere.SampleCountMin:4.0]]
[2020.06.24-23.39.43:371][  0]LogConfig: Setting CVar [[r.SkyAtmosphere.SampleCountMax:32.0]]
[2020.06.24-23.39.43:371][  0]LogConfig: Setting CVar [[r.SkyAtmosphere.TransmittanceLUT.UseSmallFormat:0]]
[2020.06.24-23.39.43:371][  0]LogConfig: Setting CVar [[r.SkyAtmosphere.TransmittanceLUT.SampleCount:10.0]]
[2020.06.24-23.39.43:371][  0]LogConfig: Setting CVar [[r.SkyAtmosphere.MultiScatteringLUT.SampleCount:15.0]]
[2020.06.24-23.39.43:371][  0]LogConfig: Applying CVar settings from Section [FoliageQuality@3] File [E:/Studio3_Team3/S3T3/Team3Game/Saved/Config/Windows/Scalability.ini]
[2020.06.24-23.39.43:371][  0]LogConfig: Setting CVar [[foliage.DensityScale:1.0]]
[2020.06.24-23.39.43:371][  0]LogConfig: Setting CVar [[grass.DensityScale:1.0]]
[2020.06.24-23.39.43:371][  0]LogConfig: Applying CVar settings from Section [ShadingQuality@3] File [E:/Studio3_Team3/S3T3/Team3Game/Saved/Config/Windows/Scalability.ini]
[2020.06.24-23.39.43:371][  0]LogConfig: Setting CVar [[r.HairStrands.SkyLighting.SampleCount:16]]
[2020.06.24-23.39.43:371][  0]LogConfig: Setting CVar [[r.HairStrands.SkyLighting.JitterIntegration:0]]
[2020.06.24-23.39.43:372][  0]LogConfig: Setting CVar [[r.HairStrands.SkyAO.SampleCount:16]]
[2020.06.24-23.39.43:372][  0]LogConfig: Setting CVar [[r.HairStrands.DeepShadow.SuperSampling:0]]
[2020.06.24-23.39.43:372][  0]LogConfig: Setting CVar [[r.HairStrands.VisibilityPPLL:0]]
[2020.06.24-23.39.43:372][  0]LogConfig: Setting CVar [[r.HairStrands.RasterizationScale:0.5]]
[2020.06.24-23.39.43:372][  0]LogConfig: Setting CVar [[r.HairStrands.VelocityRasterizationScale:1]]
[2020.06.24-23.39.43:372][  0]LogInit: Selected Device Profile: [Windows]
[2020.06.24-23.39.43:372][  0]LogInit: Applying CVar settings loaded from the selected device profile: [Windows]
[2020.06.24-23.39.43:372][  0]LogHAL: Display: Platform has ~ 16 GB [17113391104 / 17179869184 / 16], which maps to Larger [LargestMinGB=32, LargerMinGB=12, DefaultMinGB=8, SmallerMinGB=6, SmallestMinGB=0)
[2020.06.24-23.39.43:372][  0]LogInit: Going up to parent DeviceProfile []
[2020.06.24-23.39.43:372][  0]LogConfig: Applying CVar settings from Section [ViewDistanceQuality@3] File [E:/Studio3_Team3/S3T3/Team3Game/Saved/Config/Windows/Scalability.ini]
[2020.06.24-23.39.43:372][  0]LogConfig: Setting CVar [[r.SkeletalMeshLODBias:0]]
[2020.06.24-23.39.43:372][  0]LogConfig: Setting CVar [[r.ViewDistanceScale:1.0]]
[2020.06.24-23.39.43:372][  0]LogConfig: Applying CVar settings from Section [AntiAliasingQuality@3] File [E:/Studio3_Team3/S3T3/Team3Game/Saved/Config/Windows/Scalability.ini]
[2020.06.24-23.39.43:372][  0]LogConfig: Setting CVar [[r.PostProcessAAQuality:4]]
[2020.06.24-23.39.43:372][  0]LogConfig: Applying CVar settings from Section [ShadowQuality@3] File [E:/Studio3_Team3/S3T3/Team3Game/Saved/Config/Windows/Scalability.ini]
[2020.06.24-23.39.43:372][  0]LogConfig: Setting CVar [[r.LightFunctionQuality:1]]
[2020.06.24-23.39.43:372][  0]LogConfig: Setting CVar [[r.ShadowQuality:5]]
[2020.06.24-23.39.43:372][  0]LogConfig: Setting CVar [[r.Shadow.CSM.MaxCascades:10]]
[2020.06.24-23.39.43:372][  0]LogConfig: Setting CVar [[r.Shadow.MaxResolution:2048]]
[2020.06.24-23.39.43:372][  0]LogConfig: Setting CVar [[r.Shadow.MaxCSMResolution:2048]]
[2020.06.24-23.39.43:372][  0]LogConfig: Setting CVar [[r.Shadow.RadiusThreshold:0.01]]
[2020.06.24-23.39.43:372][  0]LogConfig: Setting CVar [[r.Shadow.DistanceScale:1.0]]
[2020.06.24-23.39.43:372][  0]LogConfig: Setting CVar [[r.Shadow.CSM.TransitionScale:1.0]]
[2020.06.24-23.39.43:372][  0]LogConfig: Setting CVar [[r.Shadow.PreShadowResolutionFactor:1.0]]
[2020.06.24-23.39.43:372][  0]LogConfig: Setting CVar [[r.DistanceFieldShadowing:1]]
[2020.06.24-23.39.43:372][  0]LogConfig: Setting CVar [[r.DistanceFieldAO:1]]
[2020.06.24-23.39.43:372][  0]LogConfig: Setting CVar [[r.AOQuality:2]]
[2020.06.24-23.39.43:372][  0]LogConfig: Setting CVar [[r.VolumetricFog:1]]
[2020.06.24-23.39.43:372][  0]LogConfig: Setting CVar [[r.VolumetricFog.GridPixelSize:8]]
[2020.06.24-23.39.43:372][  0]LogConfig: Setting CVar [[r.VolumetricFog.GridSizeZ:128]]
[2020.06.24-23.39.43:372][  0]LogConfig: Setting CVar [[r.VolumetricFog.HistoryMissSupersampleCount:4]]
[2020.06.24-23.39.43:372][  0]LogConfig: Setting CVar [[r.LightMaxDrawDistanceScale:1]]
[2020.06.24-23.39.43:372][  0]LogConfig: Setting CVar [[r.CapsuleShadows:1]]
[2020.06.24-23.39.43:372][  0]LogConfig: Applying CVar settings from Section [PostProcessQuality@3] File [E:/Studio3_Team3/S3T3/Team3Game/Saved/Config/Windows/Scalability.ini]
[2020.06.24-23.39.43:372][  0]LogConfig: Setting CVar [[r.MotionBlurQuality:4]]
[2020.06.24-23.39.43:372][  0]LogConfig: Setting CVar [[r.AmbientOcclusionMipLevelFactor:0.4]]
[2020.06.24-23.39.43:372][  0]LogConfig: Setting CVar [[r.AmbientOcclusionMaxQuality:100]]
[2020.06.24-23.39.43:372][  0]LogConfig: Setting CVar [[r.AmbientOcclusionLevels:-1]]
[2020.06.24-23.39.43:372][  0]LogConfig: Setting CVar [[r.AmbientOcclusionRadiusScale:1.0]]
[2020.06.24-23.39.43:372][  0]LogConfig: Setting CVar [[r.DepthOfFieldQuality:2]]
[2020.06.24-23.39.43:372][  0]LogConfig: Setting CVar [[r.RenderTargetPoolMin:400]]
[2020.06.24-23.39.43:372][  0]LogConfig: Setting CVar [[r.LensFlareQuality:2]]
[2020.06.24-23.39.43:372][  0]LogConfig: Setting CVar [[r.SceneColorFringeQuality:1]]
[2020.06.24-23.39.43:372][  0]LogConfig: Setting CVar [[r.EyeAdaptationQuality:2]]
[2020.06.24-23.39.43:372][  0]LogConfig: Setting CVar [[r.BloomQuality:5]]
[2020.06.24-23.39.43:372][  0]LogConfig: Setting CVar [[r.FastBlurThreshold:100]]
[2020.06.24-23.39.43:372][  0]LogConfig: Setting CVar [[r.Upscale.Quality:3]]
[2020.06.24-23.39.43:373][  0]LogConfig: Setting CVar [[r.Tonemapper.GrainQuantization:1]]
[2020.06.24-23.39.43:373][  0]LogConfig: Setting CVar [[r.LightShaftQuality:1]]
[2020.06.24-23.39.43:373][  0]LogConfig: Setting CVar [[r.Filter.SizeScale:1]]
[2020.06.24-23.39.43:373][  0]LogConfig: Setting CVar [[r.Tonemapper.Quality:5]]
[2020.06.24-23.39.43:373][  0]LogConfig: Setting CVar [[r.DOF.Gather.AccumulatorQuality:1        ; higher gathering accumulator quality]]
[2020.06.24-23.39.43:373][  0]LogConfig: Setting CVar [[r.DOF.Gather.PostfilterMethod:1          ; Median3x3 postfilering method]]
[2020.06.24-23.39.43:373][  0]LogConfig: Setting CVar [[r.DOF.Gather.EnableBokehSettings:0       ; no bokeh simulation when gathering]]
[2020.06.24-23.39.43:373][  0]LogConfig: Setting CVar [[r.DOF.Gather.RingCount:4                 ; medium number of samples when gathering]]
[2020.06.24-23.39.43:373][  0]LogConfig: Setting CVar [[r.DOF.Scatter.ForegroundCompositing:1    ; additive foreground scattering]]
[2020.06.24-23.39.43:373][  0]LogConfig: Setting CVar [[r.DOF.Scatter.BackgroundCompositing:2    ; additive background scattering]]
[2020.06.24-23.39.43:373][  0]LogConfig: Setting CVar [[r.DOF.Scatter.EnableBokehSettings:1      ; bokeh simulation when scattering]]
[2020.06.24-23.39.43:373][  0]LogConfig: Setting CVar [[r.DOF.Scatter.MaxSpriteRatio:0.1         ; only a maximum of 10% of scattered bokeh]]
[2020.06.24-23.39.43:373][  0]LogConfig: Setting CVar [[r.DOF.Recombine.Quality:1                ; cheap slight out of focus]]
[2020.06.24-23.39.43:373][  0]LogConfig: Setting CVar [[r.DOF.Recombine.EnableBokehSettings:0    ; no bokeh simulation on slight out of focus]]
[2020.06.24-23.39.43:373][  0]LogConfig: Setting CVar [[r.DOF.TemporalAAQuality:1                ; more stable temporal accumulation]]
[2020.06.24-23.39.43:373][  0]LogConfig: Setting CVar [[r.DOF.Kernel.MaxForegroundRadius:0.025]]
[2020.06.24-23.39.43:373][  0]LogConfig: Setting CVar [[r.DOF.Kernel.MaxBackgroundRadius:0.025]]
[2020.06.24-23.39.43:373][  0]LogConfig: Applying CVar settings from Section [TextureQuality@3] File [E:/Studio3_Team3/S3T3/Team3Game/Saved/Config/Windows/Scalability.ini]
[2020.06.24-23.39.43:373][  0]LogConfig: Setting CVar [[r.Streaming.MipBias:0]]
[2020.06.24-23.39.43:373][  0]LogConfig: Setting CVar [[r.Streaming.AmortizeCPUToGPUCopy:0]]
[2020.06.24-23.39.43:373][  0]LogConfig: Setting CVar [[r.Streaming.MaxNumTexturesToStreamPerFrame:0]]
[2020.06.24-23.39.43:373][  0]LogConfig: Setting CVar [[r.Streaming.Boost:1]]
[2020.06.24-23.39.43:373][  0]LogConfig: Setting CVar [[r.MaxAnisotropy:8]]
[2020.06.24-23.39.43:373][  0]LogConfig: Setting CVar [[r.VT.MaxAnisotropy:8]]
[2020.06.24-23.39.43:373][  0]LogConfig: Setting CVar [[r.Streaming.LimitPoolSizeToVRAM:0]]
[2020.06.24-23.39.43:373][  0]LogConfig: Setting CVar [[r.Streaming.PoolSize:1000]]
[2020.06.24-23.39.43:373][  0]LogConfig: Setting CVar [[r.Streaming.MaxEffectiveScreenSize:0]]
[2020.06.24-23.39.43:373][  0]LogConfig: Applying CVar settings from Section [EffectsQuality@3] File [E:/Studio3_Team3/S3T3/Team3Game/Saved/Config/Windows/Scalability.ini]
[2020.06.24-23.39.43:373][  0]LogConfig: Setting CVar [[r.TranslucencyLightingVolumeDim:64]]
[2020.06.24-23.39.43:373][  0]LogConfig: Setting CVar [[r.RefractionQuality:2]]
[2020.06.24-23.39.43:373][  0]LogConfig: Setting CVar [[r.SSR.Quality:3]]
[2020.06.24-23.39.43:373][  0]LogConfig: Setting CVar [[r.SSR.HalfResSceneColor:0]]
[2020.06.24-23.39.43:373][  0]LogConfig: Setting CVar [[r.SceneColorFormat:4]]
[2020.06.24-23.39.43:373][  0]LogConfig: Setting CVar [[r.DetailMode:2]]
[2020.06.24-23.39.43:373][  0]LogConfig: Setting CVar [[r.TranslucencyVolumeBlur:1]]
[2020.06.24-23.39.43:373][  0]LogConfig: Setting CVar [[r.MaterialQualityLevel:1 ; High quality]]
[2020.06.24-23.39.43:373][  0]LogConfig: Setting CVar [[r.SSS.Scale:1]]
[2020.06.24-23.39.43:373][  0]LogConfig: Setting CVar [[r.SSS.SampleSet:2]]
[2020.06.24-23.39.43:373][  0]LogConfig: Setting CVar [[r.SSS.Quality:1]]
[2020.06.24-23.39.43:373][  0]LogConfig: Setting CVar [[r.SSS.HalfRes:0]]
[2020.06.24-23.39.43:373][  0]LogConfig: Setting CVar [[r.SSGI.Quality:3]]
[2020.06.24-23.39.43:373][  0]LogConfig: Setting CVar [[r.EmitterSpawnRateScale:1.0]]
[2020.06.24-23.39.43:373][  0]LogConfig: Setting CVar [[r.ParticleLightQuality:2]]
[2020.06.24-23.39.43:373][  0]LogConfig: Setting CVar [[r.SkyAtmosphere.AerialPerspectiveLUT.FastApplyOnOpaque:1 ; Always have FastSkyLUT 1 in this case to avoid wrong sky]]
[2020.06.24-23.39.43:373][  0]LogConfig: Setting CVar [[r.SkyAtmosphere.AerialPerspectiveLUT.SampleCountPerSlice:1]]
[2020.06.24-23.39.43:373][  0]LogConfig: Setting CVar [[r.SkyAtmosphere.AerialPerspectiveLUT.DepthResolution:16.0]]
[2020.06.24-23.39.43:373][  0]LogConfig: Setting CVar [[r.SkyAtmosphere.FastSkyLUT:1]]
[2020.06.24-23.39.43:373][  0]LogConfig: Setting CVar [[r.SkyAtmosphere.FastSkyLUT.SampleCountMin:4.0]]
[2020.06.24-23.39.43:373][  0]LogConfig: Setting CVar [[r.SkyAtmosphere.FastSkyLUT.SampleCountMax:32.0]]
[2020.06.24-23.39.43:373][  0]LogConfig: Setting CVar [[r.SkyAtmosphere.SampleCountMin:4.0]]
[2020.06.24-23.39.43:373][  0]LogConfig: Setting CVar [[r.SkyAtmosphere.SampleCountMax:32.0]]
[2020.06.24-23.39.43:374][  0]LogConfig: Setting CVar [[r.SkyAtmosphere.TransmittanceLUT.UseSmallFormat:0]]
[2020.06.24-23.39.43:374][  0]LogConfig: Setting CVar [[r.SkyAtmosphere.TransmittanceLUT.SampleCount:10.0]]
[2020.06.24-23.39.43:374][  0]LogConfig: Setting CVar [[r.SkyAtmosphere.MultiScatteringLUT.SampleCount:15.0]]
[2020.06.24-23.39.43:374][  0]LogConfig: Applying CVar settings from Section [FoliageQuality@3] File [E:/Studio3_Team3/S3T3/Team3Game/Saved/Config/Windows/Scalability.ini]
[2020.06.24-23.39.43:374][  0]LogConfig: Setting CVar [[foliage.DensityScale:1.0]]
[2020.06.24-23.39.43:374][  0]LogConfig: Setting CVar [[grass.DensityScale:1.0]]
[2020.06.24-23.39.43:374][  0]LogConfig: Applying CVar settings from Section [ShadingQuality@3] File [E:/Studio3_Team3/S3T3/Team3Game/Saved/Config/Windows/Scalability.ini]
[2020.06.24-23.39.43:374][  0]LogConfig: Setting CVar [[r.HairStrands.SkyLighting.SampleCount:16]]
[2020.06.24-23.39.43:374][  0]LogConfig: Setting CVar [[r.HairStrands.SkyLighting.JitterIntegration:0]]
[2020.06.24-23.39.43:374][  0]LogConfig: Setting CVar [[r.HairStrands.SkyAO.SampleCount:16]]
[2020.06.24-23.39.43:374][  0]LogConfig: Setting CVar [[r.HairStrands.DeepShadow.SuperSampling:0]]
[2020.06.24-23.39.43:374][  0]LogConfig: Setting CVar [[r.HairStrands.VisibilityPPLL:0]]
[2020.06.24-23.39.43:374][  0]LogConfig: Setting CVar [[r.HairStrands.RasterizationScale:0.5]]
[2020.06.24-23.39.43:374][  0]LogConfig: Setting CVar [[r.HairStrands.VelocityRasterizationScale:1]]
[2020.06.24-23.39.43:374][  0]LogConfig: Applying CVar settings from Section [Startup] File [../../../Engine/Config/ConsoleVariables.ini]
[2020.06.24-23.39.43:374][  0]LogConfig: Setting CVar [[net.UseAdaptiveNetUpdateFrequency:0]]
[2020.06.24-23.39.43:374][  0]LogConfig: Setting CVar [[p.chaos.AllowCreatePhysxBodies:1]]
[2020.06.24-23.39.43:374][  0]LogConfig: Setting CVar [[fx.SkipVectorVMBackendOptimizations:1]]
[2020.06.24-23.39.43:374][  0]LogConfig: Applying CVar settings from Section [ConsoleVariables] File [E:/Studio3_Team3/S3T3/Team3Game/Saved/Config/Windows/Engine.ini]
[2020.06.24-23.39.43:374][  0]LogInit: Computer: KEVINPC
[2020.06.24-23.39.43:374][  0]LogInit: User: kevjertse
[2020.06.24-23.39.43:374][  0]LogInit: CPU Page size=4096, Cores=6
[2020.06.24-23.39.43:374][  0]LogInit: High frequency timer resolution =10.000000 MHz
[2020.06.24-23.39.43:374][  0]LogMemory: Memory total: Physical=15.9GB (16GB approx)
[2020.06.24-23.39.43:375][  0]LogMemory: Platform Memory Stats for Windows
[2020.06.24-23.39.43:375][  0]LogMemory: Process Physical Memory: 118.78 MB used, 118.79 MB peak
[2020.06.24-23.39.43:375][  0]LogMemory: Process Virtual Memory: 101.54 MB used, 101.54 MB peak
[2020.06.24-23.39.43:375][  0]LogMemory: Physical Memory: 10636.35 MB used,  5684.25 MB free, 16320.60 MB total
[2020.06.24-23.39.43:375][  0]LogMemory: Virtual Memory: 5173.85 MB used,  134212552.00 MB free, 134217728.00 MB total
[2020.06.24-23.39.43:387][  0]LogWindows: WindowsPlatformFeatures enabled
[2020.06.24-23.39.43:460][  0]LogInit: Physics initialised using underlying interface: PhysX
[2020.06.24-23.39.43:462][  0]LogInit: Using OS detected language (en-US).
[2020.06.24-23.39.43:462][  0]LogInit: Using OS detected locale (en-AU).
[2020.06.24-23.39.43:464][  0]LogTextLocalizationManager: No specific localization for 'en-US' exists, so the 'en' localization will be used.
[2020.06.24-23.39.43:701][  0]LogSlate: New Slate User Created.  User Index 0, Is Virtual User: 0
[2020.06.24-23.39.43:701][  0]LogSlate: Slate User Registered.  User Index 0, Is Virtual User: 0
[2020.06.24-23.39.43:928][  0]LogD3D11RHI: D3D11 min allowed feature level: 11_0
[2020.06.24-23.39.43:928][  0]LogD3D11RHI: D3D11 max allowed feature level: 11_0
[2020.06.24-23.39.43:928][  0]LogD3D11RHI: D3D11 adapters:
[2020.06.24-23.39.43:989][  0]LogD3D11RHI:    0. 'Radeon RX 590 Series' (Feature Level 11_0)
[2020.06.24-23.39.43:989][  0]LogD3D11RHI:       8171/0/8160 MB DedicatedVideo/DedicatedSystem/SharedSystem, Outputs:2, VendorId:0x1002
[2020.06.24-23.39.43:994][  0]LogD3D11RHI:    1. 'Microsoft Basic Render Driver' (Feature Level 11_0)
[2020.06.24-23.39.43:994][  0]LogD3D11RHI:       0/0/8160 MB DedicatedVideo/DedicatedSystem/SharedSystem, Outputs:0, VendorId:0x1414
[2020.06.24-23.39.43:994][  0]LogD3D11RHI: Chosen D3D11 Adapter: 0
[2020.06.24-23.39.44:004][  0]LogD3D11RHI: Creating new Direct3DDevice
[2020.06.24-23.39.44:004][  0]LogD3D11RHI:     GPU DeviceId: 0x67df (for the marketing name, search the web for "GPU Device Id")
[2020.06.24-23.39.44:004][  0]LogWindows: EnumDisplayDevices:
[2020.06.24-23.39.44:004][  0]LogWindows:    0. 'Radeon RX 590 Series' (P:1 D:1)
[2020.06.24-23.39.44:005][  0]LogWindows:    1. 'Radeon RX 590 Series' (P:0 D:1)
[2020.06.24-23.39.44:005][  0]LogWindows:    2. 'Radeon RX 590 Series' (P:0 D:0)
[2020.06.24-23.39.44:005][  0]LogWindows:    3. 'Radeon RX 590 Series' (P:0 D:0)
[2020.06.24-23.39.44:006][  0]LogWindows:    4. 'Radeon RX 590 Series' (P:0 D:0)
[2020.06.24-23.39.44:006][  0]LogWindows:    5. 'Radeon RX 590 Series' (P:0 D:0)
[2020.06.24-23.39.44:006][  0]LogWindows:    6. 'Radeon RX 590 Series' (P:0 D:0)
[2020.06.24-23.39.44:007][  0]LogWindows:    7. 'Radeon RX 590 Series' (P:0 D:0)
[2020.06.24-23.39.44:007][  0]LogWindows: DebugString: FoundDriverCount:8 
[2020.06.24-23.39.44:007][  0]LogD3D11RHI:     Adapter Name: Radeon RX 590 Series
[2020.06.24-23.39.44:007][  0]LogD3D11RHI:   Driver Version: Adrenalin 2020 20.4.1 (internal:26.20.15029.20013, unified:26.20.15029.20013)
[2020.06.24-23.39.44:007][  0]LogD3D11RHI:      Driver Date: 4-1-2020
[2020.06.24-23.39.44:007][  0]LogRHI: Texture pool is 4862 MB (70% of 6946 MB)
[2020.06.24-23.39.44:096][  0]LogD3D11RHI: RHI has support for 64 bit atomics
[2020.06.24-23.39.44:096][  0]LogD3D11RHI: Async texture creation enabled
[2020.06.24-23.39.44:096][  0]LogD3D11RHI: Array index from any shader is supported
[2020.06.24-23.39.44:108][  0]LogD3D11RHI: GPU Timing Frequency: 25.000000 (Debug: 2 1)
[2020.06.24-23.39.44:617][  0]LogTargetPlatformManager: Display: Loaded TargetPlatform 'AllDesktop'
[2020.06.24-23.39.44:642][  0]LogTargetPlatformManager: Display: Loaded TargetPlatform 'Android'
[2020.06.24-23.39.44:642][  0]LogTargetPlatformManager: Display: Loaded TargetPlatform 'Android_ASTC'
[2020.06.24-23.39.44:642][  0]LogTargetPlatformManager: Display: Loaded TargetPlatform 'Android_DXT'
[2020.06.24-23.39.44:642][  0]LogTargetPlatformManager: Display: Loaded TargetPlatform 'Android_ETC2'
[2020.06.24-23.39.44:642][  0]LogTargetPlatformManager: Display: Loaded TargetPlatform 'AndroidClient'
[2020.06.24-23.39.44:642][  0]LogTargetPlatformManager: Display: Loaded TargetPlatform 'Android_ASTCClient'
[2020.06.24-23.39.44:642][  0]LogTargetPlatformManager: Display: Loaded TargetPlatform 'Android_DXTClient'
[2020.06.24-23.39.44:642][  0]LogTargetPlatformManager: Display: Loaded TargetPlatform 'Android_ETC2Client'
[2020.06.24-23.39.44:642][  0]LogTargetPlatformManager: Display: Loaded TargetPlatform 'Android_Multi'
[2020.06.24-23.39.44:642][  0]LogTargetPlatformManager: Display: Loaded TargetPlatform 'Android_MultiClient'
[2020.06.24-23.39.44:674][  0]LogTargetPlatformManager: Display: Loaded TargetPlatform 'IOSClient'
[2020.06.24-23.39.44:674][  0]LogTargetPlatformManager: Display: Loaded TargetPlatform 'IOS'
[2020.06.24-23.39.44:687][  0]LogTargetPlatformManager: Display: Loaded TargetPlatform 'Linux'
[2020.06.24-23.39.44:701][  0]LogTargetPlatformManager: Display: Loaded TargetPlatform 'LinuxNoEditor'
[2020.06.24-23.39.44:713][  0]LogTargetPlatformManager: Display: Loaded TargetPlatform 'LinuxClient'
[2020.06.24-23.39.44:725][  0]LogTargetPlatformManager: Display: Loaded TargetPlatform 'LinuxServer'
[2020.06.24-23.39.44:737][  0]LogTargetPlatformManager: Display: Loaded TargetPlatform 'LinuxAArch64NoEditor'
[2020.06.24-23.39.44:749][  0]LogTargetPlatformManager: Display: Loaded TargetPlatform 'LinuxAArch64Client'
[2020.06.24-23.39.44:761][  0]LogTargetPlatformManager: Display: Loaded TargetPlatform 'LinuxAArch64Server'
[2020.06.24-23.39.44:788][  0]LogTargetPlatformManager: Display: Loaded TargetPlatform 'Lumin'
[2020.06.24-23.39.44:788][  0]LogTargetPlatformManager: Display: Loaded TargetPlatform 'LuminClient'
[2020.06.24-23.39.44:806][  0]LogTargetPlatformManager: Display: Loaded TargetPlatform 'TVOSClient'
[2020.06.24-23.39.44:806][  0]LogTargetPlatformManager: Display: Loaded TargetPlatform 'TVOS'
[2020.06.24-23.39.44:818][  0]LogTargetPlatformManager: Display: Loaded TargetPlatform 'WindowsNoEditor'
[2020.06.24-23.39.44:830][  0]LogTargetPlatformManager: Display: Loaded TargetPlatform 'Windows'
[2020.06.24-23.39.44:843][  0]LogTargetPlatformManager: Display: Loaded TargetPlatform 'WindowsClient'
[2020.06.24-23.39.44:855][  0]LogTargetPlatformManager: Display: Loaded TargetPlatform 'WindowsServer'
[2020.06.24-23.39.44:855][  0]LogTargetPlatformManager: Display: Building Assets For Windows
[2020.06.24-23.39.44:881][  0]LogAudioDebug: Display: Lib vorbis DLL was dynamically loaded.
[2020.06.24-23.39.44:997][  0]LogShaderCompilers: Guid format shader working directory is 3 characters bigger than the processId version (../../../../../../Studio3_Team3/S3T3/Team3Game/Intermediate/Shaders/WorkingDirectory/14580/).
[2020.06.24-23.39.44:997][  0]LogShaderCompilers: Cleaned the shader compiler working directory 'C:/Users/kevjertse/AppData/Local/Temp/UnrealShaderWorkingDir/956A1EE24F2542F2F302328DA19046E1/'.
[2020.06.24-23.39.44:997][  0]LogXGEController: Cleaning working directory: C:/Users/kevjertse/AppData/Local/Temp/UnrealXGEWorkingDir/
[2020.06.24-23.39.44:998][  0]LogXGEController: Cannot use XGE Controller as Incredibuild is not installed on this machine.
[2020.06.24-23.39.44:998][  0]LogShaderCompilers: Cannot use XGE Shader Compiler as Incredibuild is not installed on this machine.
[2020.06.24-23.39.44:998][  0]LogShaderCompilers: Display: Using Local Shader Compiler.
[2020.06.24-23.39.45:751][  0]LogDerivedDataCache: Display: Max Cache Size: 512 MB
[2020.06.24-23.39.45:797][  0]LogDerivedDataCache: Loaded boot cache 0.05s 79MB C:/Users/kevjertse/AppData/Local/UnrealEngine/4.25/DerivedDataCache/Boot.ddc.
[2020.06.24-23.39.45:797][  0]LogDerivedDataCache: Display: Loaded Boot cache: C:/Users/kevjertse/AppData/Local/UnrealEngine/4.25/DerivedDataCache/Boot.ddc
[2020.06.24-23.39.45:798][  0]LogDerivedDataCache: FDerivedDataBackendGraph:  Pak pak cache file ../../../../../../Studio3_Team3/S3T3/Team3Game/DerivedDataCache/DDC.ddp not found, will not use a pak cache.
[2020.06.24-23.39.45:798][  0]LogDerivedDataCache: Unable to find inner node Pak for hierarchical cache Hierarchy.
[2020.06.24-23.39.45:798][  0]LogDerivedDataCache: FDerivedDataBackendGraph:  CompressedPak pak cache file ../../../../../../Studio3_Team3/S3T3/Team3Game/DerivedDataCache/Compressed.ddp not found, will not use a pak cache.
[2020.06.24-23.39.45:798][  0]LogDerivedDataCache: Unable to find inner node CompressedPak for hierarchical cache Hierarchy.
[2020.06.24-23.39.45:808][  0]LogDerivedDataCache: Display: Pak cache opened for reading ../../../Engine/DerivedDataCache/Compressed.ddp.
[2020.06.24-23.39.45:808][  0]LogDerivedDataCache: FDerivedDataBackendGraph:  EnterprisePak pak cache file ../../../Enterprise/DerivedDataCache/Compressed.ddp not found, will not use a pak cache.
[2020.06.24-23.39.45:808][  0]LogDerivedDataCache: Unable to find inner node EnterprisePak for hierarchical cache Hierarchy.
[2020.06.24-23.39.45:809][  0]LogDerivedDataCache: Using Local data cache path C:/Users/kevjertse/AppData/Local/UnrealEngine/Common/DerivedDataCache: Writable
[2020.06.24-23.39.45:809][  0]LogDerivedDataCache: Shared data cache path not found in *engine.ini, will not use an Shared cache.
[2020.06.24-23.39.45:809][  0]LogDerivedDataCache: Unable to find inner node Shared for hierarchical cache Hierarchy.
[2020.06.24-23.39.45:856][  0]LogSlate: Using FreeType 2.10.0
[2020.06.24-23.39.45:857][  0]LogSlate: SlateFontServices - WITH_FREETYPE: 1, WITH_HARFBUZZ: 1
[2020.06.24-23.39.45:882][  0]LogAssetRegistry: FAssetRegistry took 0.0032 seconds to start up
[2020.06.24-23.39.46:120][  0]LogInit: Selected Device Profile: [Windows]
[2020.06.24-23.39.46:254][  0]LogMeshReduction: Using QuadricMeshReduction for automatic static mesh reduction
[2020.06.24-23.39.46:254][  0]LogMeshReduction: Using SimplygonMeshReduction for automatic skeletal mesh reduction
[2020.06.24-23.39.46:254][  0]LogMeshReduction: Using ProxyLODMeshReduction for automatic mesh merging
[2020.06.24-23.39.46:254][  0]LogMeshReduction: No distributed automatic mesh merging module available
[2020.06.24-23.39.46:254][  0]LogMeshMerging: No distributed automatic mesh merging module available
[2020.06.24-23.39.46:280][  0]LogNetVersion: Team3Game 1.0.0, NetCL: 13144385, EngineNetVer: 14, GameNetVer: 0 (Checksum: 1033925791)
[2020.06.24-23.39.46:742][  0]LogAISub: UAISubsystem::UAISubsystem AISubsystem (000001882C599BC0), frame # 0
[2020.06.24-23.39.46:742][  0]LogAISub: UAISubsystem::UAISubsystem AIPerceptionSystem (000001882C4CFC40), frame # 0
[2020.06.24-23.39.46:743][  0]LogAISub: UAISubsystem::UAISubsystem EnvQueryManager (000001882C554A00), frame # 0
[2020.06.24-23.39.46:776][  0]LogPackageLocalizationCache: Processed 19 localized package path(s) for 1 prioritized culture(s) in 0.028031 seconds
[2020.06.24-23.39.46:782][  0]LogUObjectArray: 15917 objects as part of root set at end of initial load.
[2020.06.24-23.39.46:782][  0]LogUObjectAllocator: 3965568 out of 0 bytes used by permanent object pool.
[2020.06.24-23.39.46:782][  0]LogUObjectArray: CloseDisregardForGC: 0/0 objects in disregard for GC pool
[2020.06.24-23.39.47:370][  0]LogTcpMessaging: Initializing TcpMessaging bridge
[2020.06.24-23.39.47:379][  0]LogUdpMessaging: Initializing bridge on interface 0.0.0.0:0 to multicast group 230.0.0.1:6666.
[2020.06.24-23.39.47:518][  0]SourceControl: Source control is disabled
[2020.06.24-23.39.47:519][  0]SourceControl: Source control is disabled
[2020.06.24-23.39.47:525][  0]SourceControl: Source control is disabled
[2020.06.24-23.39.47:531][  0]SourceControl: Source control is disabled
[2020.06.24-23.39.47:544][  0]SourceControl: Source control is disabled
[2020.06.24-23.39.47:999][  0]LogAndroidPermission: UAndroidPermissionCallbackProxy::GetInstance
[2020.06.24-23.39.48:042][  0]LogAudioCaptureCore: Display: No Audio Capture implementations found. Audio input will be silent.
[2020.06.24-23.39.48:042][  0]LogAudioCaptureCore: Display: No Audio Capture implementations found. Audio input will be silent.
[2020.06.24-23.39.48:118][  0]LogOcInput: OculusInput pre-init called
[2020.06.24-23.39.48:441][  0]LogEngine: Initializing Engine...
[2020.06.24-23.39.48:442][  0]LogHMD: Oculus plugin initialized. Version: 4.25.1-13594126+++UE4+Release-4.25, OVRPlugin: 1.44.0
[2020.06.24-23.39.48:443][  0]LogStats: UGameplayTagsManager::InitializeManager -  0.000 s
[2020.06.24-23.39.48:564][  0]LogInit: Initializing FReadOnlyCVARCache
[2020.06.24-23.39.48:578][  0]LogAIModule: Creating AISystem for world Untitled
[2020.06.24-23.39.48:578][  0]LogAISub: UAISubsystem::UAISubsystem EnvQueryManager (0000018837B51800), frame # 0
[2020.06.24-23.39.48:578][  0]LogAISub: UAISubsystem::UAISubsystem AIPerceptionSystem (0000018837B4B380), frame # 0
[2020.06.24-23.39.48:595][  0]LogAudioMixer: Display: Audio Mixer Platform Settings:
[2020.06.24-23.39.48:595][  0]LogAudioMixer: Display: 	Sample Rate:						  48000
[2020.06.24-23.39.48:595][  0]LogAudioMixer: Display: 	Callback Buffer Frame Size Requested: 1024
[2020.06.24-23.39.48:595][  0]LogAudioMixer: Display: 	Callback Buffer Frame Size To Use:	  1024
[2020.06.24-23.39.48:595][  0]LogAudioMixer: Display: 	Number of buffers to queue:			  2
[2020.06.24-23.39.48:595][  0]LogAudioMixer: Display: 	Max Channels (voices):				  32
[2020.06.24-23.39.48:595][  0]LogAudioMixer: Display: 	Number of Async Source Workers:		  0
[2020.06.24-23.39.48:595][  0]LogAudio: Display: AudioDevice MaxSources: 32
[2020.06.24-23.39.48:595][  0]LogAudio: Display: Using built-in audio occlusion.
[2020.06.24-23.39.48:596][  0]LogAudioMixer: Display: Initializing audio mixer.
[2020.06.24-23.39.48:651][  0]LogAudioMixer: Display: 0: FrontLeft
[2020.06.24-23.39.48:651][  0]LogAudioMixer: Display: 1: FrontRight
[2020.06.24-23.39.48:741][  0]LogAudioMixer: Display: Using Audio Device Speakers (3- Realtek High Definition Audio)
[2020.06.24-23.39.48:745][  0]LogAudioMixer: Display: Initializing Sound Submixes...
[2020.06.24-23.39.48:748][  0]LogAudioMixer: Display: Creating Master Submix 'MasterSubmixDefault'
[2020.06.24-23.39.48:748][  0]LogAudioMixer: Display: Creating Master Submix 'MasterReverbSubmixDefault'
[2020.06.24-23.39.48:749][  0]LogAudioMixer: Display: Creating Master Submix 'MasterEQSubmixDefault'
[2020.06.24-23.39.48:750][  0]LogInit: FAudioDevice initialized.
[2020.06.24-23.39.48:750][  0]LogNetVersion: Set ProjectVersion to 1.0.0.0. Version Checksum will be recalculated on next use.
[2020.06.24-23.39.48:833][  0]LogDerivedDataCache: Saved boot cache 0.08s 79MB C:/Users/kevjertse/AppData/Local/UnrealEngine/4.25/DerivedDataCache/Boot.ddc.
[2020.06.24-23.39.48:833][  0]LogInit: Texture streaming: Enabled
[2020.06.24-23.39.48:861][  0]LogEngineSessionManager: EngineSessionManager initialized
[2020.06.24-23.39.48:861][  0]LogEditorSessionSummary: Verbose: Initializing EditorSessionSummaryWriter for editor session tracking
[2020.06.24-23.39.48:865][  0]LogEditorSessionSummary: EditorSessionSummaryWriter initialized
[2020.06.24-23.39.48:917][  0]LogInit: Transaction tracking system initialized
[2020.06.24-23.39.48:962][  0]BlueprintLog: New page: Editor Load
[2020.06.24-23.39.49:096][  0]LocalizationService: Localization service is disabled
[2020.06.24-23.39.49:301][  0]LogCook: Display: Max memory allowance for cook 16384mb min free memory 0mb
[2020.06.24-23.39.49:301][  0]LogCook: Display: Mobile HDR setting 1
[2020.06.24-23.39.49:554][  0]LogFileCache: Scanning file cache for directory 'E:/Studio3_Team3/S3T3/Team3Game/Content/' took 0.01s
[2020.06.24-23.39.49:795][  0]SourceControl: Source control is disabled
[2020.06.24-23.39.49:795][  0]LogUnrealEdMisc: Loading editor; pre map load, took 11.404
[2020.06.24-23.39.49:795][  0]Cmd: MAP LOAD FILE="../../../../../../Studio3_Team3/S3T3/Team3Game/Content/ThirdPersonBP/Maps/ThirdPersonExampleMap.umap" TEMPLATE=0 SHOWPROGRESS=1 FEATURELEVEL=3
[2020.06.24-23.39.49:796][  0]LightingResults: New page: Lighting Build
[2020.06.24-23.39.49:797][  0]LogWorld: UWorld::CleanupWorld for Untitled, bSessionEnded=true, bCleanupResources=true
[2020.06.24-23.39.49:797][  0]LogSlate: InvalidateAllWidgets triggered.  All widgets were invalidated
[2020.06.24-23.39.49:797][  0]MapCheck: New page: Map Check
[2020.06.24-23.39.49:797][  0]LightingResults: New page: Lighting Build
[2020.06.24-23.39.49:808][  0]LogAISub: UAISubsystem::~UAISubsystem EnvQueryManager (0000018837B51800), frame # 0
[2020.06.24-23.39.49:808][  0]LogAISub: UAISubsystem::~UAISubsystem AIPerceptionSystem (0000018837B4B380), frame # 0
[2020.06.24-23.39.49:809][  0]LogUObjectHash: Compacting FUObjectHashTables data took   0.85ms
[2020.06.24-23.39.50:017][  0]LogAIModule: Creating AISystem for world ThirdPersonExampleMap
[2020.06.24-23.39.50:017][  0]LogAISub: UAISubsystem::UAISubsystem EnvQueryManager (0000018837DA8E00), frame # 0
[2020.06.24-23.39.50:017][  0]LogAISub: UAISubsystem::UAISubsystem AIPerceptionSystem (0000018837D0F9C0), frame # 0
[2020.06.24-23.39.50:030][  0]LogEditorServer: Finished looking for orphan Actors (0.000 secs)
[2020.06.24-23.39.50:043][  0]LogUObjectHash: Compacting FUObjectHashTables data took   0.86ms
[2020.06.24-23.39.50:043][  0]Cmd: MAP CHECKDEP NOCLEARLOG
[2020.06.24-23.39.50:043][  0]MapCheck: Map check complete: 0 Error(s), 0 Warning(s), took 0.103ms to complete.
[2020.06.24-23.39.50:044][  0]LogFileHelpers: Loading map 'ThirdPersonExampleMap' took 0.248
[2020.06.24-23.39.50:045][  0]LogUnrealEdMisc: Total Editor Startup Time, took 11.655
[2020.06.24-23.39.50:175][  0]LogSlate: Updating window title bar state: overlay mode, drag disabled, window buttons hidden, title bar hidden
[2020.06.24-23.39.50:182][  0]LogSlate: Updating window title bar state: overlay mode, drag disabled, window buttons hidden, title bar hidden
[2020.06.24-23.39.50:188][  0]LogSlate: Updating window title bar state: overlay mode, drag disabled, window buttons hidden, title bar hidden
[2020.06.24-23.39.50:194][  0]LogSlate: Updating window title bar state: overlay mode, drag disabled, window buttons hidden, title bar hidden
[2020.06.24-23.39.50:205][  0]LogCollectionManager: Loaded 0 collections in 0.001553 seconds
[2020.06.24-23.39.50:221][  0]LogFileCache: Scanning file cache for directory 'E:/Studio3_Team3/S3T3/Team3Game/Saved/Collections/' took 0.00s
[2020.06.24-23.39.50:221][  0]LogFileCache: Scanning file cache for directory 'E:/Studio3_Team3/S3T3/Team3Game/Content/Developers/kevjertse/Collections/' took 0.00s
[2020.06.24-23.39.50:221][  0]LogFileCache: Scanning file cache for directory 'E:/Studio3_Team3/S3T3/Team3Game/Content/Collections/' took 0.00s
[2020.06.24-23.39.50:221][  0]LogContentBrowser: Native class hierarchy populated in 0.0098 seconds. Added 3427 classes and 821 folders.
[2020.06.24-23.39.50:224][  0]LogContentBrowser: Native class hierarchy updated for 'WidgetCarousel' in 0.0003 seconds. Added 0 classes and 0 folders.
[2020.06.24-23.39.50:322][  0]LogContentBrowser: Native class hierarchy updated for 'AddContentDialog' in 0.0003 seconds. Added 0 classes and 0 folders.
[2020.06.24-23.39.50:323][  0]LogContentBrowser: Native class hierarchy updated for 'SceneOutliner' in 0.0002 seconds. Added 2 classes and 0 folders.
[2020.06.24-23.39.50:347][  0]LogSlate: Took 0.000283 seconds to synchronously load lazily loaded font '../../../Engine/Content/Slate/Fonts/Roboto-Regular.ttf' (155K)
[2020.06.24-23.39.50:348][  0]LogSlate: Took 0.000197 seconds to synchronously load lazily loaded font '../../../Engine/Content/Slate/Fonts/Roboto-Bold.ttf' (160K)
[2020.06.24-23.39.50:353][  0]LogSlate: Took 0.000311 seconds to synchronously load lazily loaded font '../../../Engine/Content/Editor/Slate/Fonts/FontAwesome.ttf' (139K)
[2020.06.24-23.39.50:425][  0]LogRenderer: Reallocating scene render targets to support 1208x600 Format 10 NumSamples 1 (Frame:1).
[2020.06.24-23.39.50:527][  0]LogContentBrowser: Native class hierarchy updated for 'HierarchicalLODOutliner' in 0.0004 seconds. Added 0 classes and 0 folders.
[2020.06.24-23.39.50:527][  0]LogLoad: (Engine Initialization) Total time: 12.14 seconds
[2020.06.24-23.39.50:527][  0]LogLoad: (Engine Initialization) Total Blueprint compile time: 0.00 seconds
[2020.06.24-23.39.50:539][  0]LogOcInput: OculusInput is initialized
[2020.06.24-23.39.50:564][  0]LogAssetRegistry: Asset discovery search completed in 4.6831 seconds
[2020.06.24-23.39.50:567][  0]LogCollectionManager: Fixed up redirectors for 0 collections in 0.000002 seconds (updated 0 objects)
[2020.06.24-23.39.50:568][  0]LogContentStreaming: Texture pool size now 1000 MB
[2020.06.24-23.39.50:593][  0]LogSlate: Took 0.000336 seconds to synchronously load lazily loaded font '../../../Engine/Content/Slate/Fonts/Roboto-Light.ttf' (167K)
[2020.06.25-00.01.32:574][986]LogUObjectHash: Compacting FUObjectHashTables data took   0.77ms
[2020.06.25-00.01.33:500][ 94]LogSlate: Took 0.000278 seconds to synchronously load lazily loaded font '../../../Engine/Content/Slate/Fonts/Roboto-Light.ttf' (167K)
[2020.06.25-00.01.33:512][ 94]Cmd: OBJ SAVEPACKAGE PACKAGE="/Game/ThirdPersonBP/Maps/KevinMap" FILE="../../../../../../Studio3_Team3/S3T3/Team3Game/Content/ThirdPersonBP/Maps/KevinMap.umap" SILENT=true AUTOSAVING=false KEEPDIRTY=false
[2020.06.25-00.01.33:528][ 94]LogUObjectHash: Compacting FUObjectHashTables data took   0.71ms
[2020.06.25-00.01.33:548][ 94]LogSavePackage: Moving '../../../../../../Studio3_Team3/S3T3/Team3Game/Saved/KevinMap4A88A15F49D76ED45EC0B4A4427009DF.tmp' to '../../../../../../Studio3_Team3/S3T3/Team3Game/Content/ThirdPersonBP/Maps/KevinMap.umap'
[2020.06.25-00.01.33:552][ 94]LogFileHelpers: Saving map 'KevinMap' took 0.040
[2020.06.25-00.01.33:566][ 94]AssetCheck: New page: Asset Save: KevinMap
[2020.06.25-00.01.33:566][ 94]LogContentValidation: Display: Validating World /Game/ThirdPersonBP/Maps/KevinMap.KevinMap
[2020.06.25-00.01.37:385][545]LogAssetEditorSubsystem: Opening Asset editor for World /Game/ThirdPersonBP/Maps/KevinMap.KevinMap
[2020.06.25-00.01.37:395][545]LogUObjectHash: Compacting FUObjectHashTables data took   0.60ms
[2020.06.25-00.01.37:397][545]Cmd: MAP LOAD FILE="../../../../../../Studio3_Team3/S3T3/Team3Game/Content/ThirdPersonBP/Maps/KevinMap.umap" TEMPLATE=0 SHOWPROGRESS=1 FEATURELEVEL=3
[2020.06.25-00.01.37:397][545]LightingResults: New page: Lighting Build
[2020.06.25-00.01.37:397][545]LoadErrors: New page: Loading map: KevinMap.umap
[2020.06.25-00.01.37:398][545]LogWorld: UWorld::CleanupWorld for ThirdPersonExampleMap, bSessionEnded=true, bCleanupResources=true
[2020.06.25-00.01.37:398][545]LogSlate: InvalidateAllWidgets triggered.  All widgets were invalidated
[2020.06.25-00.01.37:398][545]MapCheck: New page: Map Check
[2020.06.25-00.01.37:398][545]LightingResults: New page: Lighting Build
[2020.06.25-00.01.37:410][545]LogAISub: UAISubsystem::~UAISubsystem EnvQueryManager (0000018837DA8E00), frame # 5545
[2020.06.25-00.01.37:410][545]LogAISub: UAISubsystem::~UAISubsystem AIPerceptionSystem (0000018837D0F9C0), frame # 5545
[2020.06.25-00.01.37:410][545]LogUObjectHash: Compacting FUObjectHashTables data took   0.69ms
[2020.06.25-00.01.37:415][545]LogEditorServer: Finished looking for orphan Actors (0.000 secs)
[2020.06.25-00.01.37:415][545]LogAIModule: Creating AISystem for world KevinMap
[2020.06.25-00.01.37:415][545]LogAISub: UAISubsystem::UAISubsystem EnvQueryManager (0000018837F1B400), frame # 5545
[2020.06.25-00.01.37:415][545]LogAISub: UAISubsystem::UAISubsystem AIPerceptionSystem (0000018837FB5F80), frame # 5545
[2020.06.25-00.01.37:427][545]LogUObjectHash: Compacting FUObjectHashTables data took   0.61ms
[2020.06.25-00.01.37:442][545]Cmd: MAP CHECKDEP NOCLEARLOG
[2020.06.25-00.01.37:442][545]MapCheck: Map check complete: 0 Error(s), 0 Warning(s), took 0.067ms to complete.
[2020.06.25-00.01.37:442][545]LogFileHelpers: Loading map 'KevinMap' took 0.045
[2020.06.25-00.01.38:593][675]LogEditorViewport: Clicking on Actor (LMB): StaticMeshActor (Floor)
[2020.06.25-00.01.39:099][725]LogEditorViewport: Clicking on Actor (LMB): TextRenderActor (TextRenderActor)
[2020.06.25-00.01.39:941][821]Cmd: DELETE
[2020.06.25-00.01.39:941][821]Cmd: ACTOR DELETE
[2020.06.25-00.01.39:945][821]LogEditorActor: Deleted Actor: TextRenderActor
[2020.06.25-00.01.39:956][821]LogUObjectHash: Compacting FUObjectHashTables data took   0.25ms
[2020.06.25-00.01.39:958][821]LogEditorActor: Deleted 1 Actors (0.014 secs)
[2020.06.25-00.01.41:483][  4]LogEditorViewport: Clicking on Actor (LMB): StaticMeshActor (LeftArm_StaticMesh)
[2020.06.25-00.01.42:683][143]LogEditorViewport: Clicking on Actor (LMB): StaticMeshActor (Ramp_StaticMesh)
[2020.06.25-00.01.46:596][586]Cmd: DELETE
[2020.06.25-00.01.46:596][586]Cmd: ACTOR DELETE
[2020.06.25-00.01.46:597][586]LogEditorActor: Deleted Actor: StaticMeshActor
[2020.06.25-00.01.46:597][586]LogEditorActor: Deleted Actor: StaticMeshActor
[2020.06.25-00.01.46:598][586]LogEditorActor: Deleted Actor: StaticMeshActor
[2020.06.25-00.01.46:598][586]LogEditorActor: Deleted Actor: StaticMeshActor
[2020.06.25-00.01.46:598][586]LogEditorActor: Deleted Actor: StaticMeshActor
[2020.06.25-00.01.46:598][586]LogEditorActor: Deleted Actor: StaticMeshActor
[2020.06.25-00.01.46:608][586]LogUObjectHash: Compacting FUObjectHashTables data took   0.25ms
[2020.06.25-00.01.46:610][586]LogEditorActor: Deleted 6 Actors (0.014 secs)
[2020.06.25-00.01.47:962][748]LogEditorViewport: Clicking on Actor (LMB): ThirdPersonCharacter_C (ThirdPersonCharacter)
[2020.06.25-00.02.01:605][287]LogAssetEditorSubsystem: Opening Asset editor for Blueprint /Game/ThirdPersonBP/Blueprints/ThirdPersonCharacter.ThirdPersonCharacter
[2020.06.25-00.02.01:811][287]LogContentBrowser: Native class hierarchy updated for 'BlueprintGraph' in 0.0007 seconds. Added 125 classes and 0 folders.
[2020.06.25-00.02.02:649][287]LogSlate: Took 0.001421 seconds to synchronously load lazily loaded font '../../../Engine/Content/Slate/Fonts/Roboto-BoldCondensed.ttf' (158K)
[2020.06.25-00.02.02:743][288]LogSlate: Took 0.005052 seconds to synchronously load lazily loaded font '../../../Engine/Content/Slate/Fonts/Roboto-Italic.ttf' (157K)
[2020.06.25-00.02.04:375][390]LogRenderer: Reallocating scene render targets to support 1208x740 Format 10 NumSamples 1 (Frame:26).
[2020.06.25-00.02.04:414][391]LogSlate: Window 'ThirdPersonCharacter' being destroyed
[2020.06.25-00.02.14:627][593]BlueprintLog: New page: Compile ThirdPersonCharacter
[2020.06.25-00.02.14:741][593]LogUObjectHash: Compacting FUObjectHashTables data took   2.24ms
[2020.06.25-00.02.14:778][593]LogSlate: Took 0.001109 seconds to synchronously load lazily loaded font '../../../Engine/Content/Slate/Fonts/DroidSansMono.ttf' (77K)
[2020.06.25-00.02.17:019][832]LogTemp: Repeating last play command: Selected Viewport
[2020.06.25-00.02.17:031][832]LogPlayLevel: PlayLevel: No blueprints needed recompiling
[2020.06.25-00.02.17:031][832]LogHMD: Initializing OVRPlugin session
[2020.06.25-00.02.25:707][832]LogHMD: Allocating Oculus 3008 x 1616 rendertarget swapchain
[2020.06.25-00.02.25:711][832]PIE: New page: PIE session: KevinMap (25 Jun 2020, 8:02:25 pm)
[2020.06.25-00.02.25:751][832]LogOnline: OSS: Creating online subsystem instance for: NULL
[2020.06.25-00.02.25:752][832]LogOnline: OSS: TryLoadSubsystemAndSetDefault: Loaded subsystem for module [NULL]
[2020.06.25-00.02.25:753][832]LogPlayLevel: Creating play world package: /Game/ThirdPersonBP/Maps/UEDPIE_0_KevinMap
[2020.06.25-00.02.25:766][832]LogPlayLevel: PIE: StaticDuplicateObject took: (0.012709s)
[2020.06.25-00.02.25:768][832]LogAIModule: Creating AISystem for world KevinMap
[2020.06.25-00.02.25:768][832]LogAISub: UAISubsystem::UAISubsystem EnvQueryManager (0000018832957E00), frame # 9832
[2020.06.25-00.02.25:768][832]LogAISub: UAISubsystem::UAISubsystem AIPerceptionSystem (0000018848CE7D80), frame # 9832
[2020.06.25-00.02.25:768][832]LogPlayLevel: PIE: World Init took: (0.001954s)
[2020.06.25-00.02.25:768][832]LogPlayLevel: PIE: Created PIE world by copying editor world from /Game/ThirdPersonBP/Maps/KevinMap.KevinMap to /Game/ThirdPersonBP/Maps/UEDPIE_0_KevinMap.KevinMap (0.015113s)
[2020.06.25-00.02.25:792][832]LogUObjectHash: Compacting FUObjectHashTables data took   2.26ms
[2020.06.25-00.02.25:797][832]LogAudioMixer: Display: Audio Mixer Platform Settings:
[2020.06.25-00.02.25:797][832]LogAudioMixer: Display: 	Sample Rate:						  48000
[2020.06.25-00.02.25:797][832]LogAudioMixer: Display: 	Callback Buffer Frame Size Requested: 1024
[2020.06.25-00.02.25:797][832]LogAudioMixer: Display: 	Callback Buffer Frame Size To Use:	  1024
[2020.06.25-00.02.25:797][832]LogAudioMixer: Display: 	Number of buffers to queue:			  2
[2020.06.25-00.02.25:797][832]LogAudioMixer: Display: 	Max Channels (voices):				  32
[2020.06.25-00.02.25:797][832]LogAudioMixer: Display: 	Number of Async Source Workers:		  0
[2020.06.25-00.02.25:797][832]LogAudio: Display: AudioDevice MaxSources: 32
[2020.06.25-00.02.25:798][832]LogAudio: Display: Using built-in audio occlusion.
[2020.06.25-00.02.25:798][832]LogAudioMixer: Display: Initializing audio mixer.
[2020.06.25-00.02.25:810][832]LogAudioMixer: Display: 0: FrontLeft
[2020.06.25-00.02.25:810][832]LogAudioMixer: Display: 1: FrontRight
[2020.06.25-00.02.25:845][832]LogAudioMixer: Display: Using Audio Device Speakers (3- Realtek High Definition Audio)
[2020.06.25-00.02.25:845][832]LogAudioMixer: Display: Initializing Sound Submixes...
[2020.06.25-00.02.25:845][832]LogAudioMixer: Display: Creating Master Submix 'MasterSubmixDefault'
[2020.06.25-00.02.25:845][832]LogAudioMixer: Display: Creating Master Submix 'MasterReverbSubmixDefault'
[2020.06.25-00.02.25:846][832]LogAudioMixer: Display: Creating Master Submix 'MasterEQSubmixDefault'
[2020.06.25-00.02.25:858][832]LogInit: FAudioDevice initialized.
[2020.06.25-00.02.26:526][832]LogLoad: Game class is 'ThirdPersonGameMode_C'
[2020.06.25-00.02.26:618][832]LogWorld: Bringing World /Game/ThirdPersonBP/Maps/UEDPIE_0_KevinMap.KevinMap up for play (max tick rate 0) at 2020.06.25-10.02.26
[2020.06.25-00.02.26:620][832]LogWorld: Bringing up level for play took: 0.002949
[2020.06.25-00.02.26:620][832]LogOnline: OSS: Creating online subsystem instance for: :Context_5
[2020.06.25-00.02.26:634][832]LogContentBrowser: Native class hierarchy updated for 'MovieSceneCapture' in 0.0005 seconds. Added 20 classes and 0 folders.
[2020.06.25-00.02.26:638][832]PIE: Server logged in
[2020.06.25-00.02.26:640][832]PIE: Play in editor total start time 9.612 seconds.
[2020.06.25-00.02.54:633][736]LogSlate: Updating window title bar state: overlay mode, drag disabled, window buttons hidden, title bar hidden
[2020.06.25-00.02.54:633][736]LogWorld: BeginTearingDown for /Game/ThirdPersonBP/Maps/UEDPIE_0_KevinMap
[2020.06.25-00.02.54:633][736]LogWorld: UWorld::CleanupWorld for KevinMap, bSessionEnded=true, bCleanupResources=true
[2020.06.25-00.02.54:633][736]LogSlate: InvalidateAllWidgets triggered.  All widgets were invalidated
[2020.06.25-00.02.54:647][736]LogPlayLevel: Display: Shutting down PIE online subsystems
[2020.06.25-00.02.54:651][736]LogSlate: InvalidateAllWidgets triggered.  All widgets were invalidated
[2020.06.25-00.02.54:691][736]LogSlate: Updating window title bar state: overlay mode, drag disabled, window buttons hidden, title bar hidden
[2020.06.25-00.02.54:710][736]LogAISub: UAISubsystem::~UAISubsystem AIPerceptionSystem (0000018848CE7D80), frame # 10736
[2020.06.25-00.02.54:710][736]LogAISub: UAISubsystem::~UAISubsystem EnvQueryManager (0000018832957E00), frame # 10736
[2020.06.25-00.02.54:718][736]LogUObjectHash: Compacting FUObjectHashTables data took   3.60ms
[2020.06.25-00.02.54:754][737]LogPlayLevel: Display: Destroying online subsystem :Context_5
[2020.06.25-00.04.22:703][450]LogSavePackage: Moving '../../../../../../Studio3_Team3/S3T3/Team3Game/Saved/ThirdPersonCharacterAC97ED5848B3805C839436B951C15D1D.tmp' to '../../../../../../Studio3_Team3/S3T3/Team3Game/Content/ThirdPersonBP/Blueprints/ThirdPersonCharacter.uasset'
[2020.06.25-00.04.22:733][450]AssetCheck: New page: Asset Save: ThirdPersonCharacter
[2020.06.25-00.04.22:733][450]LogContentValidation: Display: Validating Blueprint /Game/ThirdPersonBP/Blueprints/ThirdPersonCharacter.ThirdPersonCharacter
[2020.06.25-00.53.44:616][960]LogUObjectHash: Compacting FUObjectHashTables data took  30.51ms
[2020.06.25-00.53.44:682][960]Cmd: OBJ SAVEPACKAGE PACKAGE="/Game/ThirdPersonBP/Maps/KevinMap" FILE="../../../../../../Studio3_Team3/S3T3/Team3Game/Content/ThirdPersonBP/Maps/KevinMap.umap" SILENT=true AUTOSAVING=false KEEPDIRTY=false
[2020.06.25-00.53.44:732][960]LogUObjectHash: Compacting FUObjectHashTables data took   0.93ms
[2020.06.25-00.53.44:811][960]LogSavePackage: Moving '../../../../../../Studio3_Team3/S3T3/Team3Game/Saved/KevinMap2FF5E2244ADAE3DCB63432949F2CBA48.tmp' to '../../../../../../Studio3_Team3/S3T3/Team3Game/Content/ThirdPersonBP/Maps/KevinMap.umap'
[2020.06.25-00.53.44:850][960]LogFileHelpers: Saving map 'KevinMap' took 0.169
[2020.06.25-00.53.44:872][960]AssetCheck: New page: Asset Save: KevinMap
[2020.06.25-00.53.44:873][960]LogContentValidation: Display: Validating World /Game/ThirdPersonBP/Maps/KevinMap.KevinMap
[2020.06.25-00.54.52:184][  4]LogUObjectHash: Compacting FUObjectHashTables data took   2.67ms
[2020.06.25-00.54.52:251][  4]LogWorld: UWorld::CleanupWorld for World_3, bSessionEnded=true, bCleanupResources=true
[2020.06.25-00.54.52:251][  4]LogSlate: InvalidateAllWidgets triggered.  All widgets were invalidated
[2020.06.25-00.54.52:581][  4]LogSlate: Window 'Team3Game - Unreal Editor' being destroyed
[2020.06.25-00.54.52:588][  4]LogWindowsTextInputMethodSystem: Display: IME system now deactivated.
[2020.06.25-00.54.53:034][  5]Cmd: QUIT_EDITOR
[2020.06.25-00.54.53:034][  5]LogCore: Engine exit requested (reason: UUnrealEdEngine::CloseEditor())
[2020.06.25-00.54.53:046][  5]LogCore: Engine exit requested (reason: EngineExit() was called; note: exit was already requested)
[2020.06.25-00.54.53:318][  5]LogExit: Preparing to exit.
[2020.06.25-00.54.54:505][  5]LogWorld: UWorld::CleanupWorld for World_4, bSessionEnded=true, bCleanupResources=true
[2020.06.25-00.54.54:517][  5]LogWorld: UWorld::CleanupWorld for World_1, bSessionEnded=true, bCleanupResources=true
[2020.06.25-00.54.54:527][  5]LogWorld: UWorld::CleanupWorld for World_0, bSessionEnded=true, bCleanupResources=true
[2020.06.25-00.54.54:536][  5]LogWorld: UWorld::CleanupWorld for World_2, bSessionEnded=true, bCleanupResources=true
[2020.06.25-00.54.54:902][  5]LogWorld: UWorld::CleanupWorld for None, bSessionEnded=true, bCleanupResources=true
[2020.06.25-00.54.54:903][  5]LogExit: Editor shut down
[2020.06.25-00.54.54:908][  5]LogExit: Transaction tracking system shut down
[2020.06.25-00.54.54:931][  5]LogDemo: Cleaned up 0 splitscreen connections with owner deletion
[2020.06.25-00.54.56:069][  5]LogAISub: UAISubsystem::~UAISubsystem AIPerceptionSystem (0000018837FB5F80), frame # 24005
[2020.06.25-00.54.56:069][  5]LogAISub: UAISubsystem::~UAISubsystem EnvQueryManager (0000018837F1B400), frame # 24005
[2020.06.25-00.54.56:275][  5]LogAISub: UAISubsystem::~UAISubsystem AISubsystem (000001882C599BC0), frame # 24005
[2020.06.25-00.54.56:275][  5]LogAISub: UAISubsystem::~UAISubsystem AIPerceptionSystem (000001882C4CFC40), frame # 24005
[2020.06.25-00.54.56:276][  5]LogAISub: UAISubsystem::~UAISubsystem EnvQueryManager (000001882C554A00), frame # 24005
[2020.06.25-00.54.57:187][  5]LogExit: Object subsystem successfully closed.
[2020.06.25-00.54.57:298][  5]LogShaderCompilers: Display: Shaders left to compile 0
[2020.06.25-00.54.57:539][  5]LogModuleManager: Shutting down and abandoning module MovieSceneCapture (796)
[2020.06.25-00.54.57:540][  5]LogModuleManager: Shutting down and abandoning module Voice (794)
[2020.06.25-00.54.57:543][  5]LogModuleManager: Shutting down and abandoning module BlueprintGraph (792)
[2020.06.25-00.54.57:544][  5]LogModuleManager: Shutting down and abandoning module HierarchicalLODOutliner (790)
[2020.06.25-00.54.57:544][  5]LogModuleManager: Shutting down and abandoning module SceneOutliner (788)
[2020.06.25-00.54.57:544][  5]LogModuleManager: Shutting down and abandoning module AddContentDialog (786)
[2020.06.25-00.54.57:564][  5]LogModuleManager: Shutting down and abandoning module WidgetCarousel (785)
[2020.06.25-00.54.57:564][  5]LogModuleManager: Shutting down and abandoning module EditorWidgets (782)
[2020.06.25-00.54.57:564][  5]LogModuleManager: Shutting down and abandoning module CollectionManager (780)
[2020.06.25-00.54.57:566][  5]LogModuleManager: Shutting down and abandoning module StatsViewer (778)
[2020.06.25-00.54.57:568][  5]LogModuleManager: Shutting down and abandoning module VirtualTexturingEditor (776)
[2020.06.25-00.54.57:568][  5]LogModuleManager: Shutting down and abandoning module FoliageEdit (774)
[2020.06.25-00.54.57:569][  5]LogModuleManager: Shutting down and abandoning module LandscapeEditor (772)
[2020.06.25-00.54.57:572][  5]LogModuleManager: Shutting down and abandoning module MeshPaintMode (770)
[2020.06.25-00.54.57:573][  5]LogModuleManager: Shutting down and abandoning module SceneDepthPickerMode (768)
[2020.06.25-00.54.57:573][  5]LogModuleManager: Shutting down and abandoning module ActorPickerMode (766)
[2020.06.25-00.54.57:573][  5]LogModuleManager: Shutting down and abandoning module PIEPreviewDeviceProfileSelector (764)
[2020.06.25-00.54.57:574][  5]LogModuleManager: Shutting down and abandoning module SequenceRecorderSections (762)
[2020.06.25-00.54.57:575][  5]LogModuleManager: Shutting down and abandoning module AutomationWorker (760)
[2020.06.25-00.54.57:575][  5]LogModuleManager: Shutting down and abandoning module SteamVREditor (758)
[2020.06.25-00.54.57:576][  5]LogModuleManager: Shutting down and abandoning module OculusMR (756)
[2020.06.25-00.54.57:577][  5]LogModuleManager: Shutting down and abandoning module GooglePADEditor (754)
[2020.06.25-00.54.57:578][  5]LogModuleManager: Shutting down and abandoning module AudioCaptureEditor (752)
[2020.06.25-00.54.57:578][  5]LogModuleManager: Shutting down and abandoning module TemplateSequenceEditor (750)
[2020.06.25-00.54.57:585][  5]LogModuleManager: Shutting down and abandoning module MatineeToLevelSequence (748)
[2020.06.25-00.54.57:585][  5]LogModuleManager: Shutting down and abandoning module LevelSequenceEditor (746)
[2020.06.25-00.54.57:588][  5]LogModuleManager: Shutting down and abandoning module ActorSequenceEditor (744)
[2020.06.25-00.54.57:590][  5]LogModuleManager: Shutting down and abandoning module WmfMediaFactory (742)
[2020.06.25-00.54.57:590][  5]LogModuleManager: Shutting down and abandoning module WmfMediaEditor (740)
[2020.06.25-00.54.57:590][  5]LogModuleManager: Shutting down and abandoning module WebMMediaFactory (738)
[2020.06.25-00.54.57:590][  5]LogModuleManager: Shutting down and abandoning module WebMMediaEditor (736)
[2020.06.25-00.54.57:590][  5]LogModuleManager: Shutting down and abandoning module WebMMedia (734)
[2020.06.25-00.54.57:591][  5]LogModuleManager: Shutting down and abandoning module MediaPlayerEditor (732)
[2020.06.25-00.54.57:592][  5]LogModuleManager: Shutting down and abandoning module MediaCompositingEditor (730)
[2020.06.25-00.54.57:593][  5]LogModuleManager: Shutting down and abandoning module SequenceRecorder (729)
[2020.06.25-00.54.57:594][  5]LogModuleManager: Shutting down and abandoning module OpenExrWrapper (726)
[2020.06.25-00.54.57:594][  5]LogModuleManager: Shutting down and abandoning module ImgMediaFactory (724)
[2020.06.25-00.54.57:596][  5]LogModuleManager: Shutting down and abandoning module ImgMediaEditor (722)
[2020.06.25-00.54.57:596][  5]LogModuleManager: Shutting down and abandoning module AvfMediaFactory (720)
[2020.06.25-00.54.57:596][  5]LogModuleManager: Shutting down and abandoning module AvfMediaEditor (718)
[2020.06.25-00.54.57:597][  5]LogModuleManager: Shutting down and abandoning module AndroidMediaFactory (716)
[2020.06.25-00.54.57:597][  5]LogModuleManager: Shutting down and abandoning module AndroidMediaEditor (714)
[2020.06.25-00.54.57:597][  5]LogModuleManager: Shutting down and abandoning module MagicLeapMediaCodecFactory (712)
[2020.06.25-00.54.57:597][  5]LogModuleManager: Shutting down and abandoning module MagicLeapMediaFactory (710)
[2020.06.25-00.54.57:597][  5]LogModuleManager: Shutting down and abandoning module MagicLeapMediaEditor (708)
[2020.06.25-00.54.57:597][  5]LogModuleManager: Shutting down and abandoning module PlanarCut (706)
[2020.06.25-00.54.57:598][  5]LogModuleManager: Shutting down and abandoning module CharacterAI (704)
[2020.06.25-00.54.57:598][  5]LogModuleManager: Shutting down and abandoning module TextureAlignMode (702)
[2020.06.25-00.54.57:598][  5]LogModuleManager: Shutting down and abandoning module BspMode (700)
[2020.06.25-00.54.57:599][  5]LogModuleManager: Shutting down and abandoning module PlacementMode (699)
[2020.06.25-00.54.57:599][  5]LogModuleManager: Shutting down and abandoning module GeometryMode (696)
[2020.06.25-00.54.57:599][  5]LogModuleManager: Shutting down and abandoning module CameraShakePreviewer (694)
[2020.06.25-00.54.57:600][  5]LogModuleManager: Shutting down and abandoning module SmartSnapping (692)
[2020.06.25-00.54.57:600][  5]LogModuleManager: Shutting down and abandoning module SessionServices (690)
[2020.06.25-00.54.57:600][  5]LogModuleManager: Shutting down and abandoning module MeshPaint (688)
[2020.06.25-00.54.57:603][  5]LogModuleManager: Shutting down and abandoning module ViewportSnapping (686)
[2020.06.25-00.54.57:603][  5]LogModuleManager: Shutting down and abandoning module ViewportInteraction (684)
[2020.06.25-00.54.57:603][  5]LogModuleManager: Shutting down and abandoning module ClothPainter (682)
[2020.06.25-00.54.57:607][  5]LogModuleManager: Shutting down and abandoning module SkeletalMeshEditor (681)
[2020.06.25-00.54.57:609][  5]LogModuleManager: Shutting down and abandoning module LogVisualizer (678)
[2020.06.25-00.54.57:624][  5]LogModuleManager: Shutting down and abandoning module IntroTutorials (676)
[2020.06.25-00.54.57:625][  5]LogModuleManager: Shutting down and abandoning module GameProjectGeneration (675)
[2020.06.25-00.54.57:627][  5]LogModuleManager: Shutting down and abandoning module LuminPlatformEditor (672)
[2020.06.25-00.54.57:627][  5]LogModuleManager: Shutting down and abandoning module IOSPlatformEditor (670)
[2020.06.25-00.54.57:628][  5]LogModuleManager: Shutting down and abandoning module AndroidPlatformEditor (668)
[2020.06.25-00.54.57:628][  5]LogModuleManager: Shutting down and abandoning module AndroidDeviceDetection (667)
[2020.06.25-00.54.59:391][  5]LogModuleManager: Shutting down and abandoning module WindowsPlatformEditor (664)
[2020.06.25-00.54.59:391][  5]LogModuleManager: Shutting down and abandoning module LuminRuntimeSettings (662)
[2020.06.25-00.54.59:391][  5]LogModuleManager: Shutting down and abandoning module IOSRuntimeSettings (660)
[2020.06.25-00.54.59:391][  5]LogModuleManager: Shutting down and abandoning module AndroidRuntimeSettings (658)
[2020.06.25-00.54.59:391][  5]LogModuleManager: Shutting down and abandoning module TraceInsights (656)
[2020.06.25-00.54.59:396][  5]LogModuleManager: Shutting down and abandoning module TraceServices (655)
[2020.06.25-00.54.59:397][  5]LogModuleManager: Shutting down and abandoning module EditorInteractiveToolsFramework (652)
[2020.06.25-00.54.59:398][  5]LogModuleManager: Shutting down and abandoning module TimeManagementEditor (650)
[2020.06.25-00.54.59:398][  5]LogModuleManager: Shutting down and abandoning module InputBindingEditor (648)
[2020.06.25-00.54.59:398][  5]LogModuleManager: Shutting down and abandoning module MergeActors (646)
[2020.06.25-00.54.59:401][  5]LogModuleManager: Shutting down and abandoning module LocalizationDashboard (644)
[2020.06.25-00.54.59:402][  5]LogModuleManager: Shutting down and abandoning module LocalizationService (643)
[2020.06.25-00.54.59:403][  5]LogModuleManager: Shutting down and abandoning module HardwareTargeting (640)
[2020.06.25-00.54.59:403][  5]LogModuleManager: Shutting down and abandoning module DeviceProfileEditor (638)
[2020.06.25-00.54.59:404][  5]LogModuleManager: Shutting down and abandoning module UndoHistory (636)
[2020.06.25-00.54.59:404][  5]LogModuleManager: Shutting down and abandoning module XmlParser (634)
[2020.06.25-00.54.59:406][  5]LogModuleManager: Shutting down and abandoning module Blutility (632)
[2020.06.25-00.54.59:406][  5]LogModuleManager: Shutting down and abandoning module ProjectSettingsViewer (630)
[2020.06.25-00.54.59:406][  5]LogModuleManager: Shutting down and abandoning module ProjectTargetPlatformEditor (629)
[2020.06.25-00.54.59:407][  5]LogModuleManager: Shutting down and abandoning module EditorSettingsViewer (626)
[2020.06.25-00.54.59:408][  5]LogModuleManager: Shutting down and abandoning module SettingsEditor (624)
[2020.06.25-00.54.59:441][  5]LogModuleManager: Shutting down and abandoning module ProjectLauncher (622)
[2020.06.25-00.54.59:445][  5]LogModuleManager: Shutting down and abandoning module SessionFrontend (620)
[2020.06.25-00.54.59:446][  5]LogModuleManager: Shutting down and abandoning module ProfilerClient (618)
[2020.06.25-00.54.59:449][  5]LogModuleManager: Shutting down and abandoning module DeviceManager (616)
[2020.06.25-00.54.59:452][  5]LogModuleManager: Shutting down and abandoning module TargetDeviceServices (615)
[2020.06.25-00.54.59:490][  5]LogModuleManager: Shutting down and abandoning module AutomationController (612)
[2020.06.25-00.54.59:506][  5]LogModuleManager: Shutting down and abandoning module AutomationWindow (610)
[2020.06.25-00.54.59:512][  5]LogModuleManager: Shutting down and abandoning module Layers (608)
[2020.06.25-00.54.59:518][  5]LogModuleManager: Shutting down and abandoning module ComponentVisualizers (606)
[2020.06.25-00.54.59:520][  5]LogModuleManager: Shutting down and abandoning module DetailCustomizations (604)
[2020.06.25-00.54.59:520][  5]LogModuleManager: Shutting down and abandoning module PackagesDialog (602)
[2020.06.25-00.54.59:527][  5]LogModuleManager: Shutting down and abandoning module AnimationBlueprintEditor (600)
[2020.06.25-00.54.59:541][  5]LogModuleManager: Shutting down and abandoning module Persona (598)
[2020.06.25-00.54.59:543][  5]LogModuleManager: Shutting down and abandoning module AdvancedPreviewScene (597)
[2020.06.25-00.54.59:543][  5]LogModuleManager: Shutting down and abandoning module AnimGraph (595)
[2020.06.25-00.54.59:543][  5]LogModuleManager: Shutting down and abandoning module Kismet (592)
[2020.06.25-00.54.59:606][  5]LogModuleManager: Shutting down and abandoning module KismetWidgets (591)
[2020.06.25-00.54.59:607][  5]LogModuleManager: Shutting down and abandoning module GraphEditor (588)
[2020.06.25-00.54.59:607][  5]LogModuleManager: Shutting down and abandoning module StructViewer (586)
[2020.06.25-00.54.59:608][  5]LogModuleManager: Shutting down and abandoning module ClassViewer (584)
[2020.06.25-00.54.59:608][  5]LogModuleManager: Shutting down and abandoning module Toolbox (582)
[2020.06.25-00.54.59:608][  5]LogModuleManager: Shutting down and abandoning module ModuleUI (580)
[2020.06.25-00.54.59:609][  5]LogModuleManager: Shutting down and abandoning module OutputLog (578)
[2020.06.25-00.54.59:617][  5]LogModuleManager: Shutting down and abandoning module GammaUI (576)
[2020.06.25-00.54.59:633][  5]LogModuleManager: Shutting down and abandoning module Documentation (574)
[2020.06.25-00.54.59:650][  5]LogModuleManager: Shutting down and abandoning module LiveCoding (572)
[2020.06.25-00.54.59:652][  5]LogModuleManager: Shutting down and abandoning module LevelSequence (570)
[2020.06.25-00.54.59:652][  5]LogModuleManager: Shutting down and abandoning module MovieSceneTracks (568)
[2020.06.25-00.54.59:652][  5]LogModuleManager: Shutting down and abandoning module MovieScene (566)
[2020.06.25-00.54.59:652][  5]LogModuleManager: Shutting down and abandoning module StreamingPauseRendering (564)
[2020.06.25-00.54.59:653][  5]LogModuleManager: Shutting down and abandoning module LauncherPlatform (562)
[2020.06.25-00.54.59:653][  5]LogModuleManager: Shutting down and abandoning module AnalyticsET (560)
[2020.06.25-00.54.59:653][  5]LogModuleManager: Shutting down and abandoning module PortalServices (558)
[2020.06.25-00.54.59:653][  5]LogModuleManager: Shutting down and abandoning module PortalRpc (556)
[2020.06.25-00.54.59:653][  5]LogModuleManager: Shutting down and abandoning module MessagingRpc (554)
[2020.06.25-00.54.59:653][  5]LogModuleManager: Shutting down and abandoning module AudioMixerXAudio2 (552)
[2020.06.25-00.54.59:653][  5]LogModuleManager: Shutting down and abandoning module AudioMixerCore (551)
[2020.06.25-00.54.59:653][  5]LogModuleManager: Shutting down and abandoning module AIModule (548)
[2020.06.25-00.54.59:654][  5]LogModuleManager: Shutting down and abandoning module GameplayDebugger (547)
[2020.06.25-00.54.59:660][  5]LogModuleManager: Shutting down and abandoning module AITestSuite (545)
[2020.06.25-00.54.59:661][  5]LogModuleManager: Shutting down and abandoning module NavigationSystem (543)
[2020.06.25-00.54.59:661][  5]LogModuleManager: Shutting down and abandoning module ProfilerService (540)
[2020.06.25-00.54.59:820][  5]LogModuleManager: Shutting down and abandoning module TaskGraph (538)
[2020.06.25-00.54.59:853][  5]LogModuleManager: Shutting down and abandoning module ScreenshotTools (536)
[2020.06.25-00.54.59:853][  5]LogModuleManager: Shutting down and abandoning module SynthesisEditor (534)
[2020.06.25-00.54.59:853][  5]LogModuleManager: Shutting down and abandoning module Synthesis (532)
[2020.06.25-00.54.59:855][  5]LogModuleManager: Shutting down and abandoning module ProceduralMeshComponentEditor (530)
[2020.06.25-00.54.59:855][  5]LogModuleManager: Shutting down and abandoning module ProceduralMeshComponent (528)
[2020.06.25-00.54.59:855][  5]LogModuleManager: Shutting down and abandoning module OculusEditor (526)
[2020.06.25-00.54.59:860][  5]LogModuleManager: Shutting down and abandoning module OculusInput (524)
[2020.06.25-00.54.59:860][  5]LogModuleManager: Shutting down and abandoning module MobilePatchingUtils (522)
[2020.06.25-00.54.59:860][  5]LogModuleManager: Shutting down and abandoning module GooglePAD (520)
[2020.06.25-00.54.59:860][  5]LogModuleManager: Shutting down and abandoning module EditableMesh (518)
[2020.06.25-00.54.59:861][  5]LogModuleManager: Shutting down and abandoning module CustomMeshComponent (516)
[2020.06.25-00.54.59:861][  5]LogModuleManager: Shutting down and abandoning module CableComponent (514)
[2020.06.25-00.54.59:861][  5]LogModuleManager: Shutting down and abandoning module AudioCapture (512)
[2020.06.25-00.54.59:861][  5]LogModuleManager: Shutting down and abandoning module AudioCaptureRtAudio (511)
[2020.06.25-00.54.59:862][  5]LogModuleManager: Shutting down and abandoning module AssetTags (508)
[2020.06.25-00.54.59:862][  5]LogModuleManager: Shutting down and abandoning module ArchVisCharacter (506)
[2020.06.25-00.54.59:862][  5]LogModuleManager: Shutting down and abandoning module AppleImageUtilsBlueprintSupport (504)
[2020.06.25-00.54.59:862][  5]LogModuleManager: Shutting down and abandoning module AppleImageUtils (502)
[2020.06.25-00.54.59:862][  5]LogModuleManager: Shutting down and abandoning module AndroidPermission (500)
[2020.06.25-00.54.59:862][  5]LogModuleManager: Shutting down and abandoning module NUTUnrealEngine4 (498)
[2020.06.25-00.54.59:862][  5]LogModuleManager: Shutting down and abandoning module NetcodeUnitTest (496)
[2020.06.25-00.54.59:863][  5]LogModuleManager: Shutting down and abandoning module TemplateSequence (494)
[2020.06.25-00.54.59:863][  5]LogModuleManager: Shutting down and abandoning module MovieRenderPipelineEditor (492)
[2020.06.25-00.54.59:871][  5]LogModuleManager: Shutting down and abandoning module MovieRenderPipelineRenderPasses (490)
[2020.06.25-00.54.59:887][  5]LogModuleManager: Shutting down and abandoning module MovieRenderPipelineSettings (488)
[2020.06.25-00.54.59:887][  5]LogModuleManager: Shutting down and abandoning module MovieRenderPipelineCore (486)
[2020.06.25-00.54.59:887][  5]LogModuleManager: Shutting down and abandoning module ImageWriteQueue (485)
[2020.06.25-00.54.59:923][  5]LogModuleManager: Shutting down and abandoning module MeshPaintingToolset (482)
[2020.06.25-00.54.59:924][  5]LogModuleManager: Shutting down and abandoning module MeshPaintEditorMode (480)
[2020.06.25-00.54.59:924][  5]LogModuleManager: Shutting down and abandoning module MediaCompositing (478)
[2020.06.25-00.54.59:924][  5]LogModuleManager: Shutting down and abandoning module ImgMedia (476)
[2020.06.25-00.54.59:924][  5]LogModuleManager: Shutting down and abandoning module MagicLeapSharedWorld (474)
[2020.06.25-00.54.59:924][  5]LogModuleManager: Shutting down and abandoning module MagicLeapLightEstimation (472)
[2020.06.25-00.54.59:924][  5]LogModuleManager: Shutting down and abandoning module MagicLeapHelperVulkan (470)
[2020.06.25-00.54.59:924][  5]LogModuleManager: Shutting down and abandoning module MagicLeapHelperOpenGL (468)
[2020.06.25-00.54.59:924][  5]LogModuleManager: Shutting down and abandoning module MagicLeapAudio (466)
[2020.06.25-00.54.59:925][  5]LogModuleManager: Shutting down and abandoning module NiagaraEditorWidgets (464)
[2020.06.25-00.54.59:928][  5]LogModuleManager: Shutting down and abandoning module MeshSolverUtilities (462)
[2020.06.25-00.54.59:932][  5]LogModuleManager: Shutting down and abandoning module MeshConversion (460)
[2020.06.25-00.54.59:935][  5]LogModuleManager: Shutting down and abandoning module DynamicMesh (458)
[2020.06.25-00.54.59:950][  5]LogModuleManager: Shutting down and abandoning module GeometryAlgorithms (456)
[2020.06.25-00.54.59:951][  5]LogModuleManager: Shutting down and abandoning module GeometricObjects (454)
[2020.06.25-00.54.59:951][  5]LogModuleManager: Shutting down and abandoning module GeometryCollectionTracks (452)
[2020.06.25-00.54.59:951][  5]LogModuleManager: Shutting down and abandoning module GeometryCollectionSequencer (451)
[2020.06.25-00.54.59:952][  5]LogModuleManager: Shutting down and abandoning module GeometryCollectionEditor (448)
[2020.06.25-00.54.59:952][  5]LogModuleManager: Shutting down and abandoning module GeometryCacheTracks (446)
[2020.06.25-00.54.59:952][  5]LogModuleManager: Shutting down and abandoning module GeometryCacheSequencer (444)
[2020.06.25-00.54.59:952][  5]LogModuleManager: Shutting down and abandoning module ChaosSolverEditor (442)
[2020.06.25-00.54.59:952][  5]LogModuleManager: Shutting down and abandoning module ChaosNiagara (440)
[2020.06.25-00.54.59:952][  5]LogModuleManager: Shutting down and abandoning module FractureEditor (438)
[2020.06.25-00.54.59:952][  5]LogModuleManager: Shutting down and abandoning module ChaosClothEditor (436)
[2020.06.25-00.54.59:952][  5]LogModuleManager: Shutting down and abandoning module ChaosCloth (434)
[2020.06.25-00.54.59:965][  5]LogModuleManager: Shutting down and abandoning module BackChannel (432)
[2020.06.25-00.54.59:969][  5]LogModuleManager: Shutting down and abandoning module AutomationUtilsEditor (430)
[2020.06.25-00.54.59:969][  5]LogModuleManager: Shutting down and abandoning module AutomationUtils (428)
[2020.06.25-00.54.59:969][  5]LogModuleManager: Shutting down and abandoning module AlembicImporter (426)
[2020.06.25-00.54.59:970][  5]LogModuleManager: Shutting down and abandoning module AlembicLibrary (425)
[2020.06.25-00.54.59:970][  5]LogModuleManager: Shutting down and abandoning module GeometryCache (424)
[2020.06.25-00.54.59:970][  5]LogModuleManager: Shutting down and abandoning module GeometryCacheEd (423)
[2020.06.25-00.54.59:970][  5]LogModuleManager: Shutting down and abandoning module VariantManagerContentEditor (418)
[2020.06.25-00.54.59:970][  5]LogModuleManager: Shutting down and abandoning module DatasmithContentEditor (416)
[2020.06.25-00.54.59:971][  5]LogModuleManager: Shutting down and abandoning module SpeedTreeImporter (414)
[2020.06.25-00.54.59:971][  5]LogModuleManager: Shutting down and abandoning module PluginBrowser (412)
[2020.06.25-00.54.59:979][  5]LogModuleManager: Shutting down and abandoning module MobileLauncherProfileWizard (410)
[2020.06.25-00.54.59:980][  5]LogModuleManager: Shutting down and abandoning module MaterialAnalyzer (408)
[2020.06.25-00.54.59:983][  5]LogModuleManager: Shutting down and abandoning module EditorScriptingUtilities (406)
[2020.06.25-00.54.59:983][  5]LogModuleManager: Shutting down and abandoning module CurveEditorTools (404)
[2020.06.25-00.54.59:996][  5]LogModuleManager: Shutting down and abandoning module CryptoKeysOpenSSL (402)
[2020.06.25-00.54.59:996][  5]LogModuleManager: Shutting down and abandoning module CryptoKeys (400)
[2020.06.25-00.54.59:997][  5]LogModuleManager: Shutting down and abandoning module VisualStudioSourceCodeAccess (398)
[2020.06.25-00.55.00:013][  5]LogModuleManager: Shutting down and abandoning module VisualStudioCodeSourceCodeAccess (396)
[2020.06.25-00.55.00:013][  5]LogModuleManager: Shutting down and abandoning module UObjectPlugin (394)
[2020.06.25-00.55.00:013][  5]LogModuleManager: Shutting down and abandoning module SubversionSourceControl (392)
[2020.06.25-00.55.00:025][  5]LogModuleManager: Shutting down and abandoning module RiderSourceCodeAccess (390)
[2020.06.25-00.55.00:025][  5]LogModuleManager: Shutting down and abandoning module PlasticSourceControl (388)
[2020.06.25-00.55.00:029][  5]LogModuleManager: Shutting down and abandoning module PerforceSourceControl (386)
[2020.06.25-00.55.00:031][  5]LogModuleManager: Shutting down and abandoning module GitSourceControl (384)
[2020.06.25-00.55.00:032][  5]LogModuleManager: Shutting down and abandoning module SourceControl (383)
[2020.06.25-00.55.00:032][  5]LogModuleManager: Shutting down and abandoning module CLionSourceCodeAccess (380)
[2020.06.25-00.55.00:032][  5]LogModuleManager: Shutting down and abandoning module AnimationSharingEd (378)
[2020.06.25-00.55.00:032][  5]LogModuleManager: Shutting down and abandoning module ActorLayerUtilitiesEditor (376)
[2020.06.25-00.55.00:032][  5]LogModuleManager: Shutting down and abandoning module ActorLayerUtilities (374)
[2020.06.25-00.55.00:032][  5]LogModuleManager: Shutting down and abandoning module LightPropagationVolumeEditor (372)
[2020.06.25-00.55.00:032][  5]LogModuleManager: Shutting down and abandoning module PaperTiledImporter (370)
[2020.06.25-00.55.00:032][  5]LogModuleManager: Shutting down and abandoning module PaperSpriteSheetImporter (368)
[2020.06.25-00.55.00:032][  5]LogModuleManager: Shutting down and abandoning module Paper2DEditor (366)
[2020.06.25-00.55.00:034][  5]LogModuleManager: Shutting down and abandoning module SoundFields (364)
[2020.06.25-00.55.00:034][  5]LogModuleManager: Shutting down and abandoning module SignificanceManager (362)
[2020.06.25-00.55.00:034][  5]LogModuleManager: Shutting down and abandoning module RuntimePhysXCooking (360)
[2020.06.25-00.55.00:034][  5]LogModuleManager: Shutting down and abandoning module PhysXVehiclesEditor (358)
[2020.06.25-00.55.00:034][  5]LogModuleManager: Shutting down and abandoning module LocationServicesBPLibrary (354)
[2020.06.25-00.55.00:034][  5]LogModuleManager: Shutting down and abandoning module ActorSequence (352)
[2020.06.25-00.55.00:034][  5]LogModuleManager: Shutting down and abandoning module UdpMessaging (350)
