Log file open, 06/25/20 13:42:31
LogInit: Display: Running engine for game: Team3Game
LogPlatformFile: Not using cached read wrapper
LogTaskGraph: Started task graph with 5 named threads and 35 total threads with 3 sets of task threads.
LogStats: Stats thread started at 2.505399
LogD3D11RHI: Loaded GFSDK_Aftermath_Lib.x64.dll
LogICUInternationalization: ICU TimeZone Detection - Raw Offset: +10:00, Platform Override: ''
LogPluginManager: Mounting plugin Paper2D
LogPluginManager: Mounting plugin AISupport
LogPluginManager: Mounting plugin LightPropagationVolume
LogPluginManager: Mounting plugin CameraShakePreviewer
LogPluginManager: Mounting plugin ActorLayerUtilities
LogPluginManager: Mounting plugin AnimationSharing
LogPluginManager: Mounting plugin CLionSourceCodeAccess
LogPluginManager: Mounting plugin CodeLiteSourceCodeAccess
LogPluginManager: Mounting plugin GitSourceControl
LogPluginManager: Mounting plugin KDevelopSourceCodeAccess
LogPluginManager: Mounting plugin NullSourceCodeAccess
LogPluginManager: Mounting plugin PerforceSourceControl
LogPluginManager: Mounting plugin PlasticSourceControl
LogPluginManager: Mounting plugin RiderSourceCodeAccess
LogPluginManager: Mounting plugin SubversionSourceControl
LogPluginManager: Mounting plugin UObjectPlugin
LogPluginManager: Mounting plugin VisualStudioCodeSourceCodeAccess
LogPluginManager: Mounting plugin VisualStudioSourceCodeAccess
LogPluginManager: Mounting plugin XCodeSourceCodeAccess
LogPluginManager: Mounting plugin AssetManagerEditor
LogPluginManager: Mounting plugin CryptoKeys
LogPluginManager: Mounting plugin CurveEditorTools
LogPluginManager: Mounting plugin DataValidation
LogPluginManager: Mounting plugin EditorScriptingUtilities
LogPluginManager: Mounting plugin FacialAnimation
LogPluginManager: Mounting plugin GameplayTagsEditor
LogPluginManager: Mounting plugin GeometryMode
LogPluginManager: Mounting plugin MacGraphicsSwitching
LogPluginManager: Mounting plugin MaterialAnalyzer
LogPluginManager: Mounting plugin MobileLauncherProfileWizard
LogPluginManager: Mounting plugin PluginBrowser
LogPluginManager: Mounting plugin SpeedTreeImporter
LogPluginManager: Mounting plugin DatasmithContent
LogPluginManager: Mounting plugin VariantManagerContent
LogPluginManager: Mounting plugin AlembicImporter
LogPluginManager: Mounting plugin AutomationUtils
LogPluginManager: Mounting plugin BackChannel
LogPluginManager: Mounting plugin ChaosCloth
LogPluginManager: Mounting plugin ChaosClothEditor
LogPluginManager: Mounting plugin ChaosEditor
LogPluginManager: Mounting plugin ChaosNiagara
LogPluginManager: Mounting plugin ChaosSolverPlugin
LogPluginManager: Mounting plugin CharacterAI
LogPluginManager: Mounting plugin GeometryCache
LogPluginManager: Mounting plugin GeometryCollectionPlugin
LogPluginManager: Mounting plugin GeometryProcessing
LogPluginManager: Mounting plugin PlanarCut
LogPluginManager: Mounting plugin PlatformCrypto
LogPluginManager: Mounting plugin ProxyLODPlugin
LogPluginManager: Mounting plugin SkeletalReduction
LogPluginManager: Mounting plugin Niagara
LogPluginManager: Mounting plugin MagicLeap
LogPluginManager: Mounting plugin MagicLeapLightEstimation
LogPluginManager: Mounting plugin MagicLeapMedia
LogPluginManager: Mounting plugin MagicLeapPassableWorld
LogPluginManager: Mounting plugin MLSDK
LogPluginManager: Mounting plugin AndroidMedia
LogPluginManager: Mounting plugin AvfMedia
LogPluginManager: Mounting plugin ImgMedia
LogPluginManager: Mounting plugin MediaCompositing
LogPluginManager: Mounting plugin MediaPlayerEditor
LogPluginManager: Mounting plugin WebMMedia
LogPluginManager: Mounting plugin WmfMedia
LogPluginManager: Mounting plugin MeshPainting
LogPluginManager: Mounting plugin TcpMessaging
LogPluginManager: Mounting plugin UdpMessaging
LogPluginManager: Mounting plugin ActorSequence
LogPluginManager: Mounting plugin LevelSequenceEditor
LogPluginManager: Mounting plugin MatineeToLevelSequence
LogPluginManager: Mounting plugin MovieRenderPipeline
LogPluginManager: Mounting plugin TemplateSequence
LogPluginManager: Mounting plugin NetcodeUnitTest
LogPluginManager: Mounting plugin NUTUnrealEngine4
LogPluginManager: Mounting plugin OnlineSubsystemGooglePlay
LogPluginManager: Mounting plugin OnlineSubsystemIOS
LogPluginManager: Mounting plugin OnlineSubsystem
LogPluginManager: Mounting plugin OnlineSubsystemNull
LogPluginManager: Mounting plugin OnlineSubsystemUtils
LogPluginManager: Mounting plugin LauncherChunkInstaller
LogPluginManager: Mounting plugin AndroidDeviceProfileSelector
LogPluginManager: Mounting plugin AndroidMoviePlayer
LogPluginManager: Mounting plugin AndroidPermission
LogPluginManager: Mounting plugin AppleImageUtils
LogPluginManager: Mounting plugin AppleMoviePlayer
LogPluginManager: Mounting plugin ArchVisCharacter
LogPluginManager: Mounting plugin AssetTags
LogPluginManager: Mounting plugin AudioCapture
LogPluginManager: Mounting plugin CableComponent
LogPluginManager: Mounting plugin CustomMeshComponent
LogPluginManager: Mounting plugin EditableMesh
LogPluginManager: Mounting plugin ExampleDeviceProfileSelector
LogPluginManager: Mounting plugin GoogleCloudMessaging
LogPluginManager: Mounting plugin GooglePAD
LogPluginManager: Mounting plugin IOSDeviceProfileSelector
LogPluginManager: Mounting plugin LinuxDeviceProfileSelector
LogPluginManager: Mounting plugin LocationServicesBPLibrary
LogPluginManager: Mounting plugin MobilePatchingUtils
LogPluginManager: Mounting plugin OculusVR
LogPluginManager: Mounting plugin PhysXVehicles
LogPluginManager: Mounting plugin PostSplashScreen
LogPluginManager: Mounting plugin ProceduralMeshComponent
LogPluginManager: Mounting plugin RuntimePhysXCooking
LogPluginManager: Mounting plugin SignificanceManager
LogPluginManager: Mounting plugin SoundFields
LogPluginManager: Mounting plugin SteamVR
LogPluginManager: Mounting plugin Synthesis
LogPluginManager: Mounting plugin WebMMoviePlayer
LogPluginManager: Mounting plugin WindowsMoviePlayer
LogPluginManager: Mounting plugin ScreenshotTools
LogInit: Using libcurl 7.55.1-DEV
LogInit:  - built for x86_64-pc-win32
LogInit:  - supports SSL with OpenSSL/1.1.1
LogInit:  - supports HTTP deflate (compression) using libz 1.2.8
LogInit:  - other features:
LogInit:      CURL_VERSION_SSL
LogInit:      CURL_VERSION_LIBZ
LogInit:      CURL_VERSION_IPV6
LogInit:      CURL_VERSION_ASYNCHDNS
LogInit:      CURL_VERSION_LARGEFILE
LogInit:      CURL_VERSION_IDN
LogInit:  CurlRequestOptions (configurable via config and command line):
LogInit:  - bVerifyPeer = true  - Libcurl will verify peer certificate
LogInit:  - bUseHttpProxy = false  - Libcurl will NOT use HTTP proxy
LogInit:  - bDontReuseConnections = false  - Libcurl will reuse connections
LogInit:  - MaxHostConnections = 16  - Libcurl will limit the number of connections to a host
LogInit:  - LocalHostAddr = Default
LogInit:  - BufferSize = 65536
LogOnline: OSS: Creating online subsystem instance for: NULL
LogInit: WinSock: version 1.1 (2.2), MaxSocks=32767, MaxUdp=65467
LogOnline: OSS: TryLoadSubsystemAndSetDefault: Loaded subsystem for module [NULL]
LogOculusPluginWrapper: OculusPlugin initialized successfully
LogInit: Build: ++UE4+Release-4.25-CL-13594126
LogInit: Engine Version: 4.25.1-13594126+++UE4+Release-4.25
LogInit: Compatible Engine Version: 4.25.0-13144385+++UE4+Release-4.25
LogInit: Net CL: 13144385
LogInit: OS: Windows 10 (Release 1903) (), CPU: AMD Ryzen 5 3600 6-Core Processor              , GPU: Radeon RX 590 Series
LogInit: Compiled (64-bit): Jun  2 2020 02:10:36
LogInit: Compiled with Visual C++: 19.24.28315.00
LogInit: Build Configuration: Development
LogInit: Branch Name: ++UE4+Release-4.25
LogInit: Command Line: 
LogInit: Base Directory: E:/Program Files/Unreal Engine/UE_4.25/Engine/Binaries/Win64/
LogInit: Allocator: TBB
LogInit: Installed Engine Build: 1
LogDevObjectVersion: Number of dev versions registered: 26
LogDevObjectVersion:   Dev-Blueprints (B0D832E4-1F89-4F0D-ACCF-7EB736FD4AA2): 10
LogDevObjectVersion:   Dev-Build (E1C64328-A22C-4D53-A36C-8E866417BD8C): 0
LogDevObjectVersion:   Dev-Core (375EC13C-06E4-48FB-B500-84F0262A717E): 4
LogDevObjectVersion:   Dev-Editor (E4B068ED-F494-42E9-A231-DA0B2E46BB41): 38
LogDevObjectVersion:   Dev-Framework (CFFC743F-43B0-4480-9391-14DF171D2073): 37
LogDevObjectVersion:   Dev-Mobile (B02B49B5-BB20-44E9-A304-32B752E40360): 2
LogDevObjectVersion:   Dev-Networking (A4E4105C-59A1-49B5-A7C5-40C4547EDFEE): 0
LogDevObjectVersion:   Dev-Online (39C831C9-5AE6-47DC-9A44-9C173E1C8E7C): 0
LogDevObjectVersion:   Dev-Physics (78F01B33-EBEA-4F98-B9B4-84EACCB95AA2): 4
LogDevObjectVersion:   Dev-Platform (6631380F-2D4D-43E0-8009-CF276956A95A): 0
LogDevObjectVersion:   Dev-Rendering (12F88B9F-8875-4AFC-A67C-D90C383ABD29): 43
LogDevObjectVersion:   Dev-Sequencer (7B5AE74C-D270-4C10-A958-57980B212A5A): 12
LogDevObjectVersion:   Dev-VR (D7296918-1DD6-4BDD-9DE2-64A83CC13884): 3
LogDevObjectVersion:   Dev-LoadTimes (C2A15278-BFE7-4AFE-6C17-90FF531DF755): 1
LogDevObjectVersion:   Private-Geometry (6EACA3D4-40EC-4CC1-B786-8BED09428FC5): 3
LogDevObjectVersion:   Dev-AnimPhys (29E575DD-E0A3-4627-9D10-D276232CDCEA): 17
LogDevObjectVersion:   Dev-Anim (AF43A65D-7FD3-4947-9873-3E8ED9C1BB05): 7
LogDevObjectVersion:   Dev-ReflectionCapture (6B266CEC-1EC7-4B8F-A30B-E4D90942FC07): 1
LogDevObjectVersion:   Dev-Automation (0DF73D61-A23F-47EA-B727-89E90C41499A): 1
LogDevObjectVersion:   FortniteMain (601D1886-AC64-4F84-AA16-D3DE0DEAC7D6): 31
LogDevObjectVersion:   Dev-Enterprise (9DFFBCD6-494F-0158-E221-12823C92A888): 10
LogDevObjectVersion:   Dev-Niagara (F2AED0AC-9AFE-416F-8664-AA7FFA26D6FC): 1
LogDevObjectVersion:   Dev-Destruction (174F1F0B-B4C6-45A5-B13F-2EE8D0FB917D): 10
LogDevObjectVersion:   Dev-Physics-Ext (35F94A83-E258-406C-A318-09F59610247C): 37
LogDevObjectVersion:   Dev-PhysicsMaterial-Chaos (B68FC16E-8B1B-42E2-B453-215C058844FE): 1
LogDevObjectVersion:   Dev-CineCamera (B2E18506-4273-CFC2-A54E-F4BB758BBA07): 1
LogInit: Presizing for max 25165824 objects, including 0 objects not considered by GC, pre-allocating 0 bytes for permanent pool.
LogConfig: Applying CVar settings from Section [/Script/Engine.StreamingSettings] File [E:/Studio3_Team3/S3T3/Team3Game/Saved/Config/Windows/Engine.ini]
LogConfig: Setting CVar [[s.MinBulkDataSizeForAsyncLoading:131072]]
LogConfig: Setting CVar [[s.AsyncLoadingThreadEnabled:0]]
LogConfig: Setting CVar [[s.EventDrivenLoaderEnabled:1]]
LogConfig: Setting CVar [[s.WarnIfTimeLimitExceeded:0]]
LogConfig: Setting CVar [[s.TimeLimitExceededMultiplier:1.5]]
LogConfig: Setting CVar [[s.TimeLimitExceededMinTime:0.005]]
LogConfig: Setting CVar [[s.UseBackgroundLevelStreaming:1]]
LogConfig: Setting CVar [[s.PriorityAsyncLoadingExtraTime:15.0]]
LogConfig: Setting CVar [[s.LevelStreamingActorsUpdateTimeLimit:5.0]]
LogConfig: Setting CVar [[s.PriorityLevelStreamingActorsUpdateExtraTime:5.0]]
LogConfig: Setting CVar [[s.LevelStreamingComponentsRegistrationGranularity:10]]
LogConfig: Setting CVar [[s.UnregisterComponentsTimeLimit:1.0]]
LogConfig: Setting CVar [[s.LevelStreamingComponentsUnregistrationGranularity:5]]
LogConfig: Setting CVar [[s.FlushStreamingOnExit:1]]
LogInit: Object subsystem initialized
LogConfig: Setting CVar [[con.DebugEarlyDefault:1]]
LogConfig: Setting CVar [[r.setres:1280x720]]
[2020.06.25-03.42.31:943][  0]LogConfig: Setting CVar [[r.VSync:0]]
[2020.06.25-03.42.31:943][  0]LogConfig: Setting CVar [[r.RHICmdBypass:0]]
[2020.06.25-03.42.31:943][  0]LogConfig: Applying CVar settings from Section [/Script/Engine.RendererSettings] File [E:/Studio3_Team3/S3T3/Team3Game/Saved/Config/Windows/Engine.ini]
[2020.06.25-03.42.31:943][  0]LogConfig: Setting CVar [[r.GPUCrashDebugging:0]]
[2020.06.25-03.42.31:943][  0]LogConfig: Applying CVar settings from Section [/Script/Engine.RendererOverrideSettings] File [E:/Studio3_Team3/S3T3/Team3Game/Saved/Config/Windows/Engine.ini]
[2020.06.25-03.42.31:943][  0]LogConfig: Applying CVar settings from Section [/Script/Engine.StreamingSettings] File [E:/Studio3_Team3/S3T3/Team3Game/Saved/Config/Windows/Engine.ini]
[2020.06.25-03.42.31:943][  0]LogConfig: Setting CVar [[s.MinBulkDataSizeForAsyncLoading:131072]]
[2020.06.25-03.42.31:943][  0]LogConfig: Setting CVar [[s.AsyncLoadingThreadEnabled:0]]
[2020.06.25-03.42.31:943][  0]LogConfig: Setting CVar [[s.EventDrivenLoaderEnabled:1]]
[2020.06.25-03.42.31:943][  0]LogConfig: Setting CVar [[s.WarnIfTimeLimitExceeded:0]]
[2020.06.25-03.42.31:943][  0]LogConfig: Setting CVar [[s.TimeLimitExceededMultiplier:1.5]]
[2020.06.25-03.42.31:943][  0]LogConfig: Setting CVar [[s.TimeLimitExceededMinTime:0.005]]
[2020.06.25-03.42.31:943][  0]LogConfig: Setting CVar [[s.UseBackgroundLevelStreaming:1]]
[2020.06.25-03.42.31:943][  0]LogConfig: Setting CVar [[s.PriorityAsyncLoadingExtraTime:15.0]]
[2020.06.25-03.42.31:943][  0]LogConfig: Setting CVar [[s.LevelStreamingActorsUpdateTimeLimit:5.0]]
[2020.06.25-03.42.31:943][  0]LogConfig: Setting CVar [[s.PriorityLevelStreamingActorsUpdateExtraTime:5.0]]
[2020.06.25-03.42.31:943][  0]LogConfig: Setting CVar [[s.LevelStreamingComponentsRegistrationGranularity:10]]
[2020.06.25-03.42.31:943][  0]LogConfig: Setting CVar [[s.UnregisterComponentsTimeLimit:1.0]]
[2020.06.25-03.42.31:943][  0]LogConfig: Setting CVar [[s.LevelStreamingComponentsUnregistrationGranularity:5]]
[2020.06.25-03.42.31:943][  0]LogConfig: Setting CVar [[s.FlushStreamingOnExit:1]]
[2020.06.25-03.42.31:943][  0]LogConfig: Applying CVar settings from Section [/Script/Engine.GarbageCollectionSettings] File [E:/Studio3_Team3/S3T3/Team3Game/Saved/Config/Windows/Engine.ini]
[2020.06.25-03.42.31:943][  0]LogConfig: Setting CVar [[gc.MaxObjectsNotConsideredByGC:1]]
[2020.06.25-03.42.31:943][  0]LogConfig: Setting CVar [[gc.SizeOfPermanentObjectPool:0]]
[2020.06.25-03.42.31:943][  0]LogConfig: Setting CVar [[gc.FlushStreamingOnGC:0]]
[2020.06.25-03.42.31:943][  0]LogConfig: Setting CVar [[gc.NumRetriesBeforeForcingGC:10]]
[2020.06.25-03.42.31:943][  0]LogConfig: Setting CVar [[gc.AllowParallelGC:1]]
[2020.06.25-03.42.31:943][  0]LogConfig: Setting CVar [[gc.TimeBetweenPurgingPendingKillObjects:61.1]]
[2020.06.25-03.42.31:943][  0]LogConfig: Setting CVar [[gc.MaxObjectsInEditor:25165824]]
[2020.06.25-03.42.31:943][  0]LogConfig: Setting CVar [[gc.IncrementalBeginDestroyEnabled:1]]
[2020.06.25-03.42.31:943][  0]LogConfig: Setting CVar [[gc.CreateGCClusters:1]]
[2020.06.25-03.42.31:944][  0]LogConfig: Setting CVar [[gc.MinGCClusterSize:5]]
[2020.06.25-03.42.31:944][  0]LogConfig: Setting CVar [[gc.ActorClusteringEnabled:0]]
[2020.06.25-03.42.31:944][  0]LogConfig: Setting CVar [[gc.BlueprintClusteringEnabled:0]]
[2020.06.25-03.42.31:944][  0]LogConfig: Setting CVar [[gc.UseDisregardForGCOnDedicatedServers:0]]
[2020.06.25-03.42.31:944][  0]LogConfig: Applying CVar settings from Section [/Script/Engine.NetworkSettings] File [E:/Studio3_Team3/S3T3/Team3Game/Saved/Config/Windows/Engine.ini]
[2020.06.25-03.42.31:944][  0]LogConfig: Applying CVar settings from Section [/Script/UnrealEd.CookerSettings] File [E:/Studio3_Team3/S3T3/Team3Game/Saved/Config/Windows/Engine.ini]
[2020.06.25-03.42.31:953][  0]LogConfig: Applying CVar settings from Section [ViewDistanceQuality@3] File [E:/Studio3_Team3/S3T3/Team3Game/Saved/Config/Windows/Scalability.ini]
[2020.06.25-03.42.31:954][  0]LogConfig: Setting CVar [[r.SkeletalMeshLODBias:0]]
[2020.06.25-03.42.31:954][  0]LogConfig: Setting CVar [[r.ViewDistanceScale:1.0]]
[2020.06.25-03.42.31:954][  0]LogConfig: Applying CVar settings from Section [AntiAliasingQuality@3] File [E:/Studio3_Team3/S3T3/Team3Game/Saved/Config/Windows/Scalability.ini]
[2020.06.25-03.42.31:954][  0]LogConfig: Setting CVar [[r.PostProcessAAQuality:4]]
[2020.06.25-03.42.31:954][  0]LogConfig: Applying CVar settings from Section [ShadowQuality@3] File [E:/Studio3_Team3/S3T3/Team3Game/Saved/Config/Windows/Scalability.ini]
[2020.06.25-03.42.31:954][  0]LogConfig: Setting CVar [[r.LightFunctionQuality:1]]
[2020.06.25-03.42.31:954][  0]LogConfig: Setting CVar [[r.ShadowQuality:5]]
[2020.06.25-03.42.31:954][  0]LogConfig: Setting CVar [[r.Shadow.CSM.MaxCascades:10]]
[2020.06.25-03.42.31:954][  0]LogConfig: Setting CVar [[r.Shadow.MaxResolution:2048]]
[2020.06.25-03.42.31:954][  0]LogConfig: Setting CVar [[r.Shadow.MaxCSMResolution:2048]]
[2020.06.25-03.42.31:954][  0]LogConfig: Setting CVar [[r.Shadow.RadiusThreshold:0.01]]
[2020.06.25-03.42.31:954][  0]LogConfig: Setting CVar [[r.Shadow.DistanceScale:1.0]]
[2020.06.25-03.42.31:954][  0]LogConfig: Setting CVar [[r.Shadow.CSM.TransitionScale:1.0]]
[2020.06.25-03.42.31:954][  0]LogConfig: Setting CVar [[r.Shadow.PreShadowResolutionFactor:1.0]]
[2020.06.25-03.42.31:954][  0]LogConfig: Setting CVar [[r.DistanceFieldShadowing:1]]
[2020.06.25-03.42.31:954][  0]LogConfig: Setting CVar [[r.DistanceFieldAO:1]]
[2020.06.25-03.42.31:954][  0]LogConfig: Setting CVar [[r.AOQuality:2]]
[2020.06.25-03.42.31:954][  0]LogConfig: Setting CVar [[r.VolumetricFog:1]]
[2020.06.25-03.42.31:954][  0]LogConfig: Setting CVar [[r.VolumetricFog.GridPixelSize:8]]
[2020.06.25-03.42.31:954][  0]LogConfig: Setting CVar [[r.VolumetricFog.GridSizeZ:128]]
[2020.06.25-03.42.31:954][  0]LogConfig: Setting CVar [[r.VolumetricFog.HistoryMissSupersampleCount:4]]
[2020.06.25-03.42.31:954][  0]LogConfig: Setting CVar [[r.LightMaxDrawDistanceScale:1]]
[2020.06.25-03.42.31:954][  0]LogConfig: Setting CVar [[r.CapsuleShadows:1]]
[2020.06.25-03.42.31:954][  0]LogConfig: Applying CVar settings from Section [PostProcessQuality@3] File [E:/Studio3_Team3/S3T3/Team3Game/Saved/Config/Windows/Scalability.ini]
[2020.06.25-03.42.31:954][  0]LogConfig: Setting CVar [[r.MotionBlurQuality:4]]
[2020.06.25-03.42.31:954][  0]LogConfig: Setting CVar [[r.AmbientOcclusionMipLevelFactor:0.4]]
[2020.06.25-03.42.31:954][  0]LogConfig: Setting CVar [[r.AmbientOcclusionMaxQuality:100]]
[2020.06.25-03.42.31:954][  0]LogConfig: Setting CVar [[r.AmbientOcclusionLevels:-1]]
[2020.06.25-03.42.31:954][  0]LogConfig: Setting CVar [[r.AmbientOcclusionRadiusScale:1.0]]
[2020.06.25-03.42.31:954][  0]LogConfig: Setting CVar [[r.DepthOfFieldQuality:2]]
[2020.06.25-03.42.31:954][  0]LogConfig: Setting CVar [[r.RenderTargetPoolMin:400]]
[2020.06.25-03.42.31:954][  0]LogConfig: Setting CVar [[r.LensFlareQuality:2]]
[2020.06.25-03.42.31:954][  0]LogConfig: Setting CVar [[r.SceneColorFringeQuality:1]]
[2020.06.25-03.42.31:954][  0]LogConfig: Setting CVar [[r.EyeAdaptationQuality:2]]
[2020.06.25-03.42.31:954][  0]LogConfig: Setting CVar [[r.BloomQuality:5]]
[2020.06.25-03.42.31:954][  0]LogConfig: Setting CVar [[r.FastBlurThreshold:100]]
[2020.06.25-03.42.31:954][  0]LogConfig: Setting CVar [[r.Upscale.Quality:3]]
[2020.06.25-03.42.31:954][  0]LogConfig: Setting CVar [[r.Tonemapper.GrainQuantization:1]]
[2020.06.25-03.42.31:954][  0]LogConfig: Setting CVar [[r.LightShaftQuality:1]]
[2020.06.25-03.42.31:954][  0]LogConfig: Setting CVar [[r.Filter.SizeScale:1]]
[2020.06.25-03.42.31:954][  0]LogConfig: Setting CVar [[r.Tonemapper.Quality:5]]
[2020.06.25-03.42.31:954][  0]LogConfig: Setting CVar [[r.DOF.Gather.AccumulatorQuality:1        ; higher gathering accumulator quality]]
[2020.06.25-03.42.31:954][  0]LogConfig: Setting CVar [[r.DOF.Gather.PostfilterMethod:1          ; Median3x3 postfilering method]]
[2020.06.25-03.42.31:955][  0]LogConfig: Setting CVar [[r.DOF.Gather.EnableBokehSettings:0       ; no bokeh simulation when gathering]]
[2020.06.25-03.42.31:955][  0]LogConfig: Setting CVar [[r.DOF.Gather.RingCount:4                 ; medium number of samples when gathering]]
[2020.06.25-03.42.31:955][  0]LogConfig: Setting CVar [[r.DOF.Scatter.ForegroundCompositing:1    ; additive foreground scattering]]
[2020.06.25-03.42.31:955][  0]LogConfig: Setting CVar [[r.DOF.Scatter.BackgroundCompositing:2    ; additive background scattering]]
[2020.06.25-03.42.31:955][  0]LogConfig: Setting CVar [[r.DOF.Scatter.EnableBokehSettings:1      ; bokeh simulation when scattering]]
[2020.06.25-03.42.31:955][  0]LogConfig: Setting CVar [[r.DOF.Scatter.MaxSpriteRatio:0.1         ; only a maximum of 10% of scattered bokeh]]
[2020.06.25-03.42.31:955][  0]LogConfig: Setting CVar [[r.DOF.Recombine.Quality:1                ; cheap slight out of focus]]
[2020.06.25-03.42.31:955][  0]LogConfig: Setting CVar [[r.DOF.Recombine.EnableBokehSettings:0    ; no bokeh simulation on slight out of focus]]
[2020.06.25-03.42.31:955][  0]LogConfig: Setting CVar [[r.DOF.TemporalAAQuality:1                ; more stable temporal accumulation]]
[2020.06.25-03.42.31:955][  0]LogConfig: Setting CVar [[r.DOF.Kernel.MaxForegroundRadius:0.025]]
[2020.06.25-03.42.31:955][  0]LogConfig: Setting CVar [[r.DOF.Kernel.MaxBackgroundRadius:0.025]]
[2020.06.25-03.42.31:955][  0]LogConfig: Applying CVar settings from Section [TextureQuality@3] File [E:/Studio3_Team3/S3T3/Team3Game/Saved/Config/Windows/Scalability.ini]
[2020.06.25-03.42.31:955][  0]LogConfig: Setting CVar [[r.Streaming.MipBias:0]]
[2020.06.25-03.42.31:955][  0]LogConfig: Setting CVar [[r.Streaming.AmortizeCPUToGPUCopy:0]]
[2020.06.25-03.42.31:955][  0]LogConfig: Setting CVar [[r.Streaming.MaxNumTexturesToStreamPerFrame:0]]
[2020.06.25-03.42.31:955][  0]LogConfig: Setting CVar [[r.Streaming.Boost:1]]
[2020.06.25-03.42.31:955][  0]LogConfig: Setting CVar [[r.MaxAnisotropy:8]]
[2020.06.25-03.42.31:955][  0]LogConfig: Setting CVar [[r.VT.MaxAnisotropy:8]]
[2020.06.25-03.42.31:955][  0]LogConfig: Setting CVar [[r.Streaming.LimitPoolSizeToVRAM:0]]
[2020.06.25-03.42.31:955][  0]LogConfig: Setting CVar [[r.Streaming.PoolSize:1000]]
[2020.06.25-03.42.31:955][  0]LogConfig: Setting CVar [[r.Streaming.MaxEffectiveScreenSize:0]]
[2020.06.25-03.42.31:955][  0]LogConfig: Applying CVar settings from Section [EffectsQuality@3] File [E:/Studio3_Team3/S3T3/Team3Game/Saved/Config/Windows/Scalability.ini]
[2020.06.25-03.42.31:955][  0]LogConfig: Setting CVar [[r.TranslucencyLightingVolumeDim:64]]
[2020.06.25-03.42.31:955][  0]LogConfig: Setting CVar [[r.RefractionQuality:2]]
[2020.06.25-03.42.31:955][  0]LogConfig: Setting CVar [[r.SSR.Quality:3]]
[2020.06.25-03.42.31:955][  0]LogConfig: Setting CVar [[r.SSR.HalfResSceneColor:0]]
[2020.06.25-03.42.31:955][  0]LogConfig: Setting CVar [[r.SceneColorFormat:4]]
[2020.06.25-03.42.31:955][  0]LogConfig: Setting CVar [[r.DetailMode:2]]
[2020.06.25-03.42.31:955][  0]LogConfig: Setting CVar [[r.TranslucencyVolumeBlur:1]]
[2020.06.25-03.42.31:955][  0]LogConfig: Setting CVar [[r.MaterialQualityLevel:1 ; High quality]]
[2020.06.25-03.42.31:955][  0]LogConfig: Setting CVar [[r.SSS.Scale:1]]
[2020.06.25-03.42.31:955][  0]LogConfig: Setting CVar [[r.SSS.SampleSet:2]]
[2020.06.25-03.42.31:955][  0]LogConfig: Setting CVar [[r.SSS.Quality:1]]
[2020.06.25-03.42.31:955][  0]LogConfig: Setting CVar [[r.SSS.HalfRes:0]]
[2020.06.25-03.42.31:955][  0]LogConfig: Setting CVar [[r.SSGI.Quality:3]]
[2020.06.25-03.42.31:955][  0]LogConfig: Setting CVar [[r.EmitterSpawnRateScale:1.0]]
[2020.06.25-03.42.31:955][  0]LogConfig: Setting CVar [[r.ParticleLightQuality:2]]
[2020.06.25-03.42.31:955][  0]LogConfig: Setting CVar [[r.SkyAtmosphere.AerialPerspectiveLUT.FastApplyOnOpaque:1 ; Always have FastSkyLUT 1 in this case to avoid wrong sky]]
[2020.06.25-03.42.31:955][  0]LogConfig: Setting CVar [[r.SkyAtmosphere.AerialPerspectiveLUT.SampleCountPerSlice:1]]
[2020.06.25-03.42.31:955][  0]LogConfig: Setting CVar [[r.SkyAtmosphere.AerialPerspectiveLUT.DepthResolution:16.0]]
[2020.06.25-03.42.31:955][  0]LogConfig: Setting CVar [[r.SkyAtmosphere.FastSkyLUT:1]]
[2020.06.25-03.42.31:955][  0]LogConfig: Setting CVar [[r.SkyAtmosphere.FastSkyLUT.SampleCountMin:4.0]]
[2020.06.25-03.42.31:955][  0]LogConfig: Setting CVar [[r.SkyAtmosphere.FastSkyLUT.SampleCountMax:32.0]]
[2020.06.25-03.42.31:955][  0]LogConfig: Setting CVar [[r.SkyAtmosphere.SampleCountMin:4.0]]
[2020.06.25-03.42.31:955][  0]LogConfig: Setting CVar [[r.SkyAtmosphere.SampleCountMax:32.0]]
[2020.06.25-03.42.31:955][  0]LogConfig: Setting CVar [[r.SkyAtmosphere.TransmittanceLUT.UseSmallFormat:0]]
[2020.06.25-03.42.31:955][  0]LogConfig: Setting CVar [[r.SkyAtmosphere.TransmittanceLUT.SampleCount:10.0]]
[2020.06.25-03.42.31:956][  0]LogConfig: Setting CVar [[r.SkyAtmosphere.MultiScatteringLUT.SampleCount:15.0]]
[2020.06.25-03.42.31:956][  0]LogConfig: Applying CVar settings from Section [FoliageQuality@3] File [E:/Studio3_Team3/S3T3/Team3Game/Saved/Config/Windows/Scalability.ini]
[2020.06.25-03.42.31:956][  0]LogConfig: Setting CVar [[foliage.DensityScale:1.0]]
[2020.06.25-03.42.31:956][  0]LogConfig: Setting CVar [[grass.DensityScale:1.0]]
[2020.06.25-03.42.31:956][  0]LogConfig: Applying CVar settings from Section [ShadingQuality@3] File [E:/Studio3_Team3/S3T3/Team3Game/Saved/Config/Windows/Scalability.ini]
[2020.06.25-03.42.31:956][  0]LogConfig: Setting CVar [[r.HairStrands.SkyLighting.SampleCount:16]]
[2020.06.25-03.42.31:956][  0]LogConfig: Setting CVar [[r.HairStrands.SkyLighting.JitterIntegration:0]]
[2020.06.25-03.42.31:956][  0]LogConfig: Setting CVar [[r.HairStrands.SkyAO.SampleCount:16]]
[2020.06.25-03.42.31:956][  0]LogConfig: Setting CVar [[r.HairStrands.DeepShadow.SuperSampling:0]]
[2020.06.25-03.42.31:956][  0]LogConfig: Setting CVar [[r.HairStrands.VisibilityPPLL:0]]
[2020.06.25-03.42.31:956][  0]LogConfig: Setting CVar [[r.HairStrands.RasterizationScale:0.5]]
[2020.06.25-03.42.31:956][  0]LogConfig: Setting CVar [[r.HairStrands.VelocityRasterizationScale:1]]
[2020.06.25-03.42.31:956][  0]LogInit: Selected Device Profile: [Windows]
[2020.06.25-03.42.31:956][  0]LogInit: Applying CVar settings loaded from the selected device profile: [Windows]
[2020.06.25-03.42.31:956][  0]LogHAL: Display: Platform has ~ 16 GB [17113391104 / 17179869184 / 16], which maps to Larger [LargestMinGB=32, LargerMinGB=12, DefaultMinGB=8, SmallerMinGB=6, SmallestMinGB=0)
[2020.06.25-03.42.31:956][  0]LogInit: Going up to parent DeviceProfile []
[2020.06.25-03.42.31:956][  0]LogConfig: Applying CVar settings from Section [ViewDistanceQuality@3] File [E:/Studio3_Team3/S3T3/Team3Game/Saved/Config/Windows/Scalability.ini]
[2020.06.25-03.42.31:956][  0]LogConfig: Setting CVar [[r.SkeletalMeshLODBias:0]]
[2020.06.25-03.42.31:956][  0]LogConfig: Setting CVar [[r.ViewDistanceScale:1.0]]
[2020.06.25-03.42.31:956][  0]LogConfig: Applying CVar settings from Section [AntiAliasingQuality@3] File [E:/Studio3_Team3/S3T3/Team3Game/Saved/Config/Windows/Scalability.ini]
[2020.06.25-03.42.31:956][  0]LogConfig: Setting CVar [[r.PostProcessAAQuality:4]]
[2020.06.25-03.42.31:956][  0]LogConfig: Applying CVar settings from Section [ShadowQuality@3] File [E:/Studio3_Team3/S3T3/Team3Game/Saved/Config/Windows/Scalability.ini]
[2020.06.25-03.42.31:956][  0]LogConfig: Setting CVar [[r.LightFunctionQuality:1]]
[2020.06.25-03.42.31:956][  0]LogConfig: Setting CVar [[r.ShadowQuality:5]]
[2020.06.25-03.42.31:956][  0]LogConfig: Setting CVar [[r.Shadow.CSM.MaxCascades:10]]
[2020.06.25-03.42.31:956][  0]LogConfig: Setting CVar [[r.Shadow.MaxResolution:2048]]
[2020.06.25-03.42.31:956][  0]LogConfig: Setting CVar [[r.Shadow.MaxCSMResolution:2048]]
[2020.06.25-03.42.31:956][  0]LogConfig: Setting CVar [[r.Shadow.RadiusThreshold:0.01]]
[2020.06.25-03.42.31:956][  0]LogConfig: Setting CVar [[r.Shadow.DistanceScale:1.0]]
[2020.06.25-03.42.31:956][  0]LogConfig: Setting CVar [[r.Shadow.CSM.TransitionScale:1.0]]
[2020.06.25-03.42.31:956][  0]LogConfig: Setting CVar [[r.Shadow.PreShadowResolutionFactor:1.0]]
[2020.06.25-03.42.31:956][  0]LogConfig: Setting CVar [[r.DistanceFieldShadowing:1]]
[2020.06.25-03.42.31:956][  0]LogConfig: Setting CVar [[r.DistanceFieldAO:1]]
[2020.06.25-03.42.31:956][  0]LogConfig: Setting CVar [[r.AOQuality:2]]
[2020.06.25-03.42.31:956][  0]LogConfig: Setting CVar [[r.VolumetricFog:1]]
[2020.06.25-03.42.31:956][  0]LogConfig: Setting CVar [[r.VolumetricFog.GridPixelSize:8]]
[2020.06.25-03.42.31:956][  0]LogConfig: Setting CVar [[r.VolumetricFog.GridSizeZ:128]]
[2020.06.25-03.42.31:956][  0]LogConfig: Setting CVar [[r.VolumetricFog.HistoryMissSupersampleCount:4]]
[2020.06.25-03.42.31:956][  0]LogConfig: Setting CVar [[r.LightMaxDrawDistanceScale:1]]
[2020.06.25-03.42.31:956][  0]LogConfig: Setting CVar [[r.CapsuleShadows:1]]
[2020.06.25-03.42.31:957][  0]LogConfig: Applying CVar settings from Section [PostProcessQuality@3] File [E:/Studio3_Team3/S3T3/Team3Game/Saved/Config/Windows/Scalability.ini]
[2020.06.25-03.42.31:957][  0]LogConfig: Setting CVar [[r.MotionBlurQuality:4]]
[2020.06.25-03.42.31:957][  0]LogConfig: Setting CVar [[r.AmbientOcclusionMipLevelFactor:0.4]]
[2020.06.25-03.42.31:957][  0]LogConfig: Setting CVar [[r.AmbientOcclusionMaxQuality:100]]
[2020.06.25-03.42.31:957][  0]LogConfig: Setting CVar [[r.AmbientOcclusionLevels:-1]]
[2020.06.25-03.42.31:957][  0]LogConfig: Setting CVar [[r.AmbientOcclusionRadiusScale:1.0]]
[2020.06.25-03.42.31:957][  0]LogConfig: Setting CVar [[r.DepthOfFieldQuality:2]]
[2020.06.25-03.42.31:957][  0]LogConfig: Setting CVar [[r.RenderTargetPoolMin:400]]
[2020.06.25-03.42.31:957][  0]LogConfig: Setting CVar [[r.LensFlareQuality:2]]
[2020.06.25-03.42.31:957][  0]LogConfig: Setting CVar [[r.SceneColorFringeQuality:1]]
[2020.06.25-03.42.31:957][  0]LogConfig: Setting CVar [[r.EyeAdaptationQuality:2]]
[2020.06.25-03.42.31:957][  0]LogConfig: Setting CVar [[r.BloomQuality:5]]
[2020.06.25-03.42.31:957][  0]LogConfig: Setting CVar [[r.FastBlurThreshold:100]]
[2020.06.25-03.42.31:957][  0]LogConfig: Setting CVar [[r.Upscale.Quality:3]]
[2020.06.25-03.42.31:957][  0]LogConfig: Setting CVar [[r.Tonemapper.GrainQuantization:1]]
[2020.06.25-03.42.31:957][  0]LogConfig: Setting CVar [[r.LightShaftQuality:1]]
[2020.06.25-03.42.31:957][  0]LogConfig: Setting CVar [[r.Filter.SizeScale:1]]
[2020.06.25-03.42.31:957][  0]LogConfig: Setting CVar [[r.Tonemapper.Quality:5]]
[2020.06.25-03.42.31:957][  0]LogConfig: Setting CVar [[r.DOF.Gather.AccumulatorQuality:1        ; higher gathering accumulator quality]]
[2020.06.25-03.42.31:957][  0]LogConfig: Setting CVar [[r.DOF.Gather.PostfilterMethod:1          ; Median3x3 postfilering method]]
[2020.06.25-03.42.31:957][  0]LogConfig: Setting CVar [[r.DOF.Gather.EnableBokehSettings:0       ; no bokeh simulation when gathering]]
[2020.06.25-03.42.31:957][  0]LogConfig: Setting CVar [[r.DOF.Gather.RingCount:4                 ; medium number of samples when gathering]]
[2020.06.25-03.42.31:957][  0]LogConfig: Setting CVar [[r.DOF.Scatter.ForegroundCompositing:1    ; additive foreground scattering]]
[2020.06.25-03.42.31:957][  0]LogConfig: Setting CVar [[r.DOF.Scatter.BackgroundCompositing:2    ; additive background scattering]]
[2020.06.25-03.42.31:957][  0]LogConfig: Setting CVar [[r.DOF.Scatter.EnableBokehSettings:1      ; bokeh simulation when scattering]]
[2020.06.25-03.42.31:957][  0]LogConfig: Setting CVar [[r.DOF.Scatter.MaxSpriteRatio:0.1         ; only a maximum of 10% of scattered bokeh]]
[2020.06.25-03.42.31:957][  0]LogConfig: Setting CVar [[r.DOF.Recombine.Quality:1                ; cheap slight out of focus]]
[2020.06.25-03.42.31:957][  0]LogConfig: Setting CVar [[r.DOF.Recombine.EnableBokehSettings:0    ; no bokeh simulation on slight out of focus]]
[2020.06.25-03.42.31:957][  0]LogConfig: Setting CVar [[r.DOF.TemporalAAQuality:1                ; more stable temporal accumulation]]
[2020.06.25-03.42.31:957][  0]LogConfig: Setting CVar [[r.DOF.Kernel.MaxForegroundRadius:0.025]]
[2020.06.25-03.42.31:957][  0]LogConfig: Setting CVar [[r.DOF.Kernel.MaxBackgroundRadius:0.025]]
[2020.06.25-03.42.31:957][  0]LogConfig: Applying CVar settings from Section [TextureQuality@3] File [E:/Studio3_Team3/S3T3/Team3Game/Saved/Config/Windows/Scalability.ini]
[2020.06.25-03.42.31:957][  0]LogConfig: Setting CVar [[r.Streaming.MipBias:0]]
[2020.06.25-03.42.31:957][  0]LogConfig: Setting CVar [[r.Streaming.AmortizeCPUToGPUCopy:0]]
[2020.06.25-03.42.31:957][  0]LogConfig: Setting CVar [[r.Streaming.MaxNumTexturesToStreamPerFrame:0]]
[2020.06.25-03.42.31:957][  0]LogConfig: Setting CVar [[r.Streaming.Boost:1]]
[2020.06.25-03.42.31:957][  0]LogConfig: Setting CVar [[r.MaxAnisotropy:8]]
[2020.06.25-03.42.31:958][  0]LogConfig: Setting CVar [[r.VT.MaxAnisotropy:8]]
[2020.06.25-03.42.31:958][  0]LogConfig: Setting CVar [[r.Streaming.LimitPoolSizeToVRAM:0]]
[2020.06.25-03.42.31:958][  0]LogConfig: Setting CVar [[r.Streaming.PoolSize:1000]]
[2020.06.25-03.42.31:958][  0]LogConfig: Setting CVar [[r.Streaming.MaxEffectiveScreenSize:0]]
[2020.06.25-03.42.31:958][  0]LogConfig: Applying CVar settings from Section [EffectsQuality@3] File [E:/Studio3_Team3/S3T3/Team3Game/Saved/Config/Windows/Scalability.ini]
[2020.06.25-03.42.31:958][  0]LogConfig: Setting CVar [[r.TranslucencyLightingVolumeDim:64]]
[2020.06.25-03.42.31:958][  0]LogConfig: Setting CVar [[r.RefractionQuality:2]]
[2020.06.25-03.42.31:958][  0]LogConfig: Setting CVar [[r.SSR.Quality:3]]
[2020.06.25-03.42.31:958][  0]LogConfig: Setting CVar [[r.SSR.HalfResSceneColor:0]]
[2020.06.25-03.42.31:958][  0]LogConfig: Setting CVar [[r.SceneColorFormat:4]]
[2020.06.25-03.42.31:958][  0]LogConfig: Setting CVar [[r.DetailMode:2]]
[2020.06.25-03.42.31:958][  0]LogConfig: Setting CVar [[r.TranslucencyVolumeBlur:1]]
[2020.06.25-03.42.31:958][  0]LogConfig: Setting CVar [[r.MaterialQualityLevel:1 ; High quality]]
[2020.06.25-03.42.31:958][  0]LogConfig: Setting CVar [[r.SSS.Scale:1]]
[2020.06.25-03.42.31:958][  0]LogConfig: Setting CVar [[r.SSS.SampleSet:2]]
[2020.06.25-03.42.31:958][  0]LogConfig: Setting CVar [[r.SSS.Quality:1]]
[2020.06.25-03.42.31:958][  0]LogConfig: Setting CVar [[r.SSS.HalfRes:0]]
[2020.06.25-03.42.31:958][  0]LogConfig: Setting CVar [[r.SSGI.Quality:3]]
[2020.06.25-03.42.31:958][  0]LogConfig: Setting CVar [[r.EmitterSpawnRateScale:1.0]]
[2020.06.25-03.42.31:958][  0]LogConfig: Setting CVar [[r.ParticleLightQuality:2]]
[2020.06.25-03.42.31:958][  0]LogConfig: Setting CVar [[r.SkyAtmosphere.AerialPerspectiveLUT.FastApplyOnOpaque:1 ; Always have FastSkyLUT 1 in this case to avoid wrong sky]]
[2020.06.25-03.42.31:958][  0]LogConfig: Setting CVar [[r.SkyAtmosphere.AerialPerspectiveLUT.SampleCountPerSlice:1]]
[2020.06.25-03.42.31:958][  0]LogConfig: Setting CVar [[r.SkyAtmosphere.AerialPerspectiveLUT.DepthResolution:16.0]]
[2020.06.25-03.42.31:958][  0]LogConfig: Setting CVar [[r.SkyAtmosphere.FastSkyLUT:1]]
[2020.06.25-03.42.31:958][  0]LogConfig: Setting CVar [[r.SkyAtmosphere.FastSkyLUT.SampleCountMin:4.0]]
[2020.06.25-03.42.31:958][  0]LogConfig: Setting CVar [[r.SkyAtmosphere.FastSkyLUT.SampleCountMax:32.0]]
[2020.06.25-03.42.31:958][  0]LogConfig: Setting CVar [[r.SkyAtmosphere.SampleCountMin:4.0]]
[2020.06.25-03.42.31:958][  0]LogConfig: Setting CVar [[r.SkyAtmosphere.SampleCountMax:32.0]]
[2020.06.25-03.42.31:958][  0]LogConfig: Setting CVar [[r.SkyAtmosphere.TransmittanceLUT.UseSmallFormat:0]]
[2020.06.25-03.42.31:958][  0]LogConfig: Setting CVar [[r.SkyAtmosphere.TransmittanceLUT.SampleCount:10.0]]
[2020.06.25-03.42.31:958][  0]LogConfig: Setting CVar [[r.SkyAtmosphere.MultiScatteringLUT.SampleCount:15.0]]
[2020.06.25-03.42.31:958][  0]LogConfig: Applying CVar settings from Section [FoliageQuality@3] File [E:/Studio3_Team3/S3T3/Team3Game/Saved/Config/Windows/Scalability.ini]
[2020.06.25-03.42.31:958][  0]LogConfig: Setting CVar [[foliage.DensityScale:1.0]]
[2020.06.25-03.42.31:958][  0]LogConfig: Setting CVar [[grass.DensityScale:1.0]]
[2020.06.25-03.42.31:958][  0]LogConfig: Applying CVar settings from Section [ShadingQuality@3] File [E:/Studio3_Team3/S3T3/Team3Game/Saved/Config/Windows/Scalability.ini]
[2020.06.25-03.42.31:958][  0]LogConfig: Setting CVar [[r.HairStrands.SkyLighting.SampleCount:16]]
[2020.06.25-03.42.31:958][  0]LogConfig: Setting CVar [[r.HairStrands.SkyLighting.JitterIntegration:0]]
[2020.06.25-03.42.31:959][  0]LogConfig: Setting CVar [[r.HairStrands.SkyAO.SampleCount:16]]
[2020.06.25-03.42.31:959][  0]LogConfig: Setting CVar [[r.HairStrands.DeepShadow.SuperSampling:0]]
[2020.06.25-03.42.31:959][  0]LogConfig: Setting CVar [[r.HairStrands.VisibilityPPLL:0]]
[2020.06.25-03.42.31:959][  0]LogConfig: Setting CVar [[r.HairStrands.RasterizationScale:0.5]]
[2020.06.25-03.42.31:959][  0]LogConfig: Setting CVar [[r.HairStrands.VelocityRasterizationScale:1]]
[2020.06.25-03.42.31:959][  0]LogConfig: Applying CVar settings from Section [Startup] File [../../../Engine/Config/ConsoleVariables.ini]
[2020.06.25-03.42.31:959][  0]LogConfig: Setting CVar [[net.UseAdaptiveNetUpdateFrequency:0]]
[2020.06.25-03.42.31:959][  0]LogConfig: Setting CVar [[p.chaos.AllowCreatePhysxBodies:1]]
[2020.06.25-03.42.31:959][  0]LogConfig: Setting CVar [[fx.SkipVectorVMBackendOptimizations:1]]
[2020.06.25-03.42.31:959][  0]LogConfig: Applying CVar settings from Section [ConsoleVariables] File [E:/Studio3_Team3/S3T3/Team3Game/Saved/Config/Windows/Engine.ini]
[2020.06.25-03.42.31:959][  0]LogInit: Computer: KEVINPC
[2020.06.25-03.42.31:959][  0]LogInit: User: kevjertse
[2020.06.25-03.42.31:959][  0]LogInit: CPU Page size=4096, Cores=6
[2020.06.25-03.42.31:959][  0]LogInit: High frequency timer resolution =10.000000 MHz
[2020.06.25-03.42.31:960][  0]LogMemory: Memory total: Physical=15.9GB (16GB approx)
[2020.06.25-03.42.31:960][  0]LogMemory: Platform Memory Stats for Windows
[2020.06.25-03.42.31:960][  0]LogMemory: Process Physical Memory: 119.26 MB used, 119.27 MB peak
[2020.06.25-03.42.31:960][  0]LogMemory: Process Virtual Memory: 101.63 MB used, 101.63 MB peak
[2020.06.25-03.42.31:960][  0]LogMemory: Physical Memory: 10181.72 MB used,  6138.88 MB free, 16320.60 MB total
[2020.06.25-03.42.31:960][  0]LogMemory: Virtual Memory: 5173.29 MB used,  134212552.00 MB free, 134217728.00 MB total
[2020.06.25-03.42.31:975][  0]LogWindows: WindowsPlatformFeatures enabled
[2020.06.25-03.42.32:054][  0]LogInit: Physics initialised using underlying interface: PhysX
[2020.06.25-03.42.32:055][  0]LogInit: Using OS detected language (en-US).
[2020.06.25-03.42.32:055][  0]LogInit: Using OS detected locale (en-AU).
[2020.06.25-03.42.32:057][  0]LogTextLocalizationManager: No specific localization for 'en-US' exists, so the 'en' localization will be used.
[2020.06.25-03.42.32:292][  0]LogSlate: New Slate User Created.  User Index 0, Is Virtual User: 0
[2020.06.25-03.42.32:292][  0]LogSlate: Slate User Registered.  User Index 0, Is Virtual User: 0
[2020.06.25-03.42.32:520][  0]LogD3D11RHI: D3D11 min allowed feature level: 11_0
[2020.06.25-03.42.32:520][  0]LogD3D11RHI: D3D11 max allowed feature level: 11_0
[2020.06.25-03.42.32:520][  0]LogD3D11RHI: D3D11 adapters:
[2020.06.25-03.42.32:590][  0]LogD3D11RHI:    0. 'Radeon RX 590 Series' (Feature Level 11_0)
[2020.06.25-03.42.32:590][  0]LogD3D11RHI:       8171/0/8160 MB DedicatedVideo/DedicatedSystem/SharedSystem, Outputs:2, VendorId:0x1002
[2020.06.25-03.42.32:595][  0]LogD3D11RHI:    1. 'Microsoft Basic Render Driver' (Feature Level 11_0)
[2020.06.25-03.42.32:595][  0]LogD3D11RHI:       0/0/8160 MB DedicatedVideo/DedicatedSystem/SharedSystem, Outputs:0, VendorId:0x1414
[2020.06.25-03.42.32:595][  0]LogD3D11RHI: Chosen D3D11 Adapter: 0
[2020.06.25-03.42.32:606][  0]LogD3D11RHI: Creating new Direct3DDevice
[2020.06.25-03.42.32:606][  0]LogD3D11RHI:     GPU DeviceId: 0x67df (for the marketing name, search the web for "GPU Device Id")
[2020.06.25-03.42.32:606][  0]LogWindows: EnumDisplayDevices:
[2020.06.25-03.42.32:607][  0]LogWindows:    0. 'Radeon RX 590 Series' (P:1 D:1)
[2020.06.25-03.42.32:607][  0]LogWindows:    1. 'Radeon RX 590 Series' (P:0 D:1)
[2020.06.25-03.42.32:607][  0]LogWindows:    2. 'Radeon RX 590 Series' (P:0 D:0)
[2020.06.25-03.42.32:608][  0]LogWindows:    3. 'Radeon RX 590 Series' (P:0 D:0)
[2020.06.25-03.42.32:608][  0]LogWindows:    4. 'Radeon RX 590 Series' (P:0 D:0)
[2020.06.25-03.42.32:608][  0]LogWindows:    5. 'Radeon RX 590 Series' (P:0 D:0)
[2020.06.25-03.42.32:609][  0]LogWindows:    6. 'Radeon RX 590 Series' (P:0 D:0)
[2020.06.25-03.42.32:609][  0]LogWindows:    7. 'Radeon RX 590 Series' (P:0 D:0)
[2020.06.25-03.42.32:609][  0]LogWindows: DebugString: FoundDriverCount:8 
[2020.06.25-03.42.32:609][  0]LogD3D11RHI:     Adapter Name: Radeon RX 590 Series
[2020.06.25-03.42.32:609][  0]LogD3D11RHI:   Driver Version: Adrenalin 2020 20.4.1 (internal:26.20.15029.20013, unified:26.20.15029.20013)
[2020.06.25-03.42.32:609][  0]LogD3D11RHI:      Driver Date: 4-1-2020
[2020.06.25-03.42.32:609][  0]LogRHI: Texture pool is 4862 MB (70% of 6946 MB)
[2020.06.25-03.42.32:700][  0]LogD3D11RHI: RHI has support for 64 bit atomics
[2020.06.25-03.42.32:700][  0]LogD3D11RHI: Async texture creation enabled
[2020.06.25-03.42.32:700][  0]LogD3D11RHI: Array index from any shader is supported
[2020.06.25-03.42.32:711][  0]LogD3D11RHI: GPU Timing Frequency: 25.000000 (Debug: 2 1)
[2020.06.25-03.42.33:131][  0]LogTargetPlatformManager: Display: Loaded TargetPlatform 'AllDesktop'
[2020.06.25-03.42.33:158][  0]LogTargetPlatformManager: Display: Loaded TargetPlatform 'Android'
[2020.06.25-03.42.33:158][  0]LogTargetPlatformManager: Display: Loaded TargetPlatform 'Android_ASTC'
[2020.06.25-03.42.33:158][  0]LogTargetPlatformManager: Display: Loaded TargetPlatform 'Android_DXT'
[2020.06.25-03.42.33:158][  0]LogTargetPlatformManager: Display: Loaded TargetPlatform 'Android_ETC2'
[2020.06.25-03.42.33:158][  0]LogTargetPlatformManager: Display: Loaded TargetPlatform 'AndroidClient'
[2020.06.25-03.42.33:158][  0]LogTargetPlatformManager: Display: Loaded TargetPlatform 'Android_ASTCClient'
[2020.06.25-03.42.33:158][  0]LogTargetPlatformManager: Display: Loaded TargetPlatform 'Android_DXTClient'
[2020.06.25-03.42.33:158][  0]LogTargetPlatformManager: Display: Loaded TargetPlatform 'Android_ETC2Client'
[2020.06.25-03.42.33:158][  0]LogTargetPlatformManager: Display: Loaded TargetPlatform 'Android_Multi'
[2020.06.25-03.42.33:158][  0]LogTargetPlatformManager: Display: Loaded TargetPlatform 'Android_MultiClient'
[2020.06.25-03.42.33:193][  0]LogTargetPlatformManager: Display: Loaded TargetPlatform 'IOSClient'
[2020.06.25-03.42.33:193][  0]LogTargetPlatformManager: Display: Loaded TargetPlatform 'IOS'
[2020.06.25-03.42.33:208][  0]LogTargetPlatformManager: Display: Loaded TargetPlatform 'Linux'
[2020.06.25-03.42.33:221][  0]LogTargetPlatformManager: Display: Loaded TargetPlatform 'LinuxNoEditor'
[2020.06.25-03.42.33:234][  0]LogTargetPlatformManager: Display: Loaded TargetPlatform 'LinuxClient'
[2020.06.25-03.42.33:247][  0]LogTargetPlatformManager: Display: Loaded TargetPlatform 'LinuxServer'
[2020.06.25-03.42.33:260][  0]LogTargetPlatformManager: Display: Loaded TargetPlatform 'LinuxAArch64NoEditor'
[2020.06.25-03.42.33:273][  0]LogTargetPlatformManager: Display: Loaded TargetPlatform 'LinuxAArch64Client'
[2020.06.25-03.42.33:286][  0]LogTargetPlatformManager: Display: Loaded TargetPlatform 'LinuxAArch64Server'
[2020.06.25-03.42.33:315][  0]LogTargetPlatformManager: Display: Loaded TargetPlatform 'Lumin'
[2020.06.25-03.42.33:315][  0]LogTargetPlatformManager: Display: Loaded TargetPlatform 'LuminClient'
[2020.06.25-03.42.33:335][  0]LogTargetPlatformManager: Display: Loaded TargetPlatform 'TVOSClient'
[2020.06.25-03.42.33:335][  0]LogTargetPlatformManager: Display: Loaded TargetPlatform 'TVOS'
[2020.06.25-03.42.33:348][  0]LogTargetPlatformManager: Display: Loaded TargetPlatform 'WindowsNoEditor'
[2020.06.25-03.42.33:361][  0]LogTargetPlatformManager: Display: Loaded TargetPlatform 'Windows'
[2020.06.25-03.42.33:374][  0]LogTargetPlatformManager: Display: Loaded TargetPlatform 'WindowsClient'
[2020.06.25-03.42.33:386][  0]LogTargetPlatformManager: Display: Loaded TargetPlatform 'WindowsServer'
[2020.06.25-03.42.33:386][  0]LogTargetPlatformManager: Display: Building Assets For Windows
[2020.06.25-03.42.33:409][  0]LogAudioDebug: Display: Lib vorbis DLL was dynamically loaded.
[2020.06.25-03.42.33:536][  0]LogShaderCompilers: Guid format shader working directory is 3 characters bigger than the processId version (../../../../../../Studio3_Team3/S3T3/Team3Game/Intermediate/Shaders/WorkingDirectory/14552/).
[2020.06.25-03.42.33:536][  0]LogShaderCompilers: Cleaned the shader compiler working directory 'C:/Users/kevjertse/AppData/Local/Temp/UnrealShaderWorkingDir/1BD57FE54DF818A87E554A913AC9FAAC/'.
[2020.06.25-03.42.33:537][  0]LogXGEController: Cannot use XGE Controller as Incredibuild is not installed on this machine.
[2020.06.25-03.42.33:537][  0]LogShaderCompilers: Cannot use XGE Shader Compiler as Incredibuild is not installed on this machine.
[2020.06.25-03.42.33:537][  0]LogShaderCompilers: Display: Using Local Shader Compiler.
[2020.06.25-03.42.34:318][  0]LogDerivedDataCache: Display: Max Cache Size: 512 MB
[2020.06.25-03.42.34:369][  0]LogDerivedDataCache: Loaded boot cache 0.05s 79MB C:/Users/kevjertse/AppData/Local/UnrealEngine/4.25/DerivedDataCache/Boot.ddc.
[2020.06.25-03.42.34:369][  0]LogDerivedDataCache: Display: Loaded Boot cache: C:/Users/kevjertse/AppData/Local/UnrealEngine/4.25/DerivedDataCache/Boot.ddc
[2020.06.25-03.42.34:369][  0]LogDerivedDataCache: FDerivedDataBackendGraph:  Pak pak cache file ../../../../../../Studio3_Team3/S3T3/Team3Game/DerivedDataCache/DDC.ddp not found, will not use a pak cache.
[2020.06.25-03.42.34:369][  0]LogDerivedDataCache: Unable to find inner node Pak for hierarchical cache Hierarchy.
[2020.06.25-03.42.34:369][  0]LogDerivedDataCache: FDerivedDataBackendGraph:  CompressedPak pak cache file ../../../../../../Studio3_Team3/S3T3/Team3Game/DerivedDataCache/Compressed.ddp not found, will not use a pak cache.
[2020.06.25-03.42.34:369][  0]LogDerivedDataCache: Unable to find inner node CompressedPak for hierarchical cache Hierarchy.
[2020.06.25-03.42.34:381][  0]LogDerivedDataCache: Display: Pak cache opened for reading ../../../Engine/DerivedDataCache/Compressed.ddp.
[2020.06.25-03.42.34:381][  0]LogDerivedDataCache: FDerivedDataBackendGraph:  EnterprisePak pak cache file ../../../Enterprise/DerivedDataCache/Compressed.ddp not found, will not use a pak cache.
[2020.06.25-03.42.34:381][  0]LogDerivedDataCache: Unable to find inner node EnterprisePak for hierarchical cache Hierarchy.
[2020.06.25-03.42.34:382][  0]LogDerivedDataCache: Using Local data cache path C:/Users/kevjertse/AppData/Local/UnrealEngine/Common/DerivedDataCache: Writable
[2020.06.25-03.42.34:382][  0]LogDerivedDataCache: Shared data cache path not found in *engine.ini, will not use an Shared cache.
[2020.06.25-03.42.34:383][  0]LogDerivedDataCache: Unable to find inner node Shared for hierarchical cache Hierarchy.
[2020.06.25-03.42.34:432][  0]LogSlate: Using FreeType 2.10.0
[2020.06.25-03.42.34:432][  0]LogSlate: SlateFontServices - WITH_FREETYPE: 1, WITH_HARFBUZZ: 1
[2020.06.25-03.42.34:459][  0]LogAssetRegistry: FAssetRegistry took 0.0028 seconds to start up
[2020.06.25-03.42.34:722][  0]LogInit: Selected Device Profile: [Windows]
[2020.06.25-03.42.34:851][  0]LogMeshReduction: Using QuadricMeshReduction for automatic static mesh reduction
[2020.06.25-03.42.34:851][  0]LogMeshReduction: Using SimplygonMeshReduction for automatic skeletal mesh reduction
[2020.06.25-03.42.34:851][  0]LogMeshReduction: Using ProxyLODMeshReduction for automatic mesh merging
[2020.06.25-03.42.34:851][  0]LogMeshReduction: No distributed automatic mesh merging module available
[2020.06.25-03.42.34:851][  0]LogMeshMerging: No distributed automatic mesh merging module available
[2020.06.25-03.42.34:873][  0]LogNetVersion: Team3Game 1.0.0, NetCL: 13144385, EngineNetVer: 14, GameNetVer: 0 (Checksum: 1033925791)
[2020.06.25-03.42.35:293][  0]LogAISub: UAISubsystem::UAISubsystem AISubsystem (000001CF0E419BC0), frame # 0
[2020.06.25-03.42.35:293][  0]LogAISub: UAISubsystem::UAISubsystem AIPerceptionSystem (000001CF0E35BC40), frame # 0
[2020.06.25-03.42.35:294][  0]LogAISub: UAISubsystem::UAISubsystem EnvQueryManager (000001CF0E3E0A00), frame # 0
[2020.06.25-03.42.35:331][  0]LogPackageLocalizationCache: Processed 19 localized package path(s) for 1 prioritized culture(s) in 0.031338 seconds
[2020.06.25-03.42.35:336][  0]LogUObjectArray: 15917 objects as part of root set at end of initial load.
[2020.06.25-03.42.35:336][  0]LogUObjectAllocator: 3965568 out of 0 bytes used by permanent object pool.
[2020.06.25-03.42.35:336][  0]LogUObjectArray: CloseDisregardForGC: 0/0 objects in disregard for GC pool
[2020.06.25-03.42.35:923][  0]LogTcpMessaging: Initializing TcpMessaging bridge
[2020.06.25-03.42.35:932][  0]LogUdpMessaging: Initializing bridge on interface 0.0.0.0:0 to multicast group 230.0.0.1:6666.
[2020.06.25-03.42.36:089][  0]SourceControl: Source control is disabled
[2020.06.25-03.42.36:089][  0]SourceControl: Source control is disabled
[2020.06.25-03.42.36:096][  0]SourceControl: Source control is disabled
[2020.06.25-03.42.36:102][  0]SourceControl: Source control is disabled
[2020.06.25-03.42.36:119][  0]SourceControl: Source control is disabled
[2020.06.25-03.42.36:590][  0]LogAndroidPermission: UAndroidPermissionCallbackProxy::GetInstance
[2020.06.25-03.42.36:630][  0]LogAudioCaptureCore: Display: No Audio Capture implementations found. Audio input will be silent.
[2020.06.25-03.42.36:630][  0]LogAudioCaptureCore: Display: No Audio Capture implementations found. Audio input will be silent.
[2020.06.25-03.42.36:707][  0]LogOcInput: OculusInput pre-init called
[2020.06.25-03.42.36:994][  0]LogEngine: Initializing Engine...
[2020.06.25-03.42.36:995][  0]LogHMD: Oculus plugin initialized. Version: 4.25.1-13594126+++UE4+Release-4.25, OVRPlugin: 1.44.0
[2020.06.25-03.42.36:996][  0]LogStats: UGameplayTagsManager::InitializeManager -  0.000 s
[2020.06.25-03.42.37:109][  0]LogInit: Initializing FReadOnlyCVARCache
[2020.06.25-03.42.37:119][  0]LogAIModule: Creating AISystem for world Untitled
[2020.06.25-03.42.37:120][  0]LogAISub: UAISubsystem::UAISubsystem EnvQueryManager (000001CF195C9600), frame # 0
[2020.06.25-03.42.37:120][  0]LogAISub: UAISubsystem::UAISubsystem AIPerceptionSystem (000001CF195EA840), frame # 0
[2020.06.25-03.42.37:137][  0]LogAudioMixer: Display: Audio Mixer Platform Settings:
[2020.06.25-03.42.37:137][  0]LogAudioMixer: Display: 	Sample Rate:						  48000
[2020.06.25-03.42.37:137][  0]LogAudioMixer: Display: 	Callback Buffer Frame Size Requested: 1024
[2020.06.25-03.42.37:137][  0]LogAudioMixer: Display: 	Callback Buffer Frame Size To Use:	  1024
[2020.06.25-03.42.37:137][  0]LogAudioMixer: Display: 	Number of buffers to queue:			  2
[2020.06.25-03.42.37:137][  0]LogAudioMixer: Display: 	Max Channels (voices):				  32
[2020.06.25-03.42.37:137][  0]LogAudioMixer: Display: 	Number of Async Source Workers:		  0
[2020.06.25-03.42.37:137][  0]LogAudio: Display: AudioDevice MaxSources: 32
[2020.06.25-03.42.37:137][  0]LogAudio: Display: Using built-in audio occlusion.
[2020.06.25-03.42.37:137][  0]LogAudioMixer: Display: Initializing audio mixer.
[2020.06.25-03.42.37:189][  0]LogAudioMixer: Display: 0: FrontLeft
[2020.06.25-03.42.37:189][  0]LogAudioMixer: Display: 1: FrontRight
[2020.06.25-03.42.37:283][  0]LogAudioMixer: Display: Using Audio Device Speakers (3- Realtek High Definition Audio)
[2020.06.25-03.42.37:287][  0]LogAudioMixer: Display: Initializing Sound Submixes...
[2020.06.25-03.42.37:291][  0]LogAudioMixer: Display: Creating Master Submix 'MasterSubmixDefault'
[2020.06.25-03.42.37:291][  0]LogAudioMixer: Display: Creating Master Submix 'MasterReverbSubmixDefault'
[2020.06.25-03.42.37:292][  0]LogAudioMixer: Display: Creating Master Submix 'MasterEQSubmixDefault'
[2020.06.25-03.42.37:293][  0]LogInit: FAudioDevice initialized.
[2020.06.25-03.42.37:293][  0]LogNetVersion: Set ProjectVersion to 1.0.0.0. Version Checksum will be recalculated on next use.
[2020.06.25-03.42.37:374][  0]LogDerivedDataCache: Saved boot cache 0.08s 79MB C:/Users/kevjertse/AppData/Local/UnrealEngine/4.25/DerivedDataCache/Boot.ddc.
[2020.06.25-03.42.37:375][  0]LogInit: Texture streaming: Enabled
[2020.06.25-03.42.37:404][  0]LogEngineSessionManager: EngineSessionManager initialized
[2020.06.25-03.42.37:404][  0]LogEditorSessionSummary: Verbose: Initializing EditorSessionSummaryWriter for editor session tracking
[2020.06.25-03.42.37:408][  0]LogEditorSessionSummary: EditorSessionSummaryWriter initialized
[2020.06.25-03.42.37:464][  0]LogInit: Transaction tracking system initialized
[2020.06.25-03.42.37:506][  0]BlueprintLog: New page: Editor Load
[2020.06.25-03.42.37:633][  0]LocalizationService: Localization service is disabled
[2020.06.25-03.42.37:842][  0]LogCook: Display: Max memory allowance for cook 16384mb min free memory 0mb
[2020.06.25-03.42.37:842][  0]LogCook: Display: Mobile HDR setting 1
[2020.06.25-03.42.37:941][  0]LogFileCache: Scanning file cache for directory 'E:/Studio3_Team3/S3T3/Team3Game/Content/' took 0.01s
[2020.06.25-03.42.38:421][  0]SourceControl: Source control is disabled
[2020.06.25-03.42.38:421][  0]LogUnrealEdMisc: Loading editor; pre map load, took 11.589
[2020.06.25-03.42.38:421][  0]Cmd: MAP LOAD FILE="../../../../../../Studio3_Team3/S3T3/Team3Game/Content/ThirdPersonBP/Maps/ThirdPersonExampleMap.umap" TEMPLATE=0 SHOWPROGRESS=1 FEATURELEVEL=3
[2020.06.25-03.42.38:421][  0]LogEditorServer: Warning: Can't find file '../../../../../../Studio3_Team3/S3T3/Team3Game/Content/ThirdPersonBP/Maps/ThirdPersonExampleMap.umap'
[2020.06.25-03.42.38:421][  0]Cmd: MAP CHECKDEP NOCLEARLOG
[2020.06.25-03.42.38:421][  0]MapCheck: Map check complete: 0 Error(s), 0 Warning(s), took 0.128ms to complete.
[2020.06.25-03.42.38:421][  0]LogFileHelpers: Loading map 'ThirdPersonExampleMap' took 0.001
[2020.06.25-03.42.38:424][  0]LogUnrealEdMisc: Total Editor Startup Time, took 11.592
[2020.06.25-03.42.38:580][  0]LogSlate: Updating window title bar state: overlay mode, drag disabled, window buttons hidden, title bar hidden
[2020.06.25-03.42.38:589][  0]LogSlate: Updating window title bar state: overlay mode, drag disabled, window buttons hidden, title bar hidden
[2020.06.25-03.42.38:597][  0]LogSlate: Updating window title bar state: overlay mode, drag disabled, window buttons hidden, title bar hidden
[2020.06.25-03.42.38:606][  0]LogSlate: Updating window title bar state: overlay mode, drag disabled, window buttons hidden, title bar hidden
[2020.06.25-03.42.38:619][  0]LogCollectionManager: Loaded 0 collections in 0.001831 seconds
[2020.06.25-03.42.38:638][  0]LogFileCache: Scanning file cache for directory 'E:/Studio3_Team3/S3T3/Team3Game/Saved/Collections/' took 0.00s
[2020.06.25-03.42.38:638][  0]LogFileCache: Scanning file cache for directory 'E:/Studio3_Team3/S3T3/Team3Game/Content/Developers/kevjertse/Collections/' took 0.00s
[2020.06.25-03.42.38:638][  0]LogFileCache: Scanning file cache for directory 'E:/Studio3_Team3/S3T3/Team3Game/Content/Collections/' took 0.00s
[2020.06.25-03.42.38:638][  0]LogContentBrowser: Native class hierarchy populated in 0.0121 seconds. Added 3427 classes and 821 folders.
[2020.06.25-03.42.38:641][  0]LogContentBrowser: Native class hierarchy updated for 'WidgetCarousel' in 0.0004 seconds. Added 0 classes and 0 folders.
[2020.06.25-03.42.38:749][  0]LogContentBrowser: Native class hierarchy updated for 'AddContentDialog' in 0.0003 seconds. Added 0 classes and 0 folders.
[2020.06.25-03.42.38:751][  0]LogContentBrowser: Native class hierarchy updated for 'SceneOutliner' in 0.0003 seconds. Added 2 classes and 0 folders.
[2020.06.25-03.42.38:782][  0]LogSlate: Took 0.000337 seconds to synchronously load lazily loaded font '../../../Engine/Content/Slate/Fonts/Roboto-Regular.ttf' (155K)
[2020.06.25-03.42.38:784][  0]LogSlate: Took 0.000207 seconds to synchronously load lazily loaded font '../../../Engine/Content/Slate/Fonts/Roboto-Bold.ttf' (160K)
[2020.06.25-03.42.38:789][  0]LogSlate: Took 0.000414 seconds to synchronously load lazily loaded font '../../../Engine/Content/Editor/Slate/Fonts/FontAwesome.ttf' (139K)
[2020.06.25-03.42.38:867][  0]LogRenderer: Reallocating scene render targets to support 1208x600 Format 10 NumSamples 1 (Frame:1).
[2020.06.25-03.42.38:982][  0]LogContentBrowser: Native class hierarchy updated for 'HierarchicalLODOutliner' in 0.0004 seconds. Added 0 classes and 0 folders.
[2020.06.25-03.42.38:983][  0]LogLoad: (Engine Initialization) Total time: 12.15 seconds
[2020.06.25-03.42.38:983][  0]LogLoad: (Engine Initialization) Total Blueprint compile time: 0.00 seconds
[2020.06.25-03.42.38:998][  0]LogOcInput: OculusInput is initialized
[2020.06.25-03.42.39:025][  0]LogAssetRegistry: Asset discovery search completed in 4.5667 seconds
[2020.06.25-03.42.39:028][  0]LogCollectionManager: Fixed up redirectors for 0 collections in 0.000002 seconds (updated 0 objects)
[2020.06.25-03.42.39:030][  0]LogContentStreaming: Texture pool size now 1000 MB
[2020.06.25-03.42.45:079][185]LogSlate: Took 0.000241 seconds to synchronously load lazily loaded font '../../../Engine/Content/Slate/Fonts/Roboto-Light.ttf' (167K)
[2020.06.25-03.42.45:099][185]LogFactory: FactoryCreateFile: StaticMesh with FbxFactory (0 0 C:/Users/kevjertse/Desktop/untitled.fbx)
[2020.06.25-03.42.45:114][185]LogFbx: Loading FBX Scene from C:/Users/kevjertse/Desktop/untitled.fbx
[2020.06.25-03.42.45:118][185]LogFbx: FBX Scene Loaded Succesfully
[2020.06.25-03.42.45:119][185]FBXImport: Warning: Can't detect import type. No mesh is found or animation track. 
[2020.06.25-03.42.46:651][185]LogSlate: Window 'Message' being destroyed
[2020.06.25-03.42.46:656][185]Message dialog closed, result: Ok, title: Message, text: Failed to import 'C:/Users/kevjertse/Desktop/untitled.fbx'. Failed to create asset '/Game/Assets/Katana/untitled'.
Please see Output Log for details.
[2020.06.25-03.42.46:656][185]LogAssetTools: Warning: Failed to import 'C:/Users/kevjertse/Desktop/untitled.fbx'. Failed to create asset '/Game/Assets/Katana/untitled'.
Please see Output Log for details.
[2020.06.25-03.42.46:668][185]LogSlate: Took 0.000155 seconds to synchronously load lazily loaded font '../../../Engine/Content/Slate/Fonts/DroidSansMono.ttf' (77K)
[2020.06.25-03.43.04:992][864]LogFactory: FactoryCreateFile: StaticMesh with FbxFactory (0 0 C:/Users/kevjertse/Desktop/untitled.fbx)
[2020.06.25-03.43.05:005][864]LogFbx: Loading FBX Scene from C:/Users/kevjertse/Desktop/untitled.fbx
[2020.06.25-03.43.05:011][864]LogFbx: FBX Scene Loaded Succesfully
[2020.06.25-03.43.05:934][864]LogSlate: Window 'FBX Import Options' being destroyed
[2020.06.25-03.43.06:174][864]LogTexture: Display: Building textures: Katana_CM_01 (AutoDXT, 1024X1024)
[2020.06.25-03.43.06:302][864]LogMaterial: Display: Missing cached shader map for material Katana_CM, compiling. 
[2020.06.25-03.43.06:342][864]LogShaderCompilers: Display: Worker (1/9): shaders left to compile 15
[2020.06.25-03.43.06:342][864]LogShaderCompilers: Display: Worker (2/9): shaders left to compile 13
[2020.06.25-03.43.06:342][864]LogShaderCompilers: Display: Worker (3/9): shaders left to compile 11
[2020.06.25-03.43.06:342][864]LogShaderCompilers: Display: Worker (4/9): shaders left to compile 9
[2020.06.25-03.43.06:342][864]LogShaderCompilers: Display: Worker (5/9): shaders left to compile 7
[2020.06.25-03.43.06:342][864]LogShaderCompilers: Display: Worker (6/9): shaders left to compile 5
[2020.06.25-03.43.06:342][864]LogShaderCompilers: Display: Worker (7/9): shaders left to compile 3
[2020.06.25-03.43.06:342][864]LogShaderCompilers: Display: Worker (8/9): shaders left to compile 1
[2020.06.25-03.43.06:342][864]LogStaticMesh: Building static mesh untitled...
[2020.06.25-03.43.06:357][864]LogStaticMesh: Built static mesh [0.01s] /Game/Assets/Katana/untitled.untitled
[2020.06.25-03.43.06:366][864]FBXImport: Warning: No smoothing group information was found in this FBX scene.  Please make sure to enable the 'Export Smoothing Groups' option in the FBX Exporter plug-in before exporting the file.  Even for tools that don't support smoothing groups, the FBX Exporter will generate appropriate smoothing data at export-time so that correct vertex normals can be inferred while importing. 
[2020.06.25-03.43.07:332][976]LogSlate: Took 0.000420 seconds to synchronously load lazily loaded font '../../../Engine/Content/Slate/Fonts/Roboto-Light.ttf' (167K)
[2020.06.25-03.43.08:338][ 65]LogAssetEditorSubsystem: Opening Asset editor for StaticMesh /Game/Assets/Katana/untitled.untitled
[2020.06.25-03.43.08:701][ 65]LogWorld: UWorld::CleanupWorld for World_2, bSessionEnded=true, bCleanupResources=true
[2020.06.25-03.43.08:701][ 65]LogSlate: InvalidateAllWidgets triggered.  All widgets were invalidated
[2020.06.25-03.43.08:899][ 65]LogRenderer: Reallocating scene render targets to support 1208x736 Format 10 NumSamples 1 (Frame:1).
[2020.06.25-03.43.08:899][ 65]LogSlate: Took 0.000256 seconds to synchronously load lazily loaded font '../../../Engine/Content/Slate/Fonts/Roboto-Italic.ttf' (157K)
[2020.06.25-03.43.12:421][448]LogRenderer: Reallocating scene render targets to support 1208x744 Format 10 NumSamples 1 (Frame:353).
[2020.06.25-03.43.12:480][449]LogRenderer: Reallocating scene render targets to support 1432x960 Format 10 NumSamples 1 (Frame:355).
[2020.06.25-03.43.12:505][450]LogSlate: Window 'untitled' being destroyed
[2020.06.25-03.43.15:282][691]LogAnimationCompression: Building Anim DDC data for AnimSequence /Game/Mannequin/Animations/ThirdPersonJump_Start.ThirdPersonJump_Start
[2020.06.25-03.43.15:282][691]LogAnimationCompression: Building Anim DDC data for AnimSequence /Game/Mannequin/Animations/ThirdPersonJump_Loop.ThirdPersonJump_Loop
[2020.06.25-03.43.15:312][691]LogAssetEditorSubsystem: Opening Asset editor for World /Game/Maps/KevinMap.KevinMap
[2020.06.25-03.43.15:326][691]LogUObjectHash: Compacting FUObjectHashTables data took   0.87ms
[2020.06.25-03.43.16:197][691]LogSlate: Window 'Save Content' being destroyed
[2020.06.25-03.43.16:220][691]Cmd: OBJ SAVEPACKAGE PACKAGE="/Game/Assets/Katana/Katana_CM" FILE="../../../../../../Studio3_Team3/S3T3/Team3Game/Content/Assets/Katana/Katana_CM.uasset" SILENT=true
[2020.06.25-03.43.16:228][691]LogSavePackage: Moving '../../../../../../Studio3_Team3/S3T3/Team3Game/Saved/Katana_CMB1188B1E448B773603B3C09ADB6CEEB3.tmp' to '../../../../../../Studio3_Team3/S3T3/Team3Game/Content/Assets/Katana/Katana_CM.uasset'
[2020.06.25-03.43.16:233][691]Cmd: OBJ SAVEPACKAGE PACKAGE="/Game/Assets/Katana/Katana_CM_01" FILE="../../../../../../Studio3_Team3/S3T3/Team3Game/Content/Assets/Katana/Katana_CM_01.uasset" SILENT=true
[2020.06.25-03.43.16:284][691]LogSavePackage: Moving '../../../../../../Studio3_Team3/S3T3/Team3Game/Saved/Katana_CM_01B4F3396F4E8541D244BB39B45016EF13.tmp' to '../../../../../../Studio3_Team3/S3T3/Team3Game/Content/Assets/Katana/Katana_CM_01.uasset'
[2020.06.25-03.43.16:296][691]Cmd: OBJ SAVEPACKAGE PACKAGE="/Game/Assets/Katana/untitled" FILE="../../../../../../Studio3_Team3/S3T3/Team3Game/Content/Assets/Katana/untitled.uasset" SILENT=true
[2020.06.25-03.43.16:306][691]LogSavePackage: Moving '../../../../../../Studio3_Team3/S3T3/Team3Game/Saved/untitled23E3817D4383176278CD1397D6E3F335.tmp' to '../../../../../../Studio3_Team3/S3T3/Team3Game/Content/Assets/Katana/untitled.uasset'
[2020.06.25-03.43.16:307][691]Cmd: MAP LOAD FILE="../../../../../../Studio3_Team3/S3T3/Team3Game/Content/Maps/KevinMap.umap" TEMPLATE=0 SHOWPROGRESS=1 FEATURELEVEL=3
[2020.06.25-03.43.16:307][691]LightingResults: New page: Lighting Build
[2020.06.25-03.43.16:311][691]LogContentBrowser: Native class hierarchy updated for 'StatsViewer' in 0.0004 seconds. Added 6 classes and 0 folders.
[2020.06.25-03.43.16:311][691]LoadErrors: New page: Loading map: KevinMap.umap
[2020.06.25-03.43.16:331][691]LogWorld: UWorld::CleanupWorld for Untitled, bSessionEnded=true, bCleanupResources=true
[2020.06.25-03.43.16:332][691]LogSlate: InvalidateAllWidgets triggered.  All widgets were invalidated
[2020.06.25-03.43.16:332][691]MapCheck: New page: Map Check
[2020.06.25-03.43.16:332][691]LightingResults: New page: Lighting Build
[2020.06.25-03.43.16:341][691]LogAISub: UAISubsystem::~UAISubsystem EnvQueryManager (000001CF195C9600), frame # 1691
[2020.06.25-03.43.16:341][691]LogAISub: UAISubsystem::~UAISubsystem AIPerceptionSystem (000001CF195EA840), frame # 1691
[2020.06.25-03.43.16:342][691]LogUObjectHash: Compacting FUObjectHashTables data took   0.65ms
[2020.06.25-03.43.16:350][691]LogEditorServer: Finished looking for orphan Actors (0.000 secs)
[2020.06.25-03.43.16:350][691]LogAIModule: Creating AISystem for world KevinMap
[2020.06.25-03.43.16:350][691]LogAISub: UAISubsystem::UAISubsystem EnvQueryManager (000001CF181F1A00), frame # 1691
[2020.06.25-03.43.16:350][691]LogAISub: UAISubsystem::UAISubsystem AIPerceptionSystem (000001CF18B5B9C0), frame # 1691
[2020.06.25-03.43.16:363][691]LogUObjectHash: Compacting FUObjectHashTables data took   0.61ms
[2020.06.25-03.43.16:384][691]Cmd: MAP CHECKDEP NOCLEARLOG
[2020.06.25-03.43.16:385][691]MapCheck: Map check complete: 0 Error(s), 0 Warning(s), took 0.109ms to complete.
[2020.06.25-03.43.16:385][691]LogFileHelpers: Loading map 'KevinMap' took 0.077
[2020.06.25-03.43.16:433][691]AssetCheck: New page: Asset Save: multiple assets
[2020.06.25-03.43.16:433][691]LogContentValidation: Display: Validating Material /Game/Assets/Katana/Katana_CM.Katana_CM
[2020.06.25-03.43.16:433][691]LogContentValidation: Display: Validating Texture2D /Game/Assets/Katana/Katana_CM_01.Katana_CM_01
[2020.06.25-03.43.16:433][691]LogContentValidation: Display: Validating StaticMesh /Game/Assets/Katana/untitled.untitled
[2020.06.25-03.43.16:462][692]LogAnimationCompression: Building Anim DDC data for AnimSequence /Game/Mannequin/Animations/ThirdPersonRun.ThirdPersonRun
[2020.06.25-03.43.16:462][692]LogAnimationCompression: Building Anim DDC data for AnimSequence /Game/Mannequin/Animations/ThirdPersonIdle.ThirdPersonIdle
[2020.06.25-03.43.16:465][692]LogAnimationCompression: Building Anim DDC data for AnimSequence /Game/Mannequin/Animations/ThirdPersonWalk.ThirdPersonWalk
[2020.06.25-03.43.16:536][694]LogAnimationCompression: Building Anim DDC data for AnimSequence /Game/Mannequin/Animations/ThirdPerson_Jump.ThirdPerson_Jump
[2020.06.25-03.43.25:604][468]Cmd: OBJ SAVEPACKAGE PACKAGE="/Game/Assets/Katana/Katana" FILE="../../../../../../Studio3_Team3/S3T3/Team3Game/Content/Assets/Katana/Katana.uasset" SILENT=true
[2020.06.25-03.43.25:613][468]LogSavePackage: Moving '../../../../../../Studio3_Team3/S3T3/Team3Game/Saved/KatanaBED9F0B14B5026E52875D2B02D8C579A.tmp' to '../../../../../../Studio3_Team3/S3T3/Team3Game/Content/Assets/Katana/Katana.uasset'
[2020.06.25-03.43.25:693][468]LogUObjectHash: Compacting FUObjectHashTables data took   0.35ms
[2020.06.25-03.43.25:711][468]LogUObjectHash: Compacting FUObjectHashTables data took   0.90ms
[2020.06.25-03.43.25:723][468]LogUObjectHash: Compacting FUObjectHashTables data took   0.28ms
[2020.06.25-03.43.25:775][468]AssetCheck: New page: Asset Save: Katana
[2020.06.25-03.43.25:775][468]LogContentValidation: Display: Validating StaticMesh /Game/Assets/Katana/Katana.Katana
[2020.06.25-03.43.28:047][683]LogEditorViewport: Clicking on Actor (LMB): Game3TPC_BP_C (Game3TPC_BP)
[2020.06.25-03.43.28:112][683]LogEditorViewport: Clicking on Component (LMB): SkeletalMeshComponent (CharacterMesh0)
[2020.06.25-03.43.29:363][786]LogAssetEditorSubsystem: Opening Asset editor for Blueprint /Game/ThirdPersonBP/Blueprints/Game3TPC_BP.Game3TPC_BP
[2020.06.25-03.43.29:545][786]LogContentBrowser: Native class hierarchy updated for 'BlueprintGraph' in 0.0006 seconds. Added 125 classes and 0 folders.
[2020.06.25-03.43.30:412][786]LogSlate: Took 0.001464 seconds to synchronously load lazily loaded font '../../../Engine/Content/Slate/Fonts/Roboto-BoldCondensed.ttf' (158K)
[2020.06.25-03.43.33:099][ 12]LogAssetEditorSubsystem: Opening Asset editor for SkeletalMesh /Game/Mannequin/Character/Mesh/SK_Mannequin.SK_Mannequin
[2020.06.25-03.43.33:116][ 12]LogContentBrowser: Native class hierarchy updated for 'SkeletonEditor' in 0.0004 seconds. Added 1 classes and 2 folders.
[2020.06.25-03.43.33:127][ 12]LogActorComponent: RegisterComponentWithWorld: (/Engine/Transient.World_6:PersistentLevel.AnimationEditorPreviewActor_0.DebugSkelMeshComponent_0) Already registered. Aborting.
[2020.06.25-03.43.33:135][ 12]LogContentBrowser: Native class hierarchy updated for 'PinnedCommandList' in 0.0003 seconds. Added 1 classes and 0 folders.
[2020.06.25-03.43.33:184][ 12]LogSkeletalMesh: USkeletalMeshComponent::InitArticulated : Bodies already created (/Engine/Transient.World_6:PersistentLevel.AnimationEditorPreviewActor_0.DebugSkelMeshComponent_0) - call TermArticulated first.
[2020.06.25-03.44.04:027][859]Cmd: TRANSACTION UNDO
[2020.06.25-03.44.04:027][859]LogEditorTransaction: Undo Translate Socket
[2020.06.25-03.44.04:121][859]LogActorComponent: RegisterComponentWithWorld: (/Engine/Transient.World_6:PersistentLevel.AnimationEditorPreviewActor_0.DebugSkelMeshComponent_0) Already registered. Aborting.
[2020.06.25-03.44.08:932][246]Cmd: OBJ SAVEPACKAGE PACKAGE="/Game/Mannequin/Character/Mesh/SK_Mannequin" FILE="../../../../../../Studio3_Team3/S3T3/Team3Game/Content/Mannequin/Character/Mesh/SK_Mannequin.uasset" SILENT=true
[2020.06.25-03.44.09:072][246]LogSavePackage: Moving '../../../../../../Studio3_Team3/S3T3/Team3Game/Saved/SK_MannequinF4CB46524FAAC01724A1D1956E7FE0A8.tmp' to '../../../../../../Studio3_Team3/S3T3/Team3Game/Content/Mannequin/Character/Mesh/SK_Mannequin.uasset'
[2020.06.25-03.44.09:091][246]AssetCheck: New page: Asset Save: SK_Mannequin
[2020.06.25-03.44.09:091][246]LogContentValidation: Display: Validating SkeletalMesh /Game/Mannequin/Character/Mesh/SK_Mannequin.SK_Mannequin
[2020.06.25-03.44.35:367][987]LogUObjectHash: Compacting FUObjectHashTables data took   3.86ms
[2020.06.25-03.44.36:779][987]LogSlate: Window 'Delete Assets' being destroyed
[2020.06.25-03.44.37:996][987]LogWorld: UWorld::CleanupWorld for World_3, bSessionEnded=true, bCleanupResources=true
[2020.06.25-03.44.37:996][987]LogSlate: InvalidateAllWidgets triggered.  All widgets were invalidated
[2020.06.25-03.44.38:022][987]LogUObjectGlobals: Force Deleting 3 Package(s):
	Asset Name: /Game/Assets/Katana/Katana_CM_01.Katana_CM_01
	Asset Name: /Game/Assets/Katana/Katana.Katana
	Asset Name: /Game/Assets/Katana/Katana_CM.Katana_CM
[2020.06.25-03.44.38:554][987]LogMaterial: Display: Missing cached shader map for material Katana_CM, compiling. 
[2020.06.25-03.44.38:555][987]LogMaterial: Warning: E:\Studio3_Team3\S3T3\Team3Game\Content\Assets\Katana\Katana_CM.uasset: Failed to compile Material for platform PCD3D_SM5, Default Material will be used in game.
[2020.06.25-03.44.38:555][987]LogMaterial: Display: 	(Node TextureSample) Texture Sample> Missing input texture
[2020.06.25-03.44.39:282][987]LogUObjectHash: Compacting FUObjectHashTables data took   2.69ms
[2020.06.25-03.44.39:306][987]LogUObjectHash: Compacting FUObjectHashTables data took   2.26ms
[2020.06.25-03.44.39:326][987]LogUObjectHash: Compacting FUObjectHashTables data took   0.60ms
[2020.06.25-03.44.39:348][987]LogUObjectHash: Compacting FUObjectHashTables data took   1.94ms
[2020.06.25-03.44.39:368][987]LogUObjectHash: Compacting FUObjectHashTables data took   0.60ms
[2020.06.25-03.44.40:815][102]LogUObjectHash: Compacting FUObjectHashTables data took   3.86ms
[2020.06.25-03.44.40:839][102]LogSavePackage: Moving '../../../../../../Studio3_Team3/S3T3/Team3Game/Saved/UE4_Mannequin_Skeleton6478601D4F06CC262C983FA4E5F76383.tmp' to '../../../../../../Studio3_Team3/S3T3/Team3Game/Content/Mannequin/Character/Mesh/UE4_Mannequin_Skeleton.uasset'
[2020.06.25-03.44.40:855][102]AssetCheck: New page: Asset Save: UE4_Mannequin_Skeleton
[2020.06.25-03.44.40:855][102]LogContentValidation: Display: Validating Skeleton /Game/Mannequin/Character/Mesh/UE4_Mannequin_Skeleton.UE4_Mannequin_Skeleton
[2020.06.25-03.44.44:320][227]LogFactory: FactoryCreateFile: StaticMesh with FbxFactory (0 0 C:/Users/kevjertse/Desktop/untitled.fbx)
[2020.06.25-03.44.44:333][227]LogFbx: Loading FBX Scene from C:/Users/kevjertse/Desktop/untitled.fbx
[2020.06.25-03.44.44:338][227]LogFbx: FBX Scene Loaded Succesfully
[2020.06.25-03.44.45:467][227]LogSlate: Window 'FBX Import Options' being destroyed
[2020.06.25-03.44.45:515][227]LogTexture: Display: Building textures: Katana_CM_01 (AutoDXT, 1024X1024)
[2020.06.25-03.44.45:645][227]LogMaterial: Display: Missing cached shader map for material Katana_CM, compiling. 
[2020.06.25-03.44.45:658][227]LogStaticMesh: Building static mesh untitled...
[2020.06.25-03.44.45:675][227]LogShaderCompilers: Display: Worker (1/9): shaders left to compile 15
[2020.06.25-03.44.45:675][227]LogShaderCompilers: Display: Worker (2/9): shaders left to compile 13
[2020.06.25-03.44.45:675][227]LogShaderCompilers: Display: Worker (3/9): shaders left to compile 11
[2020.06.25-03.44.45:675][227]LogShaderCompilers: Display: Worker (4/9): shaders left to compile 9
[2020.06.25-03.44.45:675][227]LogShaderCompilers: Display: Worker (5/9): shaders left to compile 7
[2020.06.25-03.44.45:675][227]LogShaderCompilers: Display: Worker (6/9): shaders left to compile 5
[2020.06.25-03.44.45:675][227]LogShaderCompilers: Display: Worker (7/9): shaders left to compile 3
[2020.06.25-03.44.45:675][227]LogShaderCompilers: Display: Worker (8/9): shaders left to compile 1
[2020.06.25-03.44.45:675][227]LogStaticMesh: Built static mesh [0.02s] /Game/Assets/Katana/untitled.untitled
[2020.06.25-03.44.45:685][227]FBXImport: Warning: No smoothing group information was found in this FBX scene.  Please make sure to enable the 'Export Smoothing Groups' option in the FBX Exporter plug-in before exporting the file.  Even for tools that don't support smoothing groups, the FBX Exporter will generate appropriate smoothing data at export-time so that correct vertex normals can be inferred while importing. 
[2020.06.25-03.44.54:340][824]LogWindows: Error: === Critical error: ===
[2020.06.25-03.44.54:340][824]LogWindows: Error: 
[2020.06.25-03.44.54:340][824]LogWindows: Error: Fatal error!
[2020.06.25-03.44.54:340][824]LogWindows: Error: 
[2020.06.25-03.44.54:340][824]LogWindows: Error: Unhandled Exception: EXCEPTION_ACCESS_VIOLATION reading address 0xffffffff
[2020.06.25-03.44.54:340][824]LogWindows: Error: 
[2020.06.25-03.44.54:340][824]LogWindows: Error: [Callstack] 0x00007ffc839a5845 UE4Editor-CoreUObject.dll!UnknownFunction []
[2020.06.25-03.44.54:340][824]LogWindows: Error: [Callstack] 0x00007ffc7524674f UE4Editor-ContentBrowser.dll!UnknownFunction []
[2020.06.25-03.44.54:340][824]LogWindows: Error: [Callstack] 0x00007ffc75301621 UE4Editor-ContentBrowser.dll!UnknownFunction []
[2020.06.25-03.44.54:340][824]LogWindows: Error: [Callstack] 0x00007ffc598a43ec UE4Editor-SkeletonEditor.dll!UnknownFunction []
[2020.06.25-03.44.54:340][824]LogWindows: Error: [Callstack] 0x00007ffc598aa523 UE4Editor-SkeletonEditor.dll!UnknownFunction []
[2020.06.25-03.44.54:340][824]LogWindows: Error: [Callstack] 0x00007ffc5987dddd UE4Editor-SkeletonEditor.dll!UnknownFunction []
[2020.06.25-03.44.54:340][824]LogWindows: Error: [Callstack] 0x00007ffc5987b677 UE4Editor-SkeletonEditor.dll!UnknownFunction []
[2020.06.25-03.44.54:340][824]LogWindows: Error: [Callstack] 0x00007ffc598aea17 UE4Editor-SkeletonEditor.dll!UnknownFunction []
[2020.06.25-03.44.54:340][824]LogWindows: Error: [Callstack] 0x00007ffc598a5ecb UE4Editor-SkeletonEditor.dll!UnknownFunction []
[2020.06.25-03.44.54:340][824]LogWindows: Error: [Callstack] 0x00007ffc800a0f3e UE4Editor-Slate.dll!UnknownFunction []
[2020.06.25-03.44.54:340][824]LogWindows: Error: [Callstack] 0x00007ffc80125302 UE4Editor-Slate.dll!UnknownFunction []
[2020.06.25-03.44.54:340][824]LogWindows: Error: [Callstack] 0x00007ffc8010e5aa UE4Editor-Slate.dll!UnknownFunction []
[2020.06.25-03.44.54:341][824]LogWindows: Error: [Callstack] 0x00007ffc80101a79 UE4Editor-Slate.dll!UnknownFunction []
[2020.06.25-03.44.54:341][824]LogWindows: Error: [Callstack] 0x00007ffcc0dc7f62 UE4Editor-ApplicationCore.dll!UnknownFunction []
[2020.06.25-03.44.54:341][824]LogWindows: Error: [Callstack] 0x00007ffcc0db5c87 UE4Editor-ApplicationCore.dll!UnknownFunction []
[2020.06.25-03.44.54:341][824]LogWindows: Error: [Callstack] 0x00007ffcc0dca609 UE4Editor-ApplicationCore.dll!UnknownFunction []
[2020.06.25-03.44.54:341][824]LogWindows: Error: [Callstack] 0x00007ffcc0db17d0 UE4Editor-ApplicationCore.dll!UnknownFunction []
[2020.06.25-03.44.54:341][824]LogWindows: Error: [Callstack] 0x00007ffd025e5c0d USER32.dll!UnknownFunction []
[2020.06.25-03.44.54:341][824]LogWindows: Error: [Callstack] 0x00007ffd025e5602 USER32.dll!UnknownFunction []
[2020.06.25-03.44.54:341][824]LogWindows: Error: [Callstack] 0x00007ffcc0dcbb24 UE4Editor-ApplicationCore.dll!UnknownFunction []
[2020.06.25-03.44.54:341][824]LogWindows: Error: [Callstack] 0x00007ff7846968c4 UE4Editor.exe!UnknownFunction []
[2020.06.25-03.44.54:341][824]LogWindows: Error: [Callstack] 0x00007ff7846aba7c UE4Editor.exe!UnknownFunction []
[2020.06.25-03.44.54:341][824]LogWindows: Error: [Callstack] 0x00007ff7846abb5a UE4Editor.exe!UnknownFunction []
[2020.06.25-03.44.54:341][824]LogWindows: Error: [Callstack] 0x00007ff7846be31d UE4Editor.exe!UnknownFunction []
[2020.06.25-03.44.54:341][824]LogWindows: Error: [Callstack] 0x00007ff7846c145a UE4Editor.exe!UnknownFunction []
[2020.06.25-03.44.54:341][824]LogWindows: Error: [Callstack] 0x00007ffd023e7bd4 KERNEL32.DLL!UnknownFunction []
[2020.06.25-03.44.54:341][824]LogWindows: Error: [Callstack] 0x00007ffd0348ce51 ntdll.dll!UnknownFunction []
[2020.06.25-03.44.54:341][824]LogWindows: Error: 
[2020.06.25-03.44.54:355][824]LogExit: Executing StaticShutdownAfterError
[2020.06.25-03.44.54:361][824]LogWindows: FPlatformMisc::RequestExit(1)
[2020.06.25-03.44.54:361][824]LogCore: Engine exit requested (reason: Win RequestExit)
[2020.06.25-03.44.54:369][824]Log file closed, 06/25/20 13:44:54
