"../../../Engine/Content/EditorBlueprintResources/StandardMacros.uasset" 0
"../../../../../../Users/kenph/Documents/Github/Studio3_Team3/Team3Game/Content/AdvancedSessions/MyGameInstance.uasset" 1
"../../../../../../Users/kenph/Documents/Github/Studio3_Team3/Team3Game/Content/AdvancedSessions/testMainMenu.uasset" 2
"../../../../../../Users/kenph/Documents/Github/Studio3_Team3/Team3Game/Content/Assets/Barrel/Material_001.uasset" 3
"../../../../../../Users/kenph/Documents/Github/Studio3_Team3/Team3Game/Content/Assets/Barrel/Material_002.uasset" 4
"../../../../../../Users/kenph/Documents/Github/Studio3_Team3/Team3Game/Content/Assets/Barrel/Barrel.uasset" 5
"../../../../../../Users/kenph/Documents/Github/Studio3_Team3/Team3Game/Content/Assets/Level2_City/Bench/lambert3.uasset" 6
"../../../../../../Users/kenph/Documents/Github/Studio3_Team3/Team3Game/Content/Assets/Level2_City/Bench/Park_Bench.uasset" 7
"../../../../../../Users/kenph/Documents/Github/Studio3_Team3/Team3Game/Content/Assets/Bench/Park_Bench.uasset" 8
"../../../../../../Users/kenph/Documents/Github/Studio3_Team3/Team3Game/Content/Assets/Level2_City/Bin/Bin/Texture/Bin_DarkSilver.uasset" 9
"../../../../../../Users/kenph/Documents/Github/Studio3_Team3/Team3Game/Content/Assets/Level2_City/Bin/Bin/Garbage_Bin.uasset" 10
"../../../../../../Users/kenph/Documents/Github/Studio3_Team3/Team3Game/Content/Assets/Bin/Bin/Garbage_Bin.uasset" 11
"../../../../../../Users/kenph/Documents/Github/Studio3_Team3/Team3Game/Content/Assets/Bins/AltBin/Garbage_Bin.uasset" 12
"../../../../../../Users/kenph/Documents/Github/Studio3_Team3/Team3Game/Content/Assets/Level1_Cave/Rock_Grey.uasset" 13
"../../../../../../Users/kenph/Documents/Github/Studio3_Team3/Team3Game/Content/Assets/Level1_Cave/Rock_Grey_2.uasset" 14
"../../../../../../Users/kenph/Documents/Github/Studio3_Team3/Team3Game/Content/Assets/Level1_Cave/Boulders_pCube11.uasset" 15
"../../../../../../Users/kenph/Documents/Github/Studio3_Team3/Team3Game/Content/Assets/Level1_Cave/Boulders_pCube8.uasset" 16
"../../../../../../Users/kenph/Documents/Github/Studio3_Team3/Team3Game/Content/Assets/Level1_Cave/Rocks_Clump.uasset" 17
"../../../../../../Users/kenph/Documents/Github/Studio3_Team3/Team3Game/Content/Assets/Level1_Cave/Rocks_polySurface1.uasset" 18
"../../../../../../Users/kenph/Documents/Github/Studio3_Team3/Team3Game/Content/Assets/Level1_Cave/Rocks_polySurface2.uasset" 19
"../../../../../../Users/kenph/Documents/Github/Studio3_Team3/Team3Game/Content/Assets/Level1_Cave/Rocks_polySurface3.uasset" 20
"../../../../../../Users/kenph/Documents/Github/Studio3_Team3/Team3Game/Content/Assets/Level1_Cave/Rocks_polySurface4.uasset" 21
"../../../../../../Users/kenph/Documents/Github/Studio3_Team3/Team3Game/Content/Assets/Level1_Cave/Rocks_polySurface5.uasset" 22
"../../../../../../Users/kenph/Documents/Github/Studio3_Team3/Team3Game/Content/Assets/Level1_Cave/Rocks_polySurface6.uasset" 23
"../../../../../../Users/kenph/Documents/Github/Studio3_Team3/Team3Game/Content/Assets/Level1_Cave/Rocks_polySurface7.uasset" 24
"../../../../../../Users/kenph/Documents/Github/Studio3_Team3/Team3Game/Content/Assets/Level1_Cave/Stagalathing.uasset" 25
"../../../../../../Users/kenph/Documents/Github/Studio3_Team3/Team3Game/Content/Assets/Level1_Cave/Stagalathing2_pCube21.uasset" 26
"../../../../../../Users/kenph/Documents/Github/Studio3_Team3/Team3Game/Content/Assets/Level1_Cave/Stagalathing3_polySurface8.uasset" 27
"../../../../../../Users/kenph/Documents/Github/Studio3_Team3/Team3Game/Content/Assets/Level2_City/StreetSigns/CautionSignYellow.uasset" 28
"../../../../../../Users/kenph/Documents/Github/Studio3_Team3/Team3Game/Content/Assets/Level2_City/TrafficLight/TrafficLightBlack.uasset" 29
"../../../../../../Users/kenph/Documents/Github/Studio3_Team3/Team3Game/Content/Assets/Level2_City/TrafficLight/TrafficLightGrey.uasset" 30
"../../../../../../Users/kenph/Documents/Github/Studio3_Team3/Team3Game/Content/Assets/Level2_City/TrafficLight/TrafficLightSilver.uasset" 31
"../../../../../../Users/kenph/Documents/Github/Studio3_Team3/Team3Game/Content/Assets/Level2_City/StreetSigns/CautionSign.uasset" 32
"../../../../../../Users/kenph/Documents/Github/Studio3_Team3/Team3Game/Content/Assets/Level2_City/StreetSigns/SignPoll.uasset" 33
"../../../../../../Users/kenph/Documents/Github/Studio3_Team3/Team3Game/Content/Assets/Level2_City/StreetSigns/BP_CautionSign.uasset" 34
"../../../../../../Users/kenph/Documents/Github/Studio3_Team3/Team3Game/Content/Assets/Level2_City/StreetSigns/StopSignRed.uasset" 35
"../../../../../../Users/kenph/Documents/Github/Studio3_Team3/Team3Game/Content/Assets/Level2_City/StreetSigns/StopSign.uasset" 36
"../../../../../../Users/kenph/Documents/Github/Studio3_Team3/Team3Game/Content/Assets/Level2_City/StreetSigns/BP_StopSign.uasset" 37
"../../../../../../Users/kenph/Documents/Github/Studio3_Team3/Team3Game/Content/Assets/Level2_City/TrafficLight/Traffic_Lights_Misc.uasset" 38
"../../../../../../Users/kenph/Documents/Github/Studio3_Team3/Team3Game/Content/Assets/Level2_City/TrafficLight/TrafficLightGreen.uasset" 39
"../../../../../../Users/kenph/Documents/Github/Studio3_Team3/Team3Game/Content/Assets/Level2_City/TrafficLight/TrafficLightRed.uasset" 40
"../../../../../../Users/kenph/Documents/Github/Studio3_Team3/Team3Game/Content/Assets/Level2_City/TrafficLight/TrafficLightYellow.uasset" 41
"../../../../../../Users/kenph/Documents/Github/Studio3_Team3/Team3Game/Content/Assets/Level2_City/TrafficLight/TrafficLight.uasset" 42
"../../../../../../Users/kenph/Documents/Github/Studio3_Team3/Team3Game/Content/Assets/Level2_City/TrafficLight/TrafficLight_Misc1.uasset" 43
"../../../../../../Users/kenph/Documents/Github/Studio3_Team3/Team3Game/Content/Assets/Level2_City/TrafficLight/TrafficLight_Misc2.uasset" 44
"../../../../../../Users/kenph/Documents/Github/Studio3_Team3/Team3Game/Content/Assets/Level2_City/TrafficLight/BP_TrafficLight.uasset" 45
"../../../../../../Users/kenph/Documents/Github/Studio3_Team3/Team3Game/Content/Assets/Level2_City/Green.uasset" 46
"../../../../../../Users/kenph/Documents/Github/Studio3_Team3/Team3Game/Content/Assets/Level2_City/City_Level_BackdropFeatures.uasset" 47
"../../../../../../Users/kenph/Documents/Github/Studio3_Team3/Team3Game/Content/Assets/Level2_City/Level2_CityMap_W_Features_pCube1.uasset" 48
"../../../../../../Users/kenph/Documents/Github/Studio3_Team3/Team3Game/Content/Assets/Level2_City/Level2_CityMap_W_Features_pCube100.uasset" 49
"../../../../../../Users/kenph/Documents/Github/Studio3_Team3/Team3Game/Content/Assets/Level2_City/Level2_CityMap_W_Features_pCube107.uasset" 50
"../../../../../../Users/kenph/Documents/Github/Studio3_Team3/Team3Game/Content/Assets/Level2_City/Level2_CityMap_W_Features_pCube108.uasset" 51
"../../../../../../Users/kenph/Documents/Github/Studio3_Team3/Team3Game/Content/Assets/Level2_City/Level2_CityMap_W_Features_pCube112.uasset" 52
"../../../../../../Users/kenph/Documents/Github/Studio3_Team3/Team3Game/Content/Assets/Level2_City/Level2_CityMap_W_Features_pCube14.uasset" 53
"../../../../../../Users/kenph/Documents/Github/Studio3_Team3/Team3Game/Content/Assets/Level2_City/Level2_CityMap_W_Features_pCube165.uasset" 54
"../../../../../../Users/kenph/Documents/Github/Studio3_Team3/Team3Game/Content/Assets/Level2_City/White.uasset" 55
"../../../../../../Users/kenph/Documents/Github/Studio3_Team3/Team3Game/Content/Assets/Level2_City/Level2_CityMap_W_Features_pCube172.uasset" 56
"../../../../../../Users/kenph/Documents/Github/Studio3_Team3/Team3Game/Content/Assets/Level2_City/Level2_CityMap_W_Features_pCube175.uasset" 57
"../../../../../../Users/kenph/Documents/Github/Studio3_Team3/Team3Game/Content/Assets/Level2_City/Level2_CityMap_W_Features_pCube184.uasset" 58
"../../../../../../Users/kenph/Documents/Github/Studio3_Team3/Team3Game/Content/Assets/Level2_City/Level2_CityMap_W_Features_pCube2.uasset" 59
"../../../../../../Users/kenph/Documents/Github/Studio3_Team3/Team3Game/Content/Assets/Level2_City/Level2_CityMap_W_Features_pCube235.uasset" 60
"../../../../../../Users/kenph/Documents/Github/Studio3_Team3/Team3Game/Content/Assets/Level2_City/Level2_CityMap_W_Features_pCube38.uasset" 61
"../../../../../../Users/kenph/Documents/Github/Studio3_Team3/Team3Game/Content/Assets/Level2_City/Level2_CityMap_W_Features_pCube56.uasset" 62
"../../../../../../Users/kenph/Documents/Github/Studio3_Team3/Team3Game/Content/Assets/Level2_City/Level2_CityMap_W_Features_pCube74.uasset" 63
"../../../../../../Users/kenph/Documents/Github/Studio3_Team3/Team3Game/Content/Assets/Level2_City/Level2_CityMap_W_Features_polySurface181.uasset" 64
"../../../../../../Users/kenph/Documents/Github/Studio3_Team3/Team3Game/Content/Assets/Level2_City/Level2_CityMap_W_Features_polySurface202.uasset" 65
"../../../../../../Users/kenph/Documents/Github/Studio3_Team3/Team3Game/Content/Assets/Level2_City/Level2_CityMap_W_Features_polySurface209.uasset" 66
"../../../../../../Users/kenph/Documents/Github/Studio3_Team3/Team3Game/Content/Assets/Level2_City/Level2_CityMap_W_Features_polySurface224.uasset" 67
"../../../../../../Users/kenph/Documents/Github/Studio3_Team3/Team3Game/Content/Assets/Level2_City/Level2_CityMap_W_Features_polySurface59.uasset" 68
"../../../../../../Users/kenph/Documents/Github/Studio3_Team3/Team3Game/Content/Assets/Level2_City/Level2_CityMap_W_Features_polySurface81.uasset" 69
"../../../../../../Users/kenph/Documents/Github/Studio3_Team3/Team3Game/Content/Assets/Level2_City/Level2_CityMap_W_Features_pSolid27.uasset" 70
"../../../../../../Users/kenph/Documents/Github/Studio3_Team3/Team3Game/Content/Assets/Level2_City/Level2_CityMap_W_Features_pSphere8.uasset" 71
"../../../../../../Users/kenph/Documents/Github/Studio3_Team3/Team3Game/Content/Assets/Level2_City/BP_City.uasset" 72
"../../../../../../Users/kenph/Documents/Github/Studio3_Team3/Team3Game/Content/Assets/Level2_City/lambert38.uasset" 73
"../../../../../../Users/kenph/Documents/Github/Studio3_Team3/Team3Game/Content/Assets/Level2_City/lambert39.uasset" 74
"../../../../../../Users/kenph/Documents/Github/Studio3_Team3/Team3Game/Content/Assets/SidewalkBin/BP_SidewalkBin.uasset" 75
"../../../../../../Users/kenph/Documents/Github/Studio3_Team3/Team3Game/Content/Assets/StreetSigns/BP_CautionSign.uasset" 76
"../../../../../../Users/kenph/Documents/Github/Studio3_Team3/Team3Game/Content/Assets/StreetSigns/BP_StopSign.uasset" 77
"../../../../../../Users/kenph/Documents/Github/Studio3_Team3/Team3Game/Content/Assets/TombeStone/TombStoneSkullBlack.uasset" 78
"../../../../../../Users/kenph/Documents/Github/Studio3_Team3/Team3Game/Content/Assets/TombeStone/TombeStone_RIP.uasset" 79
"../../../../../../Users/kenph/Documents/Github/Studio3_Team3/Team3Game/Content/Assets/TombeStone/TombStoneGraveWhite.uasset" 80
"../../../../../../Users/kenph/Documents/Github/Studio3_Team3/Team3Game/Content/Assets/TombeStone/TombStone_Boarder.uasset" 81
"../../../../../../Users/kenph/Documents/Github/Studio3_Team3/Team3Game/Content/Assets/TombeStone/TombStoneGrassGreen.uasset" 82
"../../../../../../Users/kenph/Documents/Github/Studio3_Team3/Team3Game/Content/Assets/TombeStone/TombStone_Grass.uasset" 83
"../../../../../../Users/kenph/Documents/Github/Studio3_Team3/Team3Game/Content/Assets/TombeStone/TombStone_GravePlot.uasset" 84
"../../../../../../Users/kenph/Documents/Github/Studio3_Team3/Team3Game/Content/Assets/TombeStone/TombStone_NamePlate.uasset" 85
"../../../../../../Users/kenph/Documents/Github/Studio3_Team3/Team3Game/Content/Assets/TombeStone/TombStone_P1.uasset" 86
"../../../../../../Users/kenph/Documents/Github/Studio3_Team3/Team3Game/Content/Assets/TombeStone/TombStoneSkullWhite.uasset" 87
"../../../../../../Users/kenph/Documents/Github/Studio3_Team3/Team3Game/Content/Assets/TombeStone/TombStone_Stone.uasset" 88
"../../../../../../Users/kenph/Documents/Github/Studio3_Team3/Team3Game/Content/Assets/TombeStone/BP_TombeStoneP1.uasset" 89
"../../../../../../Users/kenph/Documents/Github/Studio3_Team3/Team3Game/Content/Assets/TombeStone/BP_TombeStone.uasset" 90
"../../../../../../Users/kenph/Documents/Github/Studio3_Team3/Team3Game/Content/Assets/TombeStone/BP_TombStoneAlt.uasset" 91
"../../../../../../Users/kenph/Documents/Github/Studio3_Team3/Team3Game/Content/Assets/TrafficLight/BP_TrafficLight.uasset" 92
"../../../../../../Users/kenph/Documents/Github/Studio3_Team3/Team3Game/Content/Blueprints/Game2/BPI_Spawnable.uasset" 93
"../../../../../../Users/kenph/Documents/Github/Studio3_Team3/Team3Game/Content/Blueprints/Game2/BP_SpawnerBase.uasset" 94
"../../../../../../Users/kenph/Documents/Github/Studio3_Team3/Team3Game/Content/Blueprints/Game2/BP_LevelManager.uasset" 95
"../../../../../../Users/kenph/Documents/Github/Studio3_Team3/Team3Game/Content/Blueprints/Game2/BPM_Lib.uasset" 96
"../../../../../../Users/kenph/Documents/Github/Studio3_Team3/Team3Game/Content/Blueprints/Game2/BPF_Lib.uasset" 97
"../../../../../../Users/kenph/Documents/Github/Studio3_Team3/Team3Game/Content/Blueprints/Game2/BP_ScrollingComponent.uasset" 98
"../../../Engine/Content/Functions/Engine_MaterialFunctions01/Opacity/CameraDepthFade.uasset" 99
"../../../Engine/Content/EngineMaterials/T_Default_Material_Grid_M.uasset" 100
"../../../Engine/Content/EngineMaterials/T_Default_Material_Grid_N.uasset" 101
"../../../Engine/Content/EngineMaterials/WorldGridMaterial.uasset" 102
"../../../Engine/Content/BasicShapes/Cube.uasset" 103
"../../../../../../Users/kenph/Documents/Github/Studio3_Team3/Team3Game/Content/Blueprints/Game2/BP_FloorBase.uasset" 104
"../../../../../../Users/kenph/Documents/Github/Studio3_Team3/Team3Game/Content/Geometry/Meshes/CubeMaterial.uasset" 105
"../../../../../../Users/kenph/Documents/Github/Studio3_Team3/Team3Game/Content/Geometry/Meshes/1M_Cube.uasset" 106
"../../../../../../Users/kenph/Documents/Github/Studio3_Team3/Team3Game/Content/Blueprints/Game2/BP_FloorSide.uasset" 107
"../../../../../../Users/kenph/Documents/Github/Studio3_Team3/Team3Game/Content/LevelDesign/Level4_HITW/Assets/Tree_Snow_/Material_006.uasset" 108
"../../../../../../Users/kenph/Documents/Github/Studio3_Team3/Team3Game/Content/LevelDesign/Level4_HITW/Assets/Tree_Snow_/Material_007.uasset" 109
"../../../../../../Users/kenph/Documents/Github/Studio3_Team3/Team3Game/Content/LevelDesign/Level4_HITW/Assets/Tree_Snow_/Material_008.uasset" 110
"../../../../../../Users/kenph/Documents/Github/Studio3_Team3/Team3Game/Content/LevelDesign/Level4_HITW/Assets/Tree_Snow_/Material_009.uasset" 111
"../../../../../../Users/kenph/Documents/Github/Studio3_Team3/Team3Game/Content/LevelDesign/Level4_HITW/Assets/Tree_Snow_/Tree_Snow_.uasset" 112
"../../../Engine/Content/EngineMeshes/Humanoid.uasset" 113
"../../../../../../Users/kenph/Documents/Github/Studio3_Team3/Team3Game/Content/Mannequin/Character/Mesh/UE4_Mannequin_Skeleton.uasset" 114
"../../../../../../Users/kenph/Documents/Github/Studio3_Team3/Team3Game/Content/Mannequin/Animations/ThirdPerson_Jump.uasset" 115
"../../../../../../Users/kenph/Documents/Github/Studio3_Team3/Team3Game/Content/Mannequin/Animations/ThirdPersonJump_Loop.uasset" 116
"../../../../../../Users/kenph/Documents/Github/Studio3_Team3/Team3Game/Content/Mannequin/Animations/ThirdPersonJump_Start.uasset" 117
"../../../../../../Users/kenph/Documents/Github/Studio3_Team3/Team3Game/Content/Mannequin/Animations/ThirdPersonIdle.uasset" 118
"../../../../../../Users/kenph/Documents/Github/Studio3_Team3/Team3Game/Content/Mannequin/Animations/ThirdPersonRun.uasset" 119
"../../../../../../Users/kenph/Documents/Github/Studio3_Team3/Team3Game/Content/Mannequin/Animations/ThirdPersonWalk.uasset" 120
"../../../../../../Users/kenph/Documents/Github/Studio3_Team3/Team3Game/Content/Mannequin/Animations/ThirdPerson_IdleRun_2D.uasset" 121
"../../../../../../Users/kenph/Documents/Github/Studio3_Team3/Team3Game/Content/Mannequin/Animations/ThirdPerson_AnimBP.uasset" 122
"../../../Engine/Content/Functions/Engine_MaterialFunctions02/Utility/BlendAngleCorrectedNormals.uasset" 123
"../../../Engine/Content/Functions/MaterialLayerFunctions/MatLayerBlend_NormalBlend.uasset" 124
"../../../Engine/Content/Functions/MaterialLayerFunctions/MatLayerBlend_Simple.uasset" 125
"../../../../../../Users/kenph/Documents/Github/Studio3_Team3/Team3Game/Content/Mannequin/Character/Materials/MaterialLayers/T_ML_Rubber_Blue_01_D.uasset" 126
"../../../../../../Users/kenph/Documents/Github/Studio3_Team3/Team3Game/Content/Mannequin/Character/Materials/MaterialLayers/T_ML_Rubber_Blue_01_N.uasset" 127
"../../../../../../Users/kenph/Documents/Github/Studio3_Team3/Team3Game/Content/Mannequin/Character/Materials/MaterialLayers/ML_GlossyBlack_Latex_UE4.uasset" 128
"../../../../../../Users/kenph/Documents/Github/Studio3_Team3/Team3Game/Content/Mannequin/Character/Materials/MaterialLayers/ML_Plastic_Shiny_Beige.uasset" 129
"../../../../../../Users/kenph/Documents/Github/Studio3_Team3/Team3Game/Content/Mannequin/Character/Textures/UE4_LOGO_CARD.uasset" 130
"../../../../../../Users/kenph/Documents/Github/Studio3_Team3/Team3Game/Content/Mannequin/Character/Materials/MaterialLayers/ML_Plastic_Shiny_Beige_LOGO.uasset" 131
"../../../../../../Users/kenph/Documents/Github/Studio3_Team3/Team3Game/Content/Mannequin/Character/Materials/MaterialLayers/T_ML_Aluminum01.uasset" 132
"../../../../../../Users/kenph/Documents/Github/Studio3_Team3/Team3Game/Content/Mannequin/Character/Materials/MaterialLayers/T_ML_Aluminum01_N.uasset" 133
"../../../../../../Users/kenph/Documents/Github/Studio3_Team3/Team3Game/Content/Mannequin/Character/Materials/MaterialLayers/ML_SoftMetal_UE4.uasset" 134
"../../../../../../Users/kenph/Documents/Github/Studio3_Team3/Team3Game/Content/Mannequin/Character/Textures/UE4_Mannequin__normals.uasset" 135
"../../../../../../Users/kenph/Documents/Github/Studio3_Team3/Team3Game/Content/Mannequin/Character/Textures/UE4_Mannequin_MAT_MASKA.uasset" 136
"../../../../../../Users/kenph/Documents/Github/Studio3_Team3/Team3Game/Content/Mannequin/Character/Materials/M_UE4Man_Body.uasset" 137
"../../../../../../Users/kenph/Documents/Github/Studio3_Team3/Team3Game/Content/Mannequin/Character/Textures/UE4Man_Logo_N.uasset" 138
"../../../../../../Users/kenph/Documents/Github/Studio3_Team3/Team3Game/Content/Mannequin/Character/Materials/M_UE4Man_ChestLogo.uasset" 139
"../../../../../../Users/kenph/Documents/Github/Studio3_Team3/Team3Game/Content/Mannequin/Character/Mesh/SK_Mannequin_PhysicsAsset.uasset" 140
"../../../../../../Users/kenph/Documents/Github/Studio3_Team3/Team3Game/Content/Mannequin/Character/Mesh/SK_Mannequin.uasset" 141
"../../../../../../Users/kenph/Documents/Github/Studio3_Team3/Team3Game/Content/LevelDesign/Level_1/SideScrollerBP/Blueprints/Game5TPC.uasset" 142
"../../../../../../Users/kenph/Documents/Github/Studio3_Team3/Team3Game/Content/LevelDesign/Level_1/SideScrollerBP/Blueprints/SideScrollerCharacter.uasset" 143
"../../../Engine/Content/EditorBlueprintResources/ActorMacros.uasset" 144
"../../../../../../Users/kenph/Documents/Github/Studio3_Team3/Team3Game/Content/ThirdPersonBP/Blueprints/Game1TPC_BP.uasset" 145
"../../../../../../Users/kenph/Documents/Github/Studio3_Team3/Team3Game/Content/AdvancedSessions/Test2/HostGame2.uasset" 146
"../../../../../../Users/kenph/Documents/Github/Studio3_Team3/Team3Game/Content/AdvancedSessions/Test2/MainMenu2.uasset" 147
"../../../../../../Users/kenph/Documents/Github/Studio3_Team3/Team3Game/Content/AdvancedSessions/Test2/Games2.uasset" 148
"../../../../../../Users/kenph/Documents/Github/Studio3_Team3/Team3Game/Content/AdvancedSessions/Test2/SearchGames2.uasset" 149
"../../../../../../Users/kenph/Documents/Github/Studio3_Team3/Team3Game/Content/AdvancedSessions/Test2/MainGI2.uasset" 150
"../../../../../../Users/kenph/Documents/Github/Studio3_Team3/Team3Game/Content/Widgets/MainMenu_W.uasset" 151
"../../../../../../Users/kenph/Documents/Github/Studio3_Team3/Team3Game/Content/AdvancedSessions/MainMenuChar.uasset" 152
"../../../../../../Users/kenph/Documents/Github/Studio3_Team3/Team3Game/Content/LevelDesign/MainMenu/MainMenuGM.uasset" 153
"../../../../../../Users/kenph/Documents/Github/Studio3_Team3/Team3Game/Content/Mannequin/BoneMappingYBOT.uasset" 154
"../../../../../../Users/kenph/Documents/Github/Studio3_Team3/Team3Game/Content/Mannequin/Animations/A_SW_Damage_Backward.uasset" 155
"../../../../../../Users/kenph/Documents/Github/Studio3_Team3/Team3Game/Content/Mannequin/Animations/A_SW_Damage_Backward_Montage.uasset" 156
"../../../../../../Users/kenph/Documents/Github/Studio3_Team3/Team3Game/Content/Mannequin/Animations/ThirdPersonJump_End.uasset" 157
"../../../Engine/Content/Animation/DefaultAnimBoneCompressionSettings.uasset" 158
"../../../../../../Users/kenph/Documents/Github/Studio3_Team3/Team3Game/Content/Mannequin/Animations/ThrowObject_1_4UE4.uasset" 159
"../../../../../../Users/kenph/Documents/Github/Studio3_Team3/Team3Game/Content/Mannequin/Animations/ThrowObject_1_4UE4_Montage.uasset" 160
"../../../../../../Users/kenph/Documents/Github/Studio3_Team3/Team3Game/Content/Mannequin/Animations/AnimBPs/ThirdPerson_IdleRun_2D.uasset" 161
"../../../../../../Users/kenph/Documents/Github/Studio3_Team3/Team3Game/Content/Mannequin/Animations/AnimBPs/ThirdPerson_AnimBP.uasset" 162
"../../../../../../Users/kenph/Documents/Github/Studio3_Team3/Team3Game/Content/Mannequin/Animations/PlayerAttacks/Attack_PrimaryA.uasset" 163
"../../../../../../Users/kenph/Documents/Github/Studio3_Team3/Team3Game/Content/Mannequin/Animations/PlayerAttacks/Attack_PrimaryA_Montage.uasset" 164
"../../../../../../Users/kenph/Documents/Github/Studio3_Team3/Team3Game/Content/Mannequin/Animations/PlayerAttacks/Attack_PrimaryB.uasset" 165
"../../../../../../Users/kenph/Documents/Github/Studio3_Team3/Team3Game/Content/Mannequin/Animations/PlayerAttacks/Attack_PrimaryB_Montage.uasset" 166
"../../../../../../Users/kenph/Documents/Github/Studio3_Team3/Team3Game/Content/Mannequin/Animations/Throw/Throw_PhysicsAsset.uasset" 167
"../../../../../../Users/kenph/Documents/Github/Studio3_Team3/Team3Game/Content/Mannequin/Animations/Throw/Throw_Skeleton.uasset" 168
"../../../../../../Users/kenph/Documents/Github/Studio3_Team3/Team3Game/Content/Mannequin/Animations/Throw/Throw.uasset" 169
"../../../../../../Users/kenph/Documents/Github/Studio3_Team3/Team3Game/Content/Mannequin/Animations/Throw/Throw_Anim_mixamo_com.uasset" 170
"../../../../../../Users/kenph/Documents/Github/Studio3_Team3/Team3Game/Content/Mannequin/Animations/Throw/Throw_Anim_Take_001.uasset" 171
"../../../../../../Users/kenph/Documents/Github/Studio3_Team3/Team3Game/Content/Particles/FireFX/Fire_mat.uasset" 172
"../../../../../../Users/kenph/Documents/Github/Studio3_Team3/Team3Game/Content/Particles/FireFX/Fire_mat_inst.uasset" 173
"../../../../../../Users/kenph/Documents/Github/Studio3_Team3/Team3Game/Content/Particles/FireFX/LowPolyFire.uasset" 174
"../../../Engine/Content/MapTemplates/TilingNoise05.uasset" 175
"../../../../../../Users/kenph/Documents/Github/Studio3_Team3/Team3Game/Content/Particles/IceFX/Rock_N_T.uasset" 176
"../../../../../../Users/kenph/Documents/Github/Studio3_Team3/Team3Game/Content/Particles/IceFX/Snow_N_T.uasset" 177
"../../../../../../Users/kenph/Documents/Github/Studio3_Team3/Team3Game/Content/Particles/IceFX/Ice_mat.uasset" 178
"../../../../../../Users/kenph/Documents/Github/Studio3_Team3/Team3Game/Content/Particles/IceFX/Ice_mat_Inst.uasset" 179
"../../../Engine/Content/Functions/Engine_MaterialFunctions01/Density/ExponentialDensity.uasset" 180
"../../../Engine/Content/Functions/Engine_MaterialFunctions01/Gradient/RadialGradientExponential.uasset" 181
"../../../../../../Users/kenph/Documents/Github/Studio3_Team3/Team3Game/Content/Particles/IceFX/Snow_Unlit_mat.uasset" 182
"../../../../../../Users/kenph/Documents/Github/Studio3_Team3/Team3Game/Content/StarterContent/Materials/M_Basic_Wall.uasset" 183
"../../../../../../Users/kenph/Documents/Github/Studio3_Team3/Team3Game/Content/StarterContent/Architecture/Pillar_50x500.uasset" 184
"../../../../../../Users/kenph/Documents/Github/Studio3_Team3/Team3Game/Content/StarterContent/Architecture/Wall_400x300.uasset" 185
"../../../../../../Users/kenph/Documents/Github/Studio3_Team3/Team3Game/Content/StarterContent/Architecture/Wall_400x400.uasset" 186
"../../../../../../Users/kenph/Documents/Github/Studio3_Team3/Team3Game/Content/StarterContent/Architecture/Wall_500x500.uasset" 187
"../../../../../../Users/kenph/Documents/Github/Studio3_Team3/Team3Game/Content/StarterContent/Architecture/Wall_Door_400x400.uasset" 188
"../../../../../../Users/kenph/Documents/Github/Studio3_Team3/Team3Game/Content/StarterContent/Architecture/Wall_Window_400x400.uasset" 189
"../../../../../../Users/kenph/Documents/Github/Studio3_Team3/Team3Game/Content/StarterContent/Audio/Collapse01.uasset" 190
"../../../../../../Users/kenph/Documents/Github/Studio3_Team3/Team3Game/Content/StarterContent/Audio/Collapse02.uasset" 191
"../../../../../../Users/kenph/Documents/Github/Studio3_Team3/Team3Game/Content/StarterContent/Audio/Explosion01.uasset" 192
"../../../../../../Users/kenph/Documents/Github/Studio3_Team3/Team3Game/Content/StarterContent/Audio/Explosion02.uasset" 193
"../../../../../../Users/kenph/Documents/Github/Studio3_Team3/Team3Game/Content/StarterContent/Audio/Fire01.uasset" 194
"../../../../../../Users/kenph/Documents/Github/Studio3_Team3/Team3Game/Content/StarterContent/Audio/Fire_Sparks01.uasset" 195
"../../../../../../Users/kenph/Documents/Github/Studio3_Team3/Team3Game/Content/StarterContent/Audio/Light01.uasset" 196
"../../../../../../Users/kenph/Documents/Github/Studio3_Team3/Team3Game/Content/StarterContent/Audio/Light01_Cue.uasset" 197
"../../../../../../Users/kenph/Documents/Github/Studio3_Team3/Team3Game/Content/StarterContent/Audio/Light02.uasset" 198
"../../../../../../Users/kenph/Documents/Github/Studio3_Team3/Team3Game/Content/StarterContent/Audio/Light02_Cue.uasset" 199
"../../../../../../Users/kenph/Documents/Github/Studio3_Team3/Team3Game/Content/StarterContent/Audio/Smoke01.uasset" 200
"../../../../../../Users/kenph/Documents/Github/Studio3_Team3/Team3Game/Content/StarterContent/Audio/Starter_Birds01.uasset" 201
"../../../../../../Users/kenph/Documents/Github/Studio3_Team3/Team3Game/Content/StarterContent/Audio/Starter_Music01.uasset" 202
"../../../../../../Users/kenph/Documents/Github/Studio3_Team3/Team3Game/Content/StarterContent/Audio/Starter_Wind05.uasset" 203
"../../../../../../Users/kenph/Documents/Github/Studio3_Team3/Team3Game/Content/StarterContent/Audio/Starter_Wind06.uasset" 204
"../../../../../../Users/kenph/Documents/Github/Studio3_Team3/Team3Game/Content/StarterContent/Audio/Steam01.uasset" 205
"../../../../../../Users/kenph/Documents/Github/Studio3_Team3/Team3Game/Content/StarterContent/Audio/Explosion_Cue.uasset" 206
"../../../../../../Users/kenph/Documents/Github/Studio3_Team3/Team3Game/Content/StarterContent/Textures/T_Burst_M.uasset" 207
"../../../../../../Users/kenph/Documents/Github/Studio3_Team3/Team3Game/Content/StarterContent/Particles/Materials/M_Burst.uasset" 208
"../../../../../../Users/kenph/Documents/Github/Studio3_Team3/Team3Game/Content/StarterContent/Textures/T_Explosion_SubUV.uasset" 209
"../../../../../../Users/kenph/Documents/Github/Studio3_Team3/Team3Game/Content/StarterContent/Particles/Materials/M_explosion_subUV.uasset" 210
"../../../../../../Users/kenph/Documents/Github/Studio3_Team3/Team3Game/Content/StarterContent/Particles/Materials/m_flare_01.uasset" 211
"../../../Engine/Content/Functions/Engine_MaterialFunctions01/Gradient/RadialGradient.uasset" 212
"../../../../../../Users/kenph/Documents/Github/Studio3_Team3/Team3Game/Content/StarterContent/Particles/Materials/M_radial_ramp.uasset" 213
"../../../../../../Users/kenph/Documents/Github/Studio3_Team3/Team3Game/Content/StarterContent/Textures/T_Smoke_SubUV.uasset" 214
"../../../../../../Users/kenph/Documents/Github/Studio3_Team3/Team3Game/Content/StarterContent/Textures/T_Smoke_Tiled_D.uasset" 215
"../../../../../../Users/kenph/Documents/Github/Studio3_Team3/Team3Game/Content/StarterContent/Particles/Materials/M_smoke_subUV.uasset" 216
"../../../../../../Users/kenph/Documents/Github/Studio3_Team3/Team3Game/Content/StarterContent/Particles/P_Explosion.uasset" 217
"../../../../../../Users/kenph/Documents/Github/Studio3_Team3/Team3Game/Content/StarterContent/Blueprints/Blueprint_Effect_Explosion.uasset" 218
"../../../Engine/Content/EditorMeshes/ColorCalibrator/T_ColorGrid.uasset" 219
"../../../../../../Users/kenph/Documents/Github/Studio3_Team3/Team3Game/Content/StarterContent/Materials/M_ColorGrid_LowSpec.uasset" 220
"../../../../../../Users/kenph/Documents/Github/Studio3_Team3/Team3Game/Content/StarterContent/Textures/T_Bush_D.uasset" 221
"../../../../../../Users/kenph/Documents/Github/Studio3_Team3/Team3Game/Content/StarterContent/Textures/T_Bush_N.uasset" 222
"../../../../../../Users/kenph/Documents/Github/Studio3_Team3/Team3Game/Content/StarterContent/Props/Materials/M_Bush.uasset" 223
"../../../../../../Users/kenph/Documents/Github/Studio3_Team3/Team3Game/Content/StarterContent/Props/SM_Bush.uasset" 224
"../../../../../../Users/kenph/Documents/Github/Studio3_Team3/Team3Game/Content/StarterContent/Textures/T_Chair_M.uasset" 225
"../../../../../../Users/kenph/Documents/Github/Studio3_Team3/Team3Game/Content/StarterContent/Textures/T_Chair_N.uasset" 226
"../../../../../../Users/kenph/Documents/Github/Studio3_Team3/Team3Game/Content/StarterContent/Props/Materials/M_Chair.uasset" 227
"../../../../../../Users/kenph/Documents/Github/Studio3_Team3/Team3Game/Content/StarterContent/Props/SM_Couch.uasset" 228
"../../../../../../Users/kenph/Documents/Github/Studio3_Team3/Team3Game/Content/StarterContent/Materials/M_Glass.uasset" 229
"../../../../../../Users/kenph/Documents/Github/Studio3_Team3/Team3Game/Content/StarterContent/Textures/T_Door_M.uasset" 230
"../../../../../../Users/kenph/Documents/Github/Studio3_Team3/Team3Game/Content/StarterContent/Textures/T_Door_N.uasset" 231
"../../../../../../Users/kenph/Documents/Github/Studio3_Team3/Team3Game/Content/StarterContent/Props/Materials/M_Door.uasset" 232
"../../../../../../Users/kenph/Documents/Github/Studio3_Team3/Team3Game/Content/StarterContent/Props/SM_Door.uasset" 233
"../../../../../../Users/kenph/Documents/Github/Studio3_Team3/Team3Game/Content/StarterContent/Props/Materials/M_MaterialSphere.uasset" 234
"../../../../../../Users/kenph/Documents/Github/Studio3_Team3/Team3Game/Content/StarterContent/Props/Materials/M_MaterialSphere_Plain.uasset" 235
"../../../../../../Users/kenph/Documents/Github/Studio3_Team3/Team3Game/Content/StarterContent/Props/SM_MatPreviewMesh_02.uasset" 236
"../../../../../../Users/kenph/Documents/Github/Studio3_Team3/Team3Game/Content/StarterContent/Textures/T_Detail_Rocky_N.uasset" 237
"../../../../../../Users/kenph/Documents/Github/Studio3_Team3/Team3Game/Content/StarterContent/Textures/T_Rock_Basalt_D.uasset" 238
"../../../../../../Users/kenph/Documents/Github/Studio3_Team3/Team3Game/Content/StarterContent/Textures/T_RockMesh_M.uasset" 239
"../../../../../../Users/kenph/Documents/Github/Studio3_Team3/Team3Game/Content/StarterContent/Textures/T_RockMesh_N.uasset" 240
"../../../../../../Users/kenph/Documents/Github/Studio3_Team3/Team3Game/Content/StarterContent/Props/Materials/M_Rock.uasset" 241
"../../../../../../Users/kenph/Documents/Github/Studio3_Team3/Team3Game/Content/StarterContent/Props/SM_Rock.uasset" 242
"../../../../../../Users/kenph/Documents/Github/Studio3_Team3/Team3Game/Content/StarterContent/Textures/T_Shelf_M.uasset" 243
"../../../../../../Users/kenph/Documents/Github/Studio3_Team3/Team3Game/Content/StarterContent/Textures/T_Shelf_N.uasset" 244
"../../../../../../Users/kenph/Documents/Github/Studio3_Team3/Team3Game/Content/StarterContent/Props/Materials/M_Shelf.uasset" 245
"../../../../../../Users/kenph/Documents/Github/Studio3_Team3/Team3Game/Content/StarterContent/Props/SM_Shelf.uasset" 246
"../../../../../../Users/kenph/Documents/Github/Studio3_Team3/Team3Game/Content/StarterContent/Materials/M_Basic_Floor.uasset" 247
"../../../../../../Users/kenph/Documents/Github/Studio3_Team3/Team3Game/Content/StarterContent/Props/SM_Stairs.uasset" 248
"../../../../../../Users/kenph/Documents/Github/Studio3_Team3/Team3Game/Content/StarterContent/Shapes/Shape_Cone.uasset" 249
"../../../../../../Users/kenph/Documents/Github/Studio3_Team3/Team3Game/Content/StarterContent/Shapes/Shape_Cylinder.uasset" 250
"../../../../../../Users/kenph/Documents/Github/Studio3_Team3/Team3Game/Content/StarterContent/Shapes/Shape_NarrowCapsule.uasset" 251
"../../../../../../Users/kenph/Documents/Github/Studio3_Team3/Team3Game/Content/StarterContent/Shapes/Shape_Pipe.uasset" 252
"../../../../../../Users/kenph/Documents/Github/Studio3_Team3/Team3Game/Content/StarterContent/Shapes/Shape_Pipe_180.uasset" 253
"../../../../../../Users/kenph/Documents/Github/Studio3_Team3/Team3Game/Content/StarterContent/Shapes/Shape_Pipe_90.uasset" 254
"../../../../../../Users/kenph/Documents/Github/Studio3_Team3/Team3Game/Content/StarterContent/Shapes/Shape_Plane.uasset" 255
"../../../../../../Users/kenph/Documents/Github/Studio3_Team3/Team3Game/Content/StarterContent/Shapes/Shape_Torus.uasset" 256
"../../../../../../Users/kenph/Documents/Github/Studio3_Team3/Team3Game/Content/StarterContent/Shapes/Shape_Trim.uasset" 257
"../../../../../../Users/kenph/Documents/Github/Studio3_Team3/Team3Game/Content/StarterContent/Shapes/Shape_Trim_90_In.uasset" 258
"../../../../../../Users/kenph/Documents/Github/Studio3_Team3/Team3Game/Content/StarterContent/Shapes/Shape_Trim_90_Out.uasset" 259
"../../../../../../Users/kenph/Documents/Github/Studio3_Team3/Team3Game/Content/StarterContent/Shapes/Shape_TriPyramid.uasset" 260
"../../../../../../Users/kenph/Documents/Github/Studio3_Team3/Team3Game/Content/StarterContent/Shapes/Shape_Tube.uasset" 261
"../../../../../../Users/kenph/Documents/Github/Studio3_Team3/Team3Game/Content/StarterContent/Shapes/Shape_Wedge_A.uasset" 262
"../../../../../../Users/kenph/Documents/Github/Studio3_Team3/Team3Game/Content/StarterContent/Shapes/Shape_Wedge_B.uasset" 263
"../../../../../../Users/kenph/Documents/Github/Studio3_Team3/Team3Game/Content/StarterContent/Shapes/Shape_WideCapsule.uasset" 264
"../../../../../../Users/kenph/Documents/Github/Studio3_Team3/Team3Game/Content/ThirdPersonBP/ThirdPersonOverview.uasset" 265
"../../../../../../Users/kenph/Documents/Github/Studio3_Team3/Team3Game/Content/ThirdPersonBP/Blueprints/PlayerInfo_Struct.uasset" 266
"../../../../../../Users/kenph/Documents/Github/Studio3_Team3/Team3Game/Content/ThirdPersonBP/Blueprints/PlayerSaveGame.uasset" 267
"../../../../../../Users/kenph/Documents/Github/Studio3_Team3/Team3Game/Content/ThirdPersonBP/Blueprints/ThirdPersonCharacter.uasset" 268
"../../../../../../Users/kenph/Documents/Github/Studio3_Team3/Team3Game/Content/ThirdPersonBP/Blueprints/ThirdPersonGameMode.uasset" 269
"../../../../../../Users/kenph/Documents/Github/Studio3_Team3/Team3Game/Content/Widgets/PlayerSheet.uasset" 270
"../../../Engine/Content/Animation/DefaultAnimCurveCompressionSettings.uasset" 271
"../../../Engine/Content/ArtTools/RenderToTexture/Meshes/S_1_Unit_Plane.uasset" 272
"../../../Engine/Content/EngineMaterials/DefaultMaterial.uasset" 273
"../../../Engine/Content/BasicShapes/Cone.uasset" 274
"../../../Engine/Content/BasicShapes/Plane.uasset" 275
"../../../Engine/Content/EditorLandscapeResources/DataLayer.uasset" 276
"../../../Engine/Content/EditorMaterials/MAT_Groups_Toggle.uasset" 277
"../../../Engine/Content/EditorMaterials/MAT_Groups_Visibility.uasset" 278
"../../../Engine/Content/EditorMaterials/PreviewShadowIndicator.uasset" 279
"../../../Engine/Content/EditorMaterials/PreviewShadowIndicatorMaterial.uasset" 280
"../../../Engine/Content/EditorMaterials/MatineeGroups/MAT_ColorTrack.uasset" 281
"../../../Engine/Content/EditorMaterials/MatineeGroups/MAT_Groups_Anim.uasset" 282
"../../../Engine/Content/EditorMaterials/MatineeGroups/MAT_Groups_AudioMaster.uasset" 283
"../../../Engine/Content/EditorMaterials/MatineeGroups/MAT_Groups_Director.uasset" 284
"../../../Engine/Content/EditorMaterials/MatineeGroups/MAT_Groups_Event.uasset" 285
"../../../Engine/Content/EditorMaterials/MatineeGroups/MAT_Groups_Fade.uasset" 286
"../../../Engine/Content/EditorMaterials/MatineeGroups/MAT_Groups_Float.uasset" 287
"../../../Engine/Content/EditorMaterials/MatineeGroups/MAT_Groups_Move.uasset" 288
"../../../Engine/Content/EditorMaterials/MatineeGroups/MAT_Groups_Slomo.uasset" 289
"../../../Engine/Content/EditorMaterials/MatineeGroups/MAT_Groups_Sound.uasset" 290
"../../../Engine/Content/EditorMaterials/MatineeGroups/MAT_Groups_Vector.uasset" 291
"../../../Engine/Content/EditorMaterials/ParticleSystems/PSysThumbnail_NoImage.uasset" 292
"../../../Engine/Content/EditorMaterials/ParticleSystems/PSysThumbnail_OOD.uasset" 293
"../../../Engine/Content/EditorMaterials/Camera/CineMat.uasset" 294
"../../../Engine/Content/EditorMaterials/Camera/MI_CineMat_Rig.uasset" 295
"../../../Engine/Content/EditorMeshes/Camera/SM_CraneRig_Arm.uasset" 296
"../../../Engine/Content/EditorMeshes/Camera/SM_CraneRig_Base.uasset" 297
"../../../Engine/Content/EditorMeshes/Camera/SM_CraneRig_Body.uasset" 298
"../../../Engine/Content/EditorMeshes/Camera/SM_CraneRig_Mount.uasset" 299
"../../../Engine/Content/EditorMeshes/Camera/SM_RailRig_Mount.uasset" 300
"../../../Engine/Content/EditorMeshes/Camera/SM_RailRig_Track.uasset" 301
"../../../Engine/Content/EditorResources/BSPVertex.uasset" 302
"../../../Engine/Content/EditorResources/EmptyActor.uasset" 303
"../../../Engine/Content/EditorResources/S_Actor.uasset" 304
"../../../Engine/Content/EditorResources/S_Note.uasset" 305
"../../../Engine/Content/EditorResources/S_Solver.uasset" 306
"../../../Engine/Content/EditorResources/S_Trigger.uasset" 307
"../../../Engine/Content/EditorResources/AudioIcons/S_AudioComponent.uasset" 308
"../../../Engine/Content/EditorResources/AudioIcons/S_AudioComponent_AutoActivate.uasset" 309
"../../../Engine/Content/EditorResources/LightIcons/S_LightError.uasset" 310
"../../../Engine/Content/EditorResources/SequenceRecorder/Countdown.uasset" 311
"../../../Engine/Content/EditorResources/SequenceRecorder/RecordingIndicator.uasset" 312
"../../../Engine/Content/EditorSounds/Notifications/CompileFailed.uasset" 313
"../../../Engine/Content/EditorSounds/Notifications/CompileFailed_Cue.uasset" 314
"../../../Engine/Content/EditorSounds/Notifications/CompileSuccess.uasset" 315
"../../../Engine/Content/EditorSounds/Notifications/CompileStart_Cue.uasset" 316
"../../../Engine/Content/EditorSounds/Notifications/CompileSuccess_Cue.uasset" 317
"../../../Engine/Content/EngineDamageTypes/DmgTypeBP_Environmental.uasset" 318
"../../../Engine/Content/EngineDebugMaterials/DebugEditorMaterial.uasset" 319
"../../../Engine/Content/EngineDebugMaterials/DebugMeshMaterial.uasset" 320
"../../../Engine/Content/EngineDebugMaterials/M_SimpleUnlitTranslucent.uasset" 321
"../../../Engine/Content/Functions/Engine_MaterialFunctions02/Utility/CameraDirectionVector.uasset" 322
"../../../Engine/Content/EngineDebugMaterials/VolumeToRender.uasset" 323
"../../../Engine/Content/EngineDebugMaterials/M_VolumeRenderSphereTracePP.uasset" 324
"../../../Engine/Content/EngineDebugMaterials/WireframeMaterial.uasset" 325
"../../../Engine/Content/EngineFonts/Faces/DroidSansFallback.uasset" 326
"../../../Engine/Content/EngineFonts/Faces/RobotoBold.uasset" 327
"../../../Engine/Content/EngineFonts/Faces/RobotoBoldItalic.uasset" 328
"../../../Engine/Content/EngineFonts/Faces/RobotoItalic.uasset" 329
"../../../Engine/Content/EngineFonts/Faces/RobotoLight.uasset" 330
"../../../Engine/Content/EngineFonts/Faces/RobotoRegular.uasset" 331
"../../../Engine/Content/EngineFonts/Roboto.uasset" 332
"../../../Engine/Content/EngineMaterials/BaseFlattenDiffuseMap.uasset" 333
"../../../Engine/Content/EngineMaterials/BaseFlattenEmissiveMap.uasset" 334
"../../../Engine/Content/EngineMaterials/BaseFlattenGrayscaleMap.uasset" 335
"../../../Engine/Content/EngineMaterials/BaseFlattenNormalMap.uasset" 336
"../../../Engine/Content/EngineMaterials/BaseFlattenMaterial.uasset" 337
"../../../Engine/Content/EngineMaterials/BlueNoise.uasset" 338
"../../../Engine/Content/EngineMaterials/DefaultBloomKernel.uasset" 339
"../../../Engine/Content/EngineMaterials/DefaultBokeh.uasset" 340
"../../../Engine/Content/EngineMaterials/DefaultDiffuse.uasset" 341
"../../../Engine/Content/EngineMaterials/DefaultDeferredDecalMaterial.uasset" 342
"../../../Engine/Content/EngineMaterials/DefaultLightFunctionMaterial.uasset" 343
"../../../Engine/Content/EngineMaterials/DefaultPhysicalMaterial.uasset" 344
"../../../Engine/Content/Functions/Engine_MaterialFunctions02/Utility/BreakOutFloat2Components.uasset" 345
"../../../Engine/Content/EngineMaterials/DefaultPostProcessMaterial.uasset" 346
"../../../Engine/Content/EngineFonts/RobotoDistanceField.uasset" 347
"../../../Engine/Content/EngineMaterials/DefaultTextMaterialOpaque.uasset" 348
"../../../Engine/Content/EngineMaterials/DefaultWhiteGrid.uasset" 349
"../../../Engine/Content/EngineMaterials/DefaultWhiteGrid_Low.uasset" 350
"../../../Engine/Content/EngineMaterials/EmissiveMeshMaterial.uasset" 351
"../../../Engine/Content/EngineMaterials/GizmoMaterial.uasset" 352
"../../../Engine/Content/EngineMaterials/Good64x64TilingNoiseHighFreq.uasset" 353
"../../../Engine/Content/EngineMaterials/MiniFont.uasset" 354
"../../../Engine/Content/EngineMaterials/InvalidLightmapSettings.uasset" 355
"../../../Engine/Content/EngineMaterials/M_InvalidLightmapSettings.uasset" 356
"../../../Engine/Content/Functions/Engine_MaterialFunctions02/WorldPositionOffset/CameraOffset.uasset" 357
"../../../Engine/Content/EngineMaterials/PhAT_JointLimitMaterial.uasset" 358
"../../../Engine/Content/EngineMaterials/PreintegratedSkinBRDF.uasset" 359
"../../../Engine/Content/EngineMaterials/RemoveSurfaceMaterial.uasset" 360
"../../../Engine/Content/EngineMaterials/WeightMapPlaceholderTexture.uasset" 361
"../../../Engine/Content/EngineResources/WhiteSquareTexture.uasset" 362
"../../../Engine/Content/EngineMaterials/Widget3DPassThrough.uasset" 363
"../../../Engine/Content/EngineMaterials/Widget3DPassThrough_Masked.uasset" 364
"../../../Engine/Content/EngineMaterials/Widget3DPassThrough_Opaque.uasset" 365
"../../../Engine/Content/EngineMaterials/Widget3DPassThrough_Masked_OneSided.uasset" 366
"../../../Engine/Content/EngineMaterials/Widget3DPassThrough_Opaque_OneSided.uasset" 367
"../../../Engine/Content/EngineMaterials/Widget3DPassThrough_Translucent.uasset" 368
"../../../Engine/Content/EngineMaterials/Widget3DPassThrough_Translucent_OneSided.uasset" 369
"../../../Engine/Content/EngineMeshes/Cylinder.uasset" 370
"../../../Engine/Content/EngineMeshes/Sphere.uasset" 371
"../../../Engine/Content/EngineResources/Black.uasset" 372
"../../../Engine/Content/EngineResources/DefaultTexture.uasset" 373
"../../../Engine/Content/EngineResources/DefaultTextureCube.uasset" 374
"../../../Engine/Content/EngineResources/DefaultVolumeTexture2D.uasset" 375
"../../../Engine/Content/EngineResources/DefaultVolumeTexture.uasset" 376
"../../../Engine/Content/EngineResources/GradientTexture0.uasset" 377
"../../../Engine/Content/EngineSounds/Master.uasset" 378
"../../../Engine/Content/Functions/Engine_MaterialFunctions01/Shading/ConvertFromDiffSpec.uasset" 379
"../../../Engine/Content/Functions/Engine_MaterialFunctions01/Shading/PowerToRoughness.uasset" 380
"../../../Engine/Content/Maps/Templates/Thumbnails/Default.uasset" 381
"../../../Engine/Content/Maps/Templates/Thumbnails/TimeOfDay.uasset" 382
"../../../Engine/Content/Maps/Templates/Thumbnails/VR-Basic.uasset" 383
"../../../Engine/Content/MobileResources/T_MobileControls_texture.uasset" 384
"../../../Engine/Content/MobileResources/T_MobileMenu2.uasset" 385
"../../../Engine/Content/MobileResources/HUD/AnalogHat.uasset" 386
"../../../Engine/Content/MobileResources/HUD/VirtualJoystick_Background.uasset" 387
"../../../Engine/Content/MobileResources/HUD/VirtualJoystick_Thumb.uasset" 388
"../../../Engine/Content/MobileResources/HUD/DefaultVirtualJoysticks.uasset" 389
"../../../Engine/Content/MobileResources/HUD/LeftVirtualJoystickOnly.uasset" 390
"../../../Engine/Content/MobileResources/HUD/MobileHUDButton1_off.uasset" 391
"../../../Engine/Content/MobileResources/HUD/MobileHUDButton1_on.uasset" 392
"../../../Engine/Content/MobileResources/HUD/MobileHUDButton2_off.uasset" 393
"../../../Engine/Content/MobileResources/HUD/MobileHUDButton2_on.uasset" 394
"../../../Engine/Content/MobileResources/HUD/MobileHUDButton3.uasset" 395
"../../../Engine/Content/MobileResources/HUD/MobileHUDButtonFire.uasset" 396
"../../../Engine/Content/MobileResources/HUD/MobileHUDDirectionPad.uasset" 397
"../../../Engine/Content/MobileResources/HUD/MobileHUDDirectionPad2.uasset" 398
"../../../Engine/Content/MobileResources/HUD/MobileHUDDirectionPad3.uasset" 399
"../../../Engine/Content/MobileResources/HUD/MobileHUDDirectionStick.uasset" 400
"../../../Engine/Content/MobileResources/HUD/T_Castle_ThumbstickInner.uasset" 401
"../../../Engine/Content/MobileResources/HUD/T_Castle_ThumbstickOutter.uasset" 402
"../../../Engine/Content/Tutorial/ContentIntroCurve.uasset" 403
"../../../Engine/Content/Tutorial/Basics/LevelEditorAttract.uasset" 404
"../../../Engine/Content/VREditor/LaserPointer/VR_LaserPower_01.uasset" 405
"../../../Engine/Content/VREditor/TransformGizmo/TransformGizmoMaterial.uasset" 406
"../../../Engine/Content/VREditor/TransformGizmo/TranslucentTransformGizmoMaterial.uasset" 407
"../../../Engine/Content/VREditor/TransformGizmo/BoundingBoxCorner.uasset" 408
"../../../Engine/Content/VREditor/TransformGizmo/BoundingBoxEdge.uasset" 409
"../../../Engine/Content/VREditor/TransformGizmo/PlaneTranslationHandle.uasset" 410
"../../../Engine/Content/VREditor/TransformGizmo/Main.uasset" 411
"../../../Engine/Content/VREditor/TransformGizmo/Xray.uasset" 412
"../../../Engine/Content/VREditor/TransformGizmo/SM_Sequencer_Key.uasset" 413
"../../../Engine/Content/VREditor/TransformGizmo/SM_Sequencer_Node.uasset" 414
"../../Plugins/2D/Paper2D/Content/PlaceholderTextures/DummySpriteTexture.uasset" 415
"../../Plugins/2D/Paper2D/Content/DummySprite.uasset" 416
"../../Plugins/2D/Paper2D/Content/DefaultPaperTerrainMaterial.uasset" 417
"../../Plugins/2D/Paper2D/Content/DefaultSpriteMaterial.uasset" 418
"../../Plugins/2D/Paper2D/Content/MaskedUnlitSpriteMaterial.uasset" 419
"../../Plugins/2D/Paper2D/Content/OpaqueUnlitSpriteMaterial.uasset" 420
"../../Plugins/FX/Niagara/Content/Enums/ENiagaraBooleanLogicOps.uasset" 421
"../../Plugins/FX/Niagara/Content/Enums/ENiagaraCoordinateSpace.uasset" 422
"../../Plugins/FX/Niagara/Content/Enums/ENiagaraExpansionMode.uasset" 423
"../../Plugins/FX/Niagara/Content/Enums/ENiagaraOrientationAxis.uasset" 424
"../../Plugins/FX/Niagara/Content/Enums/ENiagaraRandomnessMode.uasset" 425
"../../../Engine/Content/EngineSky/C_Sky_Cloud_Color.uasset" 426
"../../../Engine/Content/EngineSky/C_Sky_Horizon_Color.uasset" 427
"../../../Engine/Content/EngineSky/C_Sky_Zenith_Color.uasset" 428
"../../../Engine/Content/EngineSky/T_Sky_Blue.uasset" 429
"../../../Engine/Content/EngineSky/T_Sky_Clouds_M.uasset" 430
"../../../Engine/Content/EngineSky/T_Sky_Stars.uasset" 431
"../../../Engine/Content/EngineSky/M_Sky_Panning_Clouds2.uasset" 432
"../../../Engine/Content/EngineSky/SM_SkySphere.uasset" 433
"../../../Engine/Content/EngineSky/BP_Sky_Sphere.uasset" 434
"../../../../../../Users/kenph/Documents/Github/Studio3_Team3/Team3Game/Content/Blueprints/Game2/M_Black.uasset" 435
"../../../../../../Users/kenph/Documents/Github/Studio3_Team3/Team3Game/Content/Blueprints/Game2/BP_FloorMiddle.uasset" 436
"../../../../../../Users/kenph/Documents/Github/Studio3_Team3/Team3Game/Content/Blueprints/Game2/BP_PawnBase.uasset" 437
"../../../../../../Users/kenph/Documents/Github/Studio3_Team3/Team3Game/Content/Blueprints/Game2/BP_GameModeG2.uasset" 438
"../../../../../../Users/kenph/Documents/Github/Studio3_Team3/Team3Game/Content/Blueprints/Game2/BP_Obstacle.uasset" 439
"../../../../../../Users/kenph/Documents/Github/Studio3_Team3/Team3Game/Content/Blueprints/Game2/BP_SpawnerFloor.uasset" 440
"../../../../../../Users/kenph/Documents/Github/Studio3_Team3/Team3Game/Content/Blueprints/Game2/BP_SpawnerObstacle.uasset" 441
"../../../../../../Users/kenph/Documents/Github/Studio3_Team3/Team3Game/Content/Maps/Game2_Natasha.umap" 442
"../../../../../../Users/kenph/Documents/Github/Studio3_Team3/Team3Game/Content/AdvancedSessions/MainMenuGameMode.uasset" 443
"../../../../../../Users/kenph/Documents/Github/Studio3_Team3/Team3Game/Content/Geometry/Meshes/1M_Cube_Chamfer.uasset" 444
"../../../../../../Users/kenph/Documents/Github/Studio3_Team3/Team3Game/Content/Geometry/Meshes/TemplateFloor.uasset" 445
"../../../../../../Users/kenph/Documents/Github/Studio3_Team3/Team3Game/Content/ThirdPerson/Meshes/RampMaterial.uasset" 446
"../../../../../../Users/kenph/Documents/Github/Studio3_Team3/Team3Game/Content/ThirdPerson/Meshes/Bump_StaticMesh.uasset" 447
"../../../../../../Users/kenph/Documents/Github/Studio3_Team3/Team3Game/Content/ThirdPerson/Meshes/LeftArm_StaticMesh.uasset" 448
"../../../../../../Users/kenph/Documents/Github/Studio3_Team3/Team3Game/Content/ThirdPerson/Meshes/Linear_Stair_StaticMesh.uasset" 449
"../../../../../../Users/kenph/Documents/Github/Studio3_Team3/Team3Game/Content/ThirdPerson/Meshes/Ramp_StaticMesh.uasset" 450
"../../../../../../Users/kenph/Documents/Github/Studio3_Team3/Team3Game/Content/ThirdPerson/Meshes/RightArm_StaticMesh.uasset" 451
"../../../../../../Users/kenph/Documents/Github/Studio3_Team3/Team3Game/Content/Maps/ThirdPersonExampleMap.umap" 452
"../../../../../../Users/kenph/Documents/Github/Studio3_Team3/Team3Game/Content/AdvancedSessions/MenuTest.umap" 453
"../../../../../../Users/kenph/Documents/Github/Studio3_Team3/Team3Game/Content/AdvancedSessions/Test1/MyGameInstance1.uasset" 454
"../../../../../../Users/kenph/Documents/Github/Studio3_Team3/Team3Game/Content/AdvancedSessions/Test1/testMainMenu1.uasset" 455
"../../../../../../Users/kenph/Documents/Github/Studio3_Team3/Team3Game/Content/AdvancedSessions/Test1/MainMenuChar.uasset" 456
"../../../../../../Users/kenph/Documents/Github/Studio3_Team3/Team3Game/Content/AdvancedSessions/Test1/MainMenuGameMode1.uasset" 457
"../../../../../../Users/kenph/Documents/Github/Studio3_Team3/Team3Game/Content/AdvancedSessions/Test1/MainMenuGameMode.uasset" 458
"../../../../../../Users/kenph/Documents/Github/Studio3_Team3/Team3Game/Content/AdvancedSessions/Test1/MenuTest1.umap" 459
"../../../../../../Users/kenph/Documents/Github/Studio3_Team3/Team3Game/Content/AdvancedSessions/Test2/MainMenuGM2.uasset" 460
"../../../../../../Users/kenph/Documents/Github/Studio3_Team3/Team3Game/Content/AdvancedSessions/Test2/MainMenuTest2.umap" 461
"../../../../../../Users/kenph/Documents/Github/Studio3_Team3/Team3Game/Content/LevelDesign/Level4_HITW/Level4_BuiltData.uasset" 462
"../../../../../../Users/kenph/Documents/Github/Studio3_Team3/Team3Game/Content/LevelDesign/Level4_HITW/Assets/Platform/Material.uasset" 463
"../../../../../../Users/kenph/Documents/Github/Studio3_Team3/Team3Game/Content/Particles/WaterFX/lowresblur.uasset" 464
"../../../../../../Users/kenph/Documents/Github/Studio3_Team3/Team3Game/Content/Particles/WaterFX/Water_mat.uasset" 465
"../../../../../../Users/kenph/Documents/Github/Studio3_Team3/Team3Game/Content/Particles/WaterFX/Water_mat_inst.uasset" 466
"../../../../../../Users/kenph/Documents/Github/Studio3_Team3/Team3Game/Content/LevelDesign/Level4_HITW/Assets/Penguin/Material_001.uasset" 467
"../../../../../../Users/kenph/Documents/Github/Studio3_Team3/Team3Game/Content/LevelDesign/Level4_HITW/Assets/Penguin/Material_004.uasset" 468
"../../../../../../Users/kenph/Documents/Github/Studio3_Team3/Team3Game/Content/LevelDesign/Level4_HITW/Assets/Penguin/Material_005.uasset" 469
"../../../../../../Users/kenph/Documents/Github/Studio3_Team3/Team3Game/Content/LevelDesign/Level4_HITW/Assets/Penguin/Penguin.uasset" 470
"../../../../../../Users/kenph/Documents/Github/Studio3_Team3/Team3Game/Content/LevelDesign/Level4_HITW/Assets/Platform/IcePlatform.uasset" 471
"../../../../../../Users/kenph/Documents/Github/Studio3_Team3/Team3Game/Content/LevelDesign/Level4_HITW/Assets/Platform/IcePlatform1.uasset" 472
"../../../../../../Users/kenph/Documents/Github/Studio3_Team3/Team3Game/Content/LevelDesign/Level4_HITW/Assets/Platform/IcePlatform2.uasset" 473
"../../../../../../Users/kenph/Documents/Github/Studio3_Team3/Team3Game/Content/LevelDesign/Level4_HITW/Assets/Platform/IcePlatform3.uasset" 474
"../../../../../../Users/kenph/Documents/Github/Studio3_Team3/Team3Game/Content/LevelDesign/Level4_HITW/Assets/Platform/IcePlatform4.uasset" 475
"../../../../../../Users/kenph/Documents/Github/Studio3_Team3/Team3Game/Content/LevelDesign/Level4_HITW/Assets/Snowman/Material_001.uasset" 476
"../../../../../../Users/kenph/Documents/Github/Studio3_Team3/Team3Game/Content/LevelDesign/Level4_HITW/Assets/Snowman/Material_002.uasset" 477
"../../../../../../Users/kenph/Documents/Github/Studio3_Team3/Team3Game/Content/LevelDesign/Level4_HITW/Assets/Snowman/Material_003.uasset" 478
"../../../../../../Users/kenph/Documents/Github/Studio3_Team3/Team3Game/Content/LevelDesign/Level4_HITW/Assets/Snowman/Material_004.uasset" 479
"../../../../../../Users/kenph/Documents/Github/Studio3_Team3/Team3Game/Content/LevelDesign/Level4_HITW/Assets/Snowman/Material_005.uasset" 480
"../../../../../../Users/kenph/Documents/Github/Studio3_Team3/Team3Game/Content/LevelDesign/Level4_HITW/Assets/Snowman/Snowman.uasset" 481
"../../../../../../Users/kenph/Documents/Github/Studio3_Team3/Team3Game/Content/Particles/IceFX/Snow_mat.uasset" 482
"../../../../../../Users/kenph/Documents/Github/Studio3_Team3/Team3Game/Content/Particles/IceFX/snowFlake_.uasset" 483
"../../../../../../Users/kenph/Documents/Github/Studio3_Team3/Team3Game/Content/Particles/IceFX/Snowflake_mat.uasset" 484
"../../../../../../Users/kenph/Documents/Github/Studio3_Team3/Team3Game/Content/Particles/IceFX/Snowflake_Unlit_mat.uasset" 485
"../../../../../../Users/kenph/Documents/Github/Studio3_Team3/Team3Game/Content/Particles/IceFX/SnowParticle.uasset" 486
"../../../../../../Users/kenph/Documents/Github/Studio3_Team3/Team3Game/Content/Particles/WaterFX/WorldGridMaterial.uasset" 487
"../../../../../../Users/kenph/Documents/Github/Studio3_Team3/Team3Game/Content/Particles/WaterFX/water_plane_Plane.uasset" 488
"../../../../../../Users/kenph/Documents/Github/Studio3_Team3/Team3Game/Content/LevelDesign/Level4_HITW/Level4.umap" 489
"../../../Engine/Content/BasicShapes/BasicShapeMaterial.uasset" 490
"../../../../../../Users/kenph/Documents/Github/Studio3_Team3/Team3Game/Content/LevelDesign/Level_1/Objects/WallOfDeath.uasset" 491
"../../../../../../Users/kenph/Documents/Github/Studio3_Team3/Team3Game/Content/LevelDesign/Level_1/Level1_Map.umap" 492
"../../../../../../Users/kenph/Documents/Github/Studio3_Team3/Team3Game/Content/Assets/Materials/Black.uasset" 493
"../../../Engine/Content/MapTemplates/SM_Template_Map_Floor.uasset" 494
"../../../../../../Users/kenph/Documents/Github/Studio3_Team3/Team3Game/Content/LevelDesign/Level_2/SM_MERGED_Cube_2.uasset" 495
"../../../../../../Users/kenph/Documents/Github/Studio3_Team3/Team3Game/Content/LevelDesign/Level_2/Level2_Map.umap" 496
"../../../../../../Users/kenph/Documents/Github/Studio3_Team3/Team3Game/Content/LevelDesign/Level_3/Ken_Testing_Room_BuiltData.uasset" 497
"../../../../../../Users/kenph/Documents/Github/Studio3_Team3/Team3Game/Content/StarterContent/Textures/T_Rock_Basalt_N.uasset" 498
"../../../../../../Users/kenph/Documents/Github/Studio3_Team3/Team3Game/Content/Particles/Fire1FX/Fire2_mat.uasset" 499
"../../../../../../Users/kenph/Documents/Github/Studio3_Team3/Team3Game/Content/StarterContent/Textures/T_Fire_Tiled_D.uasset" 500
"../../../../../../Users/kenph/Documents/Github/Studio3_Team3/Team3Game/Content/Particles/LavaFX/Fire1_mat.uasset" 501
"../../../../../../Users/kenph/Documents/Github/Studio3_Team3/Team3Game/Content/Particles/LavaFX/Fire1_mat_Inst.uasset" 502
"../../../../../../Users/kenph/Documents/Github/Studio3_Team3/Team3Game/Content/Particles/LavaFX/Fire_mat.uasset" 503
"../../../../../../Users/kenph/Documents/Github/Studio3_Team3/Team3Game/Content/Particles/LavaFX/Fire_mat_inst.uasset" 504
"../../../Engine/Content/BasicShapes/Cylinder.uasset" 505
"../../../Engine/Content/BasicShapes/Sphere.uasset" 506
"../../../../../../Users/kenph/Documents/Github/Studio3_Team3/Team3Game/Content/Particles/LavaFX/Lava_plane_Plane.uasset" 507
"../../../../../../Users/kenph/Documents/Github/Studio3_Team3/Team3Game/Content/LevelDesign/Level_3/Ken_Testing_Room.umap" 508
"../../../../../../Users/kenph/Documents/Github/Studio3_Team3/Team3Game/Content/Mannequin/Animations/LeftStrafe.uasset" 509
"../../../../../../Users/kenph/Documents/Github/Studio3_Team3/Team3Game/Content/Mannequin/Animations/OnlyThirdPersonWalk.uasset" 510
"../../../../../../Users/kenph/Documents/Github/Studio3_Team3/Team3Game/Content/Mannequin/Animations/RightStrafe.uasset" 511
"../../../../../../Users/kenph/Documents/Github/Studio3_Team3/Team3Game/Content/Mannequin/Animations/ThirdPersonWalkBack.uasset" 512
"../../../../../../Users/kenph/Documents/Github/Studio3_Team3/Team3Game/Content/Mannequin/Animations/AnimBPs/BSP_Walk.uasset" 513
"../../../../../../Users/kenph/Documents/Github/Studio3_Team3/Team3Game/Content/Mannequin/Animations/AnimBPs/TPP_AnimBP.uasset" 514
"../../../../../../Users/kenph/Documents/Github/Studio3_Team3/Team3Game/Content/LevelDesign/Level_3/AddScore_BPI.uasset" 515
"../../../../../../Users/kenph/Documents/Github/Studio3_Team3/Team3Game/Content/ThirdPersonBP/Blueprints/DealDamage.uasset" 516
"../../../../../../Users/kenph/Documents/Github/Studio3_Team3/Team3Game/Content/Mannequin/Animations/Attack_PrimaryB.uasset" 517
"../../../../../../Users/kenph/Documents/Github/Studio3_Team3/Team3Game/Content/Mannequin/Animations/Attack_PrimaryB_Montage.uasset" 518
"../../../../../../Users/kenph/Documents/Github/Studio3_Team3/Team3Game/Content/Assets/Katana/Katana_CM_01.uasset" 519
"../../../../../../Users/kenph/Documents/Github/Studio3_Team3/Team3Game/Content/Assets/Katana/Katana_CM.uasset" 520
"../../../../../../Users/kenph/Documents/Github/Studio3_Team3/Team3Game/Content/Assets/Katana/untitled.uasset" 521
"../../../../../../Users/kenph/Documents/Github/Studio3_Team3/Team3Game/Content/ThirdPersonBP/Blueprints/Game3TPC_BP.uasset" 522
"../../../../../../Users/kenph/Documents/Github/Studio3_Team3/Team3Game/Content/LevelDesign/Level_3/Kevin_TestingRoom.umap" 523
"../../../../../../Users/kenph/Documents/Github/Studio3_Team3/Team3Game/Content/Mannequin/Animations/AnimBPs/Thrower_AnimBP.uasset" 524
"../../../../../../Users/kenph/Documents/Github/Studio3_Team3/Team3Game/Content/Mannequin/Animations/Throwing4UE4.uasset" 525
"../../../../../../Users/kenph/Documents/Github/Studio3_Team3/Team3Game/Content/Mannequin/Animations/Throwing4UE4_Montage.uasset" 526
"../../../../../../Users/kenph/Documents/Github/Studio3_Team3/Team3Game/Content/Assets/Thrown_Objects/Object1.uasset" 527
"../../../../../../Users/kenph/Documents/Github/Studio3_Team3/Team3Game/Content/Assets/Thrown_Objects/Object2.uasset" 528
"../../../../../../Users/kenph/Documents/Github/Studio3_Team3/Team3Game/Content/Assets/Thrown_Objects/Object3.uasset" 529
"../../../../../../Users/kenph/Documents/Github/Studio3_Team3/Team3Game/Content/Assets/Thrown_Objects/Object4.uasset" 530
"../../../../../../Users/kenph/Documents/Github/Studio3_Team3/Team3Game/Content/ThirdPersonBP/Blueprints/Thrower_BP.uasset" 531
"../../../../../../Users/kenph/Documents/Github/Studio3_Team3/Team3Game/Content/LevelDesign/Level_3/Level3_Map.umap" 532
"../../../../../../Users/kenph/Documents/Github/Studio3_Team3/Team3Game/Content/LevelDesign/MainMenu/MainMenu_BuiltData.uasset" 533
"../../../../../../Users/kenph/Documents/Github/Studio3_Team3/Team3Game/Content/LevelDesign/MainMenu/MainMenu.umap" 534
"../../../../../../Users/kenph/Documents/Github/Studio3_Team3/Team3Game/Content/StarterContent/Blueprints/Assets/FogBrightnessLUT.uasset" 535
"../../../../../../Users/kenph/Documents/Github/Studio3_Team3/Team3Game/Content/StarterContent/Blueprints/Assets/SunlightColorLUT.uasset" 536
"../../../../../../Users/kenph/Documents/Github/Studio3_Team3/Team3Game/Content/StarterContent/Blueprints/Assets/M_LightStage_Arrows.uasset" 537
"../../../Engine/Content/MapTemplates/Sky/DaylightAmbientCubemap.uasset" 538
"../../../../../../Users/kenph/Documents/Github/Studio3_Team3/Team3Game/Content/StarterContent/Blueprints/Assets/M_LightStage_Skybox_Master.uasset" 539
"../../../../../../Users/kenph/Documents/Github/Studio3_Team3/Team3Game/Content/StarterContent/Blueprints/Assets/M_LightStage_Skybox_Black.uasset" 540
"../../../../../../Users/kenph/Documents/Github/Studio3_Team3/Team3Game/Content/StarterContent/Blueprints/Assets/M_LightStage_Skybox_HDRI.uasset" 541
"../../../Engine/Content/EditorMaterials/Thumbnails/SkySphereMaterial.uasset" 542
"../../../../../../Users/kenph/Documents/Github/Studio3_Team3/Team3Game/Content/StarterContent/Blueprints/Assets/Skybox.uasset" 543
"../../../../../../Users/kenph/Documents/Github/Studio3_Team3/Team3Game/Content/StarterContent/Blueprints/Assets/SM_Arrows.uasset" 544
"../../../../../../Users/kenph/Documents/Github/Studio3_Team3/Team3Game/Content/StarterContent/HDRI/HDRI_Epic_Courtyard_Daylight.uasset" 545
"../../../../../../Users/kenph/Documents/Github/Studio3_Team3/Team3Game/Content/StarterContent/Blueprints/BP_LightStudio.uasset" 546
"../../../../../../Users/kenph/Documents/Github/Studio3_Team3/Team3Game/Content/StarterContent/Maps/Advanced_Lighting_BuiltData.uasset" 547
"../../../../../../Users/kenph/Documents/Github/Studio3_Team3/Team3Game/Content/StarterContent/Materials/M_AssetPlatform.uasset" 548
"../../../Engine/Content/EditorMeshes/ColorCalibrator/M_ChromeBall.uasset" 549
"../../../Engine/Content/EditorMeshes/ColorCalibrator/M_ClearCoat.uasset" 550
"../../../Engine/Content/EditorMeshes/ColorCalibrator/M_ClearCoatBlack.uasset" 551
"../../../Engine/Content/EditorMeshes/ColorCalibrator/Color_checker.uasset" 552
"../../../Engine/Content/EditorMeshes/ColorCalibrator/M_ColorGrid.uasset" 553
"../../../Engine/Content/EditorMeshes/ColorCalibrator/M_GreyBall.uasset" 554
"../../../Engine/Content/EditorMeshes/ColorCalibrator/SM_ColorCalibrator.uasset" 555
"../../../../../../Users/kenph/Documents/Github/Studio3_Team3/Team3Game/Content/StarterContent/Architecture/SM_AssetPlatform.uasset" 556
"../../../../../../Users/kenph/Documents/Github/Studio3_Team3/Team3Game/Content/StarterContent/Maps/Advanced_Lighting.umap" 557
"../../../../../../Users/kenph/Documents/Github/Studio3_Team3/Team3Game/Content/StarterContent/Maps/Minimal_Default_BuiltData.uasset" 558
"../../../../../../Users/kenph/Documents/Github/Studio3_Team3/Team3Game/Content/StarterContent/Textures/T_MacroVariation.uasset" 559
"../../../../../../Users/kenph/Documents/Github/Studio3_Team3/Team3Game/Content/StarterContent/Materials/M_Metal_Brushed_Nickel.uasset" 560
"../../../../../../Users/kenph/Documents/Github/Studio3_Team3/Team3Game/Content/StarterContent/Textures/T_Metal_Aluminum_D.uasset" 561
"../../../../../../Users/kenph/Documents/Github/Studio3_Team3/Team3Game/Content/StarterContent/Textures/T_Metal_Gold_N.uasset" 562
"../../../../../../Users/kenph/Documents/Github/Studio3_Team3/Team3Game/Content/StarterContent/Materials/M_Metal_Burnished_Steel.uasset" 563
"../../../../../../Users/kenph/Documents/Github/Studio3_Team3/Team3Game/Content/StarterContent/Textures/T_Metal_Copper_D.uasset" 564
"../../../../../../Users/kenph/Documents/Github/Studio3_Team3/Team3Game/Content/StarterContent/Materials/M_Metal_Copper.uasset" 565
"../../../../../../Users/kenph/Documents/Github/Studio3_Team3/Team3Game/Content/StarterContent/Textures/T_Statue_M.uasset" 566
"../../../../../../Users/kenph/Documents/Github/Studio3_Team3/Team3Game/Content/StarterContent/Textures/T_Statue_N.uasset" 567
"../../../../../../Users/kenph/Documents/Github/Studio3_Team3/Team3Game/Content/StarterContent/Props/Materials/M_StatueGlass.uasset" 568
"../../../../../../Users/kenph/Documents/Github/Studio3_Team3/Team3Game/Content/StarterContent/Architecture/Floor_400x400.uasset" 569
"../../../../../../Users/kenph/Documents/Github/Studio3_Team3/Team3Game/Content/StarterContent/Audio/Starter_Background_Cue.uasset" 570
"../../../../../../Users/kenph/Documents/Github/Studio3_Team3/Team3Game/Content/StarterContent/Props/SM_Chair.uasset" 571
"../../../../../../Users/kenph/Documents/Github/Studio3_Team3/Team3Game/Content/StarterContent/Props/Materials/M_Statue.uasset" 572
"../../../../../../Users/kenph/Documents/Github/Studio3_Team3/Team3Game/Content/StarterContent/Props/SM_Statue.uasset" 573
"../../../../../../Users/kenph/Documents/Github/Studio3_Team3/Team3Game/Content/StarterContent/Textures/T_TableRound_M.uasset" 574
"../../../../../../Users/kenph/Documents/Github/Studio3_Team3/Team3Game/Content/StarterContent/Textures/T_TableRound_N.uasset" 575
"../../../../../../Users/kenph/Documents/Github/Studio3_Team3/Team3Game/Content/StarterContent/Props/Materials/M_TableRound.uasset" 576
"../../../../../../Users/kenph/Documents/Github/Studio3_Team3/Team3Game/Content/StarterContent/Props/SM_TableRound.uasset" 577
"../../../../../../Users/kenph/Documents/Github/Studio3_Team3/Team3Game/Content/StarterContent/Maps/Minimal_Default.umap" 578
"../../../../../../Users/kenph/Documents/Github/Studio3_Team3/Team3Game/Content/StarterContent/Audio/Fire01_Cue.uasset" 579
"../../../../../../Users/kenph/Documents/Github/Studio3_Team3/Team3Game/Content/StarterContent/Textures/T_Fire_SubUV.uasset" 580
"../../../../../../Users/kenph/Documents/Github/Studio3_Team3/Team3Game/Content/StarterContent/Particles/Materials/M_Fire_SubUV.uasset" 581
"../../../../../../Users/kenph/Documents/Github/Studio3_Team3/Team3Game/Content/StarterContent/Textures/T_Water_N.uasset" 582
"../../../../../../Users/kenph/Documents/Github/Studio3_Team3/Team3Game/Content/StarterContent/Particles/Materials/M_Heat_Distortion.uasset" 583
"../../../../../../Users/kenph/Documents/Github/Studio3_Team3/Team3Game/Content/StarterContent/Particles/Materials/M_Radial_Gradient.uasset" 584
"../../../../../../Users/kenph/Documents/Github/Studio3_Team3/Team3Game/Content/StarterContent/Particles/P_Fire.uasset" 585
"../../../../../../Users/kenph/Documents/Github/Studio3_Team3/Team3Game/Content/StarterContent/Blueprints/Blueprint_Effect_Fire.uasset" 586
"../../../../../../Users/kenph/Documents/Github/Studio3_Team3/Team3Game/Content/StarterContent/Audio/Smoke01_Cue.uasset" 587
"../../../../../../Users/kenph/Documents/Github/Studio3_Team3/Team3Game/Content/StarterContent/Particles/P_Smoke.uasset" 588
"../../../../../../Users/kenph/Documents/Github/Studio3_Team3/Team3Game/Content/StarterContent/Blueprints/Blueprint_Effect_Smoke.uasset" 589
"../../../../../../Users/kenph/Documents/Github/Studio3_Team3/Team3Game/Content/StarterContent/Audio/Fire_Sparks01_Cue.uasset" 590
"../../../../../../Users/kenph/Documents/Github/Studio3_Team3/Team3Game/Content/StarterContent/Textures/T_Spark_Core.uasset" 591
"../../../../../../Users/kenph/Documents/Github/Studio3_Team3/Team3Game/Content/StarterContent/Particles/Materials/M_Spark.uasset" 592
"../../../../../../Users/kenph/Documents/Github/Studio3_Team3/Team3Game/Content/StarterContent/Particles/P_Sparks.uasset" 593
"../../../../../../Users/kenph/Documents/Github/Studio3_Team3/Team3Game/Content/StarterContent/Blueprints/Blueprint_Effect_Sparks.uasset" 594
"../../../../../../Users/kenph/Documents/Github/Studio3_Team3/Team3Game/Content/StarterContent/Audio/Steam01_Cue.uasset" 595
"../../../../../../Users/kenph/Documents/Github/Studio3_Team3/Team3Game/Content/StarterContent/Particles/P_Steam_Lit.uasset" 596
"../../../../../../Users/kenph/Documents/Github/Studio3_Team3/Team3Game/Content/StarterContent/Blueprints/Blueprint_Effect_Steam.uasset" 597
"../../../../../../Users/kenph/Documents/Github/Studio3_Team3/Team3Game/Content/StarterContent/Textures/T_Lamp_M.uasset" 598
"../../../../../../Users/kenph/Documents/Github/Studio3_Team3/Team3Game/Content/StarterContent/Textures/T_Lamp_N.uasset" 599
"../../../../../../Users/kenph/Documents/Github/Studio3_Team3/Team3Game/Content/StarterContent/Props/Materials/M_Lamp.uasset" 600
"../../../../../../Users/kenph/Documents/Github/Studio3_Team3/Team3Game/Content/StarterContent/Props/SM_Lamp_Ceiling.uasset" 601
"../../../../../../Users/kenph/Documents/Github/Studio3_Team3/Team3Game/Content/StarterContent/Blueprints/Blueprint_CeilingLight.uasset" 602
"../../../../../../Users/kenph/Documents/Github/Studio3_Team3/Team3Game/Content/StarterContent/Props/SM_Lamp_Wall.uasset" 603
"../../../../../../Users/kenph/Documents/Github/Studio3_Team3/Team3Game/Content/StarterContent/Blueprints/Blueprint_WallSconce.uasset" 604
"../../../../../../Users/kenph/Documents/Github/Studio3_Team3/Team3Game/Content/StarterContent/Maps/StarterMap_BuiltData.uasset" 605
"../../../Engine/Content/Functions/Engine_MaterialFunctions03/Procedurals/ComputeFilterWidth.uasset" 606
"../../../Engine/Content/EngineMaterials/AntiAliasedTextMaterialTranslucent.uasset" 607
"../../../../../../Users/kenph/Documents/Github/Studio3_Team3/Team3Game/Content/StarterContent/Textures/T_Brick_Clay_Beveled_D.uasset" 608
"../../../../../../Users/kenph/Documents/Github/Studio3_Team3/Team3Game/Content/StarterContent/Textures/T_Brick_Clay_Beveled_M.uasset" 609
"../../../../../../Users/kenph/Documents/Github/Studio3_Team3/Team3Game/Content/StarterContent/Textures/T_Brick_Clay_Beveled_N.uasset" 610
"../../../../../../Users/kenph/Documents/Github/Studio3_Team3/Team3Game/Content/StarterContent/Materials/M_Brick_Clay_Beveled.uasset" 611
"../../../../../../Users/kenph/Documents/Github/Studio3_Team3/Team3Game/Content/StarterContent/Textures/T_Brick_Clay_New_D.uasset" 612
"../../../../../../Users/kenph/Documents/Github/Studio3_Team3/Team3Game/Content/StarterContent/Textures/T_Brick_Clay_New_M.uasset" 613
"../../../../../../Users/kenph/Documents/Github/Studio3_Team3/Team3Game/Content/StarterContent/Textures/T_Brick_Clay_New_N.uasset" 614
"../../../../../../Users/kenph/Documents/Github/Studio3_Team3/Team3Game/Content/StarterContent/Materials/M_Brick_Clay_New.uasset" 615
"../../../../../../Users/kenph/Documents/Github/Studio3_Team3/Team3Game/Content/StarterContent/Textures/T_Brick_Clay_Old_D.uasset" 616
"../../../../../../Users/kenph/Documents/Github/Studio3_Team3/Team3Game/Content/StarterContent/Textures/T_Brick_Clay_Old_N.uasset" 617
"../../../../../../Users/kenph/Documents/Github/Studio3_Team3/Team3Game/Content/StarterContent/Textures/T_Perlin_Noise_M.uasset" 618
"../../../../../../Users/kenph/Documents/Github/Studio3_Team3/Team3Game/Content/StarterContent/Materials/M_Brick_Clay_Old.uasset" 619
"../../../../../../Users/kenph/Documents/Github/Studio3_Team3/Team3Game/Content/StarterContent/Textures/T_Brick_Cut_Stone_D.uasset" 620
"../../../../../../Users/kenph/Documents/Github/Studio3_Team3/Team3Game/Content/StarterContent/Textures/T_Brick_Cut_Stone_N.uasset" 621
"../../../../../../Users/kenph/Documents/Github/Studio3_Team3/Team3Game/Content/StarterContent/Materials/M_Brick_Cut_Stone.uasset" 622
"../../../../../../Users/kenph/Documents/Github/Studio3_Team3/Team3Game/Content/StarterContent/Textures/T_Brick_Hewn_Stone_D.uasset" 623
"../../../../../../Users/kenph/Documents/Github/Studio3_Team3/Team3Game/Content/StarterContent/Textures/T_Brick_Hewn_Stone_M.uasset" 624
"../../../../../../Users/kenph/Documents/Github/Studio3_Team3/Team3Game/Content/StarterContent/Textures/T_Brick_Hewn_Stone_N.uasset" 625
"../../../../../../Users/kenph/Documents/Github/Studio3_Team3/Team3Game/Content/StarterContent/Materials/M_Brick_Hewn_Stone.uasset" 626
"../../../../../../Users/kenph/Documents/Github/Studio3_Team3/Team3Game/Content/StarterContent/Textures/T_Ceramic_Tile_M.uasset" 627
"../../../../../../Users/kenph/Documents/Github/Studio3_Team3/Team3Game/Content/StarterContent/Textures/T_Ceramic_Tile_N.uasset" 628
"../../../../../../Users/kenph/Documents/Github/Studio3_Team3/Team3Game/Content/StarterContent/Textures/T_Rock_Marble_Polished_D.uasset" 629
"../../../../../../Users/kenph/Documents/Github/Studio3_Team3/Team3Game/Content/StarterContent/Materials/M_Ceramic_Tile_Checker.uasset" 630
"../../../../../../Users/kenph/Documents/Github/Studio3_Team3/Team3Game/Content/StarterContent/Textures/T_CobbleStone_Pebble_D.uasset" 631
"../../../../../../Users/kenph/Documents/Github/Studio3_Team3/Team3Game/Content/StarterContent/Textures/T_CobbleStone_Pebble_M.uasset" 632
"../../../../../../Users/kenph/Documents/Github/Studio3_Team3/Team3Game/Content/StarterContent/Textures/T_CobbleStone_Pebble_N.uasset" 633
"../../../../../../Users/kenph/Documents/Github/Studio3_Team3/Team3Game/Content/StarterContent/Materials/M_CobbleStone_Pebble.uasset" 634
"../../../../../../Users/kenph/Documents/Github/Studio3_Team3/Team3Game/Content/StarterContent/Textures/T_CobbleStone_Rough_D.uasset" 635
"../../../../../../Users/kenph/Documents/Github/Studio3_Team3/Team3Game/Content/StarterContent/Textures/T_CobbleStone_Rough_N.uasset" 636
"../../../../../../Users/kenph/Documents/Github/Studio3_Team3/Team3Game/Content/StarterContent/Textures/T_Gradinet_01.uasset" 637
"../../../../../../Users/kenph/Documents/Github/Studio3_Team3/Team3Game/Content/StarterContent/Textures/T_Rock_Smooth_Granite_D.uasset" 638
"../../../../../../Users/kenph/Documents/Github/Studio3_Team3/Team3Game/Content/StarterContent/Materials/M_CobbleStone_Rough.uasset" 639
"../../../../../../Users/kenph/Documents/Github/Studio3_Team3/Team3Game/Content/StarterContent/Textures/T_CobbleStone_Smooth_D.uasset" 640
"../../../../../../Users/kenph/Documents/Github/Studio3_Team3/Team3Game/Content/StarterContent/Textures/T_CobbleStone_Smooth_M.uasset" 641
"../../../../../../Users/kenph/Documents/Github/Studio3_Team3/Team3Game/Content/StarterContent/Textures/T_CobbleStone_Smooth_N.uasset" 642
"../../../../../../Users/kenph/Documents/Github/Studio3_Team3/Team3Game/Content/StarterContent/Materials/M_CobbleStone_Smooth.uasset" 643
"../../../../../../Users/kenph/Documents/Github/Studio3_Team3/Team3Game/Content/StarterContent/Textures/T_Concrete_Grime_D.uasset" 644
"../../../../../../Users/kenph/Documents/Github/Studio3_Team3/Team3Game/Content/StarterContent/Textures/T_Metal_Rust_N.uasset" 645
"../../../../../../Users/kenph/Documents/Github/Studio3_Team3/Team3Game/Content/StarterContent/Materials/M_Concrete_Grime.uasset" 646
"../../../../../../Users/kenph/Documents/Github/Studio3_Team3/Team3Game/Content/StarterContent/Textures/T_Concrete_Panels_D.uasset" 647
"../../../../../../Users/kenph/Documents/Github/Studio3_Team3/Team3Game/Content/StarterContent/Textures/T_Concrete_Panels_N.uasset" 648
"../../../../../../Users/kenph/Documents/Github/Studio3_Team3/Team3Game/Content/StarterContent/Materials/M_Concrete_Panels.uasset" 649
"../../../../../../Users/kenph/Documents/Github/Studio3_Team3/Team3Game/Content/StarterContent/Textures/T_Concrete_Poured_D.uasset" 650
"../../../../../../Users/kenph/Documents/Github/Studio3_Team3/Team3Game/Content/StarterContent/Textures/T_Concrete_Poured_N.uasset" 651
"../../../../../../Users/kenph/Documents/Github/Studio3_Team3/Team3Game/Content/StarterContent/Materials/M_Concrete_Poured.uasset" 652
"../../../../../../Users/kenph/Documents/Github/Studio3_Team3/Team3Game/Content/StarterContent/Textures/T_Concrete_Tiles_D.uasset" 653
"../../../../../../Users/kenph/Documents/Github/Studio3_Team3/Team3Game/Content/StarterContent/Textures/T_Concrete_Tiles_M.uasset" 654
"../../../../../../Users/kenph/Documents/Github/Studio3_Team3/Team3Game/Content/StarterContent/Textures/T_Concrete_Tiles_N.uasset" 655
"../../../../../../Users/kenph/Documents/Github/Studio3_Team3/Team3Game/Content/StarterContent/Textures/T_Concrete_Tiles_Variation_M.uasset" 656
"../../../../../../Users/kenph/Documents/Github/Studio3_Team3/Team3Game/Content/StarterContent/Materials/M_Concrete_Tiles.uasset" 657
"../../../../../../Users/kenph/Documents/Github/Studio3_Team3/Team3Game/Content/StarterContent/Textures/T_Ground_Grass_D.uasset" 658
"../../../../../../Users/kenph/Documents/Github/Studio3_Team3/Team3Game/Content/StarterContent/Textures/T_Ground_Grass_N.uasset" 659
"../../../../../../Users/kenph/Documents/Github/Studio3_Team3/Team3Game/Content/StarterContent/Materials/M_Ground_Grass.uasset" 660
"../../../../../../Users/kenph/Documents/Github/Studio3_Team3/Team3Game/Content/StarterContent/Textures/T_Ground_Gravel_D.uasset" 661
"../../../../../../Users/kenph/Documents/Github/Studio3_Team3/Team3Game/Content/StarterContent/Textures/T_Ground_Gravel_N.uasset" 662
"../../../../../../Users/kenph/Documents/Github/Studio3_Team3/Team3Game/Content/StarterContent/Materials/M_Ground_Gravel.uasset" 663
"../../../../../../Users/kenph/Documents/Github/Studio3_Team3/Team3Game/Content/StarterContent/Textures/T_ground_Moss_D.uasset" 664
"../../../../../../Users/kenph/Documents/Github/Studio3_Team3/Team3Game/Content/StarterContent/Textures/T_Ground_Moss_N.uasset" 665
"../../../../../../Users/kenph/Documents/Github/Studio3_Team3/Team3Game/Content/StarterContent/Materials/M_Ground_Moss.uasset" 666
"../../../../../../Users/kenph/Documents/Github/Studio3_Team3/Team3Game/Content/StarterContent/Materials/M_Metal_Chrome.uasset" 667
"../../../../../../Users/kenph/Documents/Github/Studio3_Team3/Team3Game/Content/StarterContent/Textures/T_Metal_Gold_D.uasset" 668
"../../../../../../Users/kenph/Documents/Github/Studio3_Team3/Team3Game/Content/StarterContent/Materials/M_Metal_Gold.uasset" 669
"../../../../../../Users/kenph/Documents/Github/Studio3_Team3/Team3Game/Content/StarterContent/Textures/T_Metal_Rust_D.uasset" 670
"../../../../../../Users/kenph/Documents/Github/Studio3_Team3/Team3Game/Content/StarterContent/Materials/M_Metal_Rust.uasset" 671
"../../../../../../Users/kenph/Documents/Github/Studio3_Team3/Team3Game/Content/StarterContent/Textures/T_Metal_Steel_D.uasset" 672
"../../../../../../Users/kenph/Documents/Github/Studio3_Team3/Team3Game/Content/StarterContent/Textures/T_Metal_Steel_N.uasset" 673
"../../../../../../Users/kenph/Documents/Github/Studio3_Team3/Team3Game/Content/StarterContent/Materials/M_Metal_Steel.uasset" 674
"../../../../../../Users/kenph/Documents/Github/Studio3_Team3/Team3Game/Content/StarterContent/Materials/M_Rock_Basalt.uasset" 675
"../../../../../../Users/kenph/Documents/Github/Studio3_Team3/Team3Game/Content/StarterContent/Materials/M_Rock_Marble_Polished.uasset" 676
"../../../../../../Users/kenph/Documents/Github/Studio3_Team3/Team3Game/Content/StarterContent/Textures/T_Rock_Sandstone_D.uasset" 677
"../../../../../../Users/kenph/Documents/Github/Studio3_Team3/Team3Game/Content/StarterContent/Textures/T_Rock_Sandstone_N.uasset" 678
"../../../../../../Users/kenph/Documents/Github/Studio3_Team3/Team3Game/Content/StarterContent/Materials/M_Rock_Sandstone.uasset" 679
"../../../../../../Users/kenph/Documents/Github/Studio3_Team3/Team3Game/Content/StarterContent/Textures/T_Rock_Slate_D.uasset" 680
"../../../../../../Users/kenph/Documents/Github/Studio3_Team3/Team3Game/Content/StarterContent/Textures/T_Rock_Slate_N.uasset" 681
"../../../../../../Users/kenph/Documents/Github/Studio3_Team3/Team3Game/Content/StarterContent/Materials/M_Rock_Slate.uasset" 682
"../../../../../../Users/kenph/Documents/Github/Studio3_Team3/Team3Game/Content/StarterContent/Textures/T_Checker_Noise_M.uasset" 683
"../../../../../../Users/kenph/Documents/Github/Studio3_Team3/Team3Game/Content/StarterContent/Textures/T_Single_Tile_N.uasset" 684
"../../../../../../Users/kenph/Documents/Github/Studio3_Team3/Team3Game/Content/StarterContent/Textures/T_Tech_Dot_M.uasset" 685
"../../../../../../Users/kenph/Documents/Github/Studio3_Team3/Team3Game/Content/StarterContent/Textures/T_Tech_Dot_N.uasset" 686
"../../../../../../Users/kenph/Documents/Github/Studio3_Team3/Team3Game/Content/StarterContent/Materials/M_Tech_Checker_Dot.uasset" 687
"../../../../../../Users/kenph/Documents/Github/Studio3_Team3/Team3Game/Content/StarterContent/Textures/T_Tech_Hex_Tile_M.uasset" 688
"../../../../../../Users/kenph/Documents/Github/Studio3_Team3/Team3Game/Content/StarterContent/Textures/T_Tech_Hex_Tile_N.uasset" 689
"../../../../../../Users/kenph/Documents/Github/Studio3_Team3/Team3Game/Content/StarterContent/Materials/M_Tech_Hex_Tile.uasset" 690
"../../../../../../Users/kenph/Documents/Github/Studio3_Team3/Team3Game/Content/StarterContent/Materials/M_Tech_Hex_Tile_Pulse.uasset" 691
"../../../../../../Users/kenph/Documents/Github/Studio3_Team3/Team3Game/Content/StarterContent/Textures/T_Tech_Panel_M.uasset" 692
"../../../../../../Users/kenph/Documents/Github/Studio3_Team3/Team3Game/Content/StarterContent/Textures/T_Tech_Panel_N.uasset" 693
"../../../../../../Users/kenph/Documents/Github/Studio3_Team3/Team3Game/Content/StarterContent/Materials/M_Tech_Panel.uasset" 694
"../../../../../../Users/kenph/Documents/Github/Studio3_Team3/Team3Game/Content/StarterContent/Materials/M_Water_Lake.uasset" 695
"../../../../../../Users/kenph/Documents/Github/Studio3_Team3/Team3Game/Content/StarterContent/Textures/T_Water_M.uasset" 696
"../../../../../../Users/kenph/Documents/Github/Studio3_Team3/Team3Game/Content/StarterContent/Materials/M_Water_Ocean.uasset" 697
"../../../../../../Users/kenph/Documents/Github/Studio3_Team3/Team3Game/Content/StarterContent/Textures/T_Wood_Floor_Walnut_D.uasset" 698
"../../../../../../Users/kenph/Documents/Github/Studio3_Team3/Team3Game/Content/StarterContent/Textures/T_Wood_Floor_Walnut_M.uasset" 699
"../../../../../../Users/kenph/Documents/Github/Studio3_Team3/Team3Game/Content/StarterContent/Textures/T_Wood_Floor_Walnut_N.uasset" 700
"../../../../../../Users/kenph/Documents/Github/Studio3_Team3/Team3Game/Content/StarterContent/Materials/M_Wood_Floor_Walnut_Polished.uasset" 701
"../../../Engine/Content/Functions/Engine_MaterialFunctions01/Opacity/AlphaOffset.uasset" 702
"../../../../../../Users/kenph/Documents/Github/Studio3_Team3/Team3Game/Content/StarterContent/Materials/M_Wood_Floor_Walnut_Worn.uasset" 703
"../../../../../../Users/kenph/Documents/Github/Studio3_Team3/Team3Game/Content/StarterContent/Textures/T_Wood_Oak_D.uasset" 704
"../../../../../../Users/kenph/Documents/Github/Studio3_Team3/Team3Game/Content/StarterContent/Textures/T_Wood_Oak_N.uasset" 705
"../../../../../../Users/kenph/Documents/Github/Studio3_Team3/Team3Game/Content/StarterContent/Materials/M_Wood_Oak.uasset" 706
"../../../../../../Users/kenph/Documents/Github/Studio3_Team3/Team3Game/Content/StarterContent/Textures/T_Wood_Pine_D.uasset" 707
"../../../../../../Users/kenph/Documents/Github/Studio3_Team3/Team3Game/Content/StarterContent/Textures/T_Wood_Pine_N.uasset" 708
"../../../../../../Users/kenph/Documents/Github/Studio3_Team3/Team3Game/Content/StarterContent/Materials/M_Wood_Pine.uasset" 709
"../../../../../../Users/kenph/Documents/Github/Studio3_Team3/Team3Game/Content/StarterContent/Textures/T_Wood_Walnut_D.uasset" 710
"../../../../../../Users/kenph/Documents/Github/Studio3_Team3/Team3Game/Content/StarterContent/Textures/T_Wood_Walnut_N.uasset" 711
"../../../../../../Users/kenph/Documents/Github/Studio3_Team3/Team3Game/Content/StarterContent/Materials/M_Wood_Walnut.uasset" 712
"../../../../../../Users/kenph/Documents/Github/Studio3_Team3/Team3Game/Content/StarterContent/Architecture/Wall_400x200.uasset" 713
"../../../../../../Users/kenph/Documents/Github/Studio3_Team3/Team3Game/Content/StarterContent/Architecture/Wall_Door_400x300.uasset" 714
"../../../../../../Users/kenph/Documents/Github/Studio3_Team3/Team3Game/Content/StarterContent/Architecture/Wall_Window_400x300.uasset" 715
"../../../../../../Users/kenph/Documents/Github/Studio3_Team3/Team3Game/Content/StarterContent/Audio/Collapse_Cue.uasset" 716
"../../../../../../Users/kenph/Documents/Github/Studio3_Team3/Team3Game/Content/StarterContent/Audio/Starter_Music_Cue.uasset" 717
"../../../../../../Users/kenph/Documents/Github/Studio3_Team3/Team3Game/Content/StarterContent/Textures/T_Dust_Particle_D.uasset" 718
"../../../../../../Users/kenph/Documents/Github/Studio3_Team3/Team3Game/Content/StarterContent/Particles/Materials/M_Dust_Particle.uasset" 719
"../../../../../../Users/kenph/Documents/Github/Studio3_Team3/Team3Game/Content/StarterContent/Particles/P_Ambient_Dust.uasset" 720
"../../../../../../Users/kenph/Documents/Github/Studio3_Team3/Team3Game/Content/StarterContent/Props/MaterialSphere.uasset" 721
"../../../../../../Users/kenph/Documents/Github/Studio3_Team3/Team3Game/Content/StarterContent/Textures/T_Frame_M.uasset" 722
"../../../../../../Users/kenph/Documents/Github/Studio3_Team3/Team3Game/Content/StarterContent/Textures/T_Frame_N.uasset" 723
"../../../../../../Users/kenph/Documents/Github/Studio3_Team3/Team3Game/Content/StarterContent/Props/Materials/M_Frame.uasset" 724
"../../../../../../Users/kenph/Documents/Github/Studio3_Team3/Team3Game/Content/StarterContent/Props/SM_CornerFrame.uasset" 725
"../../../../../../Users/kenph/Documents/Github/Studio3_Team3/Team3Game/Content/StarterContent/Props/SM_DoorFrame.uasset" 726
"../../../../../../Users/kenph/Documents/Github/Studio3_Team3/Team3Game/Content/StarterContent/Props/SM_GlassWindow.uasset" 727
"../../../../../../Users/kenph/Documents/Github/Studio3_Team3/Team3Game/Content/StarterContent/Props/SM_PillarFrame.uasset" 728
"../../../../../../Users/kenph/Documents/Github/Studio3_Team3/Team3Game/Content/StarterContent/Props/SM_PillarFrame300.uasset" 729
"../../../../../../Users/kenph/Documents/Github/Studio3_Team3/Team3Game/Content/StarterContent/Props/SM_WindowFrame.uasset" 730
"../../../../../../Users/kenph/Documents/Github/Studio3_Team3/Team3Game/Content/StarterContent/Shapes/Shape_Cube.uasset" 731
"../../../../../../Users/kenph/Documents/Github/Studio3_Team3/Team3Game/Content/StarterContent/Shapes/Shape_QuadPyramid.uasset" 732
"../../../../../../Users/kenph/Documents/Github/Studio3_Team3/Team3Game/Content/StarterContent/Shapes/Shape_Sphere.uasset" 733
"../../../../../../Users/kenph/Documents/Github/Studio3_Team3/Team3Game/Content/StarterContent/Maps/StarterMap.umap" 734
"../../../Engine/Content/Maps/Entry_BuiltData.uasset" 735
"../../../Engine/Content/Maps/Entry.umap" 736
